#
# There is insufficient memory for the Java Runtime Environment to continue.
# Native memory allocation (mmap) failed to map 266338304 bytes for G1 virtual space
# Possible reasons:
#   The system is out of physical RAM or swap space
#   The process is running with CompressedOops enabled, and the Java Heap may be blocking the growth of the native heap
# Possible solutions:
#   Reduce memory load on the system
#   Increase physical memory or swap space
#   Check if swap backing store is full
#   Decrease Java heap size (-Xmx/-Xms)
#   Decrease number of Java threads
#   Decrease Java thread stack sizes (-Xss)
#   Set larger code cache with -XX:ReservedCodeCacheSize=
#   JVM is running with Unscaled Compressed Oops mode in which the Java heap is
#     placed in the first 4GB address space. The Java Heap base address is the
#     maximum limit for the native heap growth. Please use -XX:HeapBaseMinAddress
#     to set the Java Heap base and to place the Java Heap above 4GB virtual address.
# This output file may be truncated or incomplete.
#
#  Out of Memory Error (os_windows.cpp:3532), pid=10924, tid=11192
#
# JRE version: Java(TM) SE Runtime Environment (17.0.2+8) (build 17.0.2+8-LTS-86)
# Java VM: Java HotSpot(TM) 64-Bit Server VM (17.0.2+8-LTS-86, mixed mode, emulated-client, sharing, tiered, compressed oops, compressed class ptrs, g1 gc, windows-amd64)
# No core dump will be written. Minidumps are not enabled by default on client versions of Windows
#

---------------  S U M M A R Y ------------

Command Line: -Dquarkus-internal.serialized-app-model.path=C:\Users\ANNA\IdeaProjects\quarkus-hibernate-orm-panache-entity\target\quarkus\bootstrap\dev-app-model.dat -javaagent:C:\Users\ANNA\.m2\repository\io\quarkus\quarkus-class-change-agent\2.7.5.Final\quarkus-class-change-agent-2.7.5.Final.jar -XX:TieredStopAtLevel=1 -agentlib:jdwp=transport=dt_socket,address=localhost:5005,server=y,suspend=n -Djava.util.logging.manager=org.jboss.logmanager.LogManager C:\Users\ANNA\IdeaProjects\quarkus-hibernate-orm-panache-entity\target\quarkus-hibernate-orm-panache-entity-dev.jar

Host: AMD Ryzen 3 3200U with Radeon Vega Mobile Gfx  , 4 cores, 5G,  Windows 10 , 64 bit Build 19041 (10.0.19041.1566)
Time: Sat Apr  9 23:30:42 2022 RTZ 4 (s 10 , 64 bit Build 19041 (10.0.19041.1566) elapsed time: 4.157332 seconds (0d 0h 0m 4s)

---------------  T H R E A D  ---------------

Current thread (0x000002606d3aeff0):  VMThread "VM Thread" [stack: 0x000000b986200000,0x000000b986300000] [id=11192]

Stack: [0x000000b986200000,0x000000b986300000]
Native frames: (J=compiled Java code, j=interpreted, Vv=VM code, C=native code)
V  [jvm.dll+0x670baa]
V  [jvm.dll+0x7cfcb4]
V  [jvm.dll+0x7d145e]
V  [jvm.dll+0x7d1ac3]
V  [jvm.dll+0x242bc5]
V  [jvm.dll+0x66dac9]
V  [jvm.dll+0x662412]
V  [jvm.dll+0x300c0b]
V  [jvm.dll+0x3081a6]
V  [jvm.dll+0x357d0e]
V  [jvm.dll+0x357f3f]
V  [jvm.dll+0x2d7ec8]
V  [jvm.dll+0x2d6194]
V  [jvm.dll+0x2d579c]
V  [jvm.dll+0x3190eb]
V  [jvm.dll+0x7d5f9b]
V  [jvm.dll+0x7d6cd4]
V  [jvm.dll+0x7d71ec]
V  [jvm.dll+0x7d75c4]
V  [jvm.dll+0x7d7690]
V  [jvm.dll+0x77ff7a]
V  [jvm.dll+0x66fa35]
C  [ucrtbase.dll+0x21bb2]
C  [KERNEL32.DLL+0x17034]
C  [ntdll.dll+0x52651]

VM_Operation (0x000000b9888ff030): G1CollectForAllocation, mode: safepoint, requested by thread 0x00000260005aa440


---------------  P R O C E S S  ---------------

Threads class SMR info:
_java_thread_list=0x0000026001e7c7f0, length=121, elements={
0x000002606d2df790, 0x000002606d3b4b60, 0x000002606d3b59d0, 0x000002607d64b040,
0x000002607d64f9e0, 0x000002607d651b50, 0x000002607d6528b0, 0x000002607d658b50,
0x000002607d65d160, 0x000002606d39ca70, 0x000002607e138280, 0x000002607d71d910,
0x000002607e605fc0, 0x000002607e607e70, 0x000002607e60a670, 0x00000260005a5b40,
0x000002600066c0e0, 0x0000026000b20bf0, 0x0000026000916170, 0x00000260005ac120,
0x00000260005ab780, 0x00000260005acf90, 0x00000260005ab2b0, 0x00000260005aade0,
0x00000260005abc50, 0x00000260005ad460, 0x00000260005ac5f0, 0x00000260005a9aa0,
0x00000260005acac0, 0x00000260005aa440, 0x00000260005aa910, 0x0000026000ee3790,
0x0000026000ee4130, 0x0000026000ee9300, 0x0000026000ee2920, 0x0000026000ee7150,
0x0000026000ee8490, 0x0000026000ee8960, 0x0000026000ee62e0, 0x0000026000ee6c80,
0x0000026000ee67b0, 0x0000026000ee3c60, 0x0000026000ee7fc0, 0x0000026000ee4600,
0x0000026000ee8e30, 0x0000026000ee4ad0, 0x0000026000ee5470, 0x0000026000ee7620,
0x0000026000ee4fa0, 0x0000026000ee97d0, 0x0000026000ee1f80, 0x0000026000ee5940,
0x0000026000ee2df0, 0x0000026000ee2450, 0x0000026000ee32c0, 0x0000026000ee5e10,
0x0000026000f62480, 0x0000026000f5ef90, 0x0000026000f63c90, 0x0000026000f5e120,
0x0000026000f60c70, 0x0000026000f64630, 0x0000026000f5fe00, 0x0000026000f64160,
0x0000026000f5e5f0, 0x0000026000f632f0, 0x0000026000f602d0, 0x0000026000f61140,
0x0000026000f5eac0, 0x0000026000f64b00, 0x0000026000f65970, 0x0000026000f62950,
0x0000026000f5f930, 0x0000026000f5f460, 0x0000026000f61610, 0x0000026000f607a0,
0x0000026000f61fb0, 0x0000026000f62e20, 0x0000026000ba0550, 0x0000026000b9da00,
0x0000026000b9ded0, 0x0000026000b9e870, 0x0000026000ba0a20, 0x0000026000ba3f10,
0x0000026000b9d060, 0x0000026000ba3a40, 0x0000026000ba3570, 0x0000026000ba0ef0,
0x0000026000ba1890, 0x0000026000ba30a0, 0x0000026000ba2bd0, 0x0000026000ba43e0,
0x0000026000ba48b0, 0x0000026000b9d530, 0x0000026000b9e3a0, 0x0000026000ba1d60,
0x0000026000b9ed40, 0x0000026000b9f210, 0x0000026000ba2230, 0x0000026000ba0080,
0x0000026000b9f6e0, 0x0000026000b9fbb0, 0x0000026000ba2700, 0x0000026001350570,
0x000002600134f230, 0x00000260013518b0, 0x000002600134f700, 0x000002600134fbd0,
0x00000260013500a0, 0x000002600134e3c0, 0x00000260013513e0, 0x0000026001353590,
0x0000026001351d80, 0x00000260013530c0, 0x0000026001350a40, 0x0000026001353a60,
0x000002600134e890, 0x0000026001353f30, 0x0000026001350f10, 0x000002600134cbb0,
0x0000026001352250
}

Java Threads: ( => current thread )
  0x000002606d2df790 JavaThread "main" [_thread_blocked, id=4688, stack(0x000000b985c00000,0x000000b985d00000)]
  0x000002606d3b4b60 JavaThread "Reference Handler" daemon [_thread_blocked, id=2796, stack(0x000000b986300000,0x000000b986400000)]
  0x000002606d3b59d0 JavaThread "Finalizer" daemon [_thread_blocked, id=3552, stack(0x000000b986400000,0x000000b986500000)]
  0x000002607d64b040 JavaThread "Signal Dispatcher" daemon [_thread_blocked, id=2684, stack(0x000000b986500000,0x000000b986600000)]
  0x000002607d64f9e0 JavaThread "Attach Listener" daemon [_thread_blocked, id=1704, stack(0x000000b986600000,0x000000b986700000)]
  0x000002607d651b50 JavaThread "Service Thread" daemon [_thread_blocked, id=7152, stack(0x000000b986700000,0x000000b986800000)]
  0x000002607d6528b0 JavaThread "Monitor Deflation Thread" daemon [_thread_blocked, id=1292, stack(0x000000b986800000,0x000000b986900000)]
  0x000002607d658b50 JavaThread "C1 CompilerThread0" daemon [_thread_blocked, id=9344, stack(0x000000b986900000,0x000000b986a00000)]
  0x000002607d65d160 JavaThread "Sweeper thread" daemon [_thread_blocked, id=8948, stack(0x000000b986a00000,0x000000b986b00000)]
  0x000002606d39ca70 JavaThread "Common-Cleaner" daemon [_thread_blocked, id=9904, stack(0x000000b986b00000,0x000000b986c00000)]
  0x000002607e138280 JavaThread "C1 CompilerThread1" daemon [_thread_blocked, id=10364, stack(0x000000b986c00000,0x000000b986d00000)]
  0x000002607d71d910 JavaThread "C1 CompilerThread2" daemon [_thread_blocked, id=240, stack(0x000000b986d00000,0x000000b986e00000)]
  0x000002607e605fc0 JavaThread "JDWP Transport Listener: dt_socket" daemon [_thread_in_native, id=9812, stack(0x000000b986e00000,0x000000b986f00000)]
  0x000002607e607e70 JavaThread "JDWP Event Helper Thread" daemon [_thread_blocked, id=6640, stack(0x000000b986f00000,0x000000b987000000)]
  0x000002607e60a670 JavaThread "Notification Thread" daemon [_thread_blocked, id=10276, stack(0x000000b987000000,0x000000b987100000)]
  0x00000260005a5b40 JavaThread "Quarkus Devmode keep alive thread" [_thread_blocked, id=5544, stack(0x000000b987800000,0x000000b987900000)]
  0x000002600066c0e0 JavaThread "ForkJoinPool.commonPool-worker-1" daemon [_thread_blocked, id=12092, stack(0x000000b987900000,0x000000b987a00000)]
  0x0000026000b20bf0 JavaThread "build-1" [_thread_blocked, id=1104, stack(0x000000b987a00000,0x000000b987b00000)]
  0x0000026000916170 JavaThread "build-2" [_thread_blocked, id=9188, stack(0x000000b987b00000,0x000000b987c00000)]
  0x00000260005ac120 JavaThread "build-5" [_thread_blocked, id=10892, stack(0x000000b987e00000,0x000000b987f00000)]
  0x00000260005ab780 JavaThread "build-6" [_thread_blocked, id=12164, stack(0x000000b987f00000,0x000000b988000000)]
  0x00000260005acf90 JavaThread "build-7" [_thread_blocked, id=4892, stack(0x000000b988000000,0x000000b988100000)]
  0x00000260005ab2b0 JavaThread "build-8" [_thread_blocked, id=11136, stack(0x000000b988100000,0x000000b988200000)]
  0x00000260005aade0 JavaThread "build-9" [_thread_blocked, id=8724, stack(0x000000b988200000,0x000000b988300000)]
  0x00000260005abc50 JavaThread "build-10" [_thread_blocked, id=10088, stack(0x000000b988300000,0x000000b988400000)]
  0x00000260005ad460 JavaThread "build-11" [_thread_blocked, id=4568, stack(0x000000b988400000,0x000000b988500000)]
  0x00000260005ac5f0 JavaThread "build-12" [_thread_blocked, id=10024, stack(0x000000b988500000,0x000000b988600000)]
  0x00000260005a9aa0 JavaThread "build-13" [_thread_blocked, id=1452, stack(0x000000b988600000,0x000000b988700000)]
  0x00000260005acac0 JavaThread "build-14" [_thread_blocked, id=10360, stack(0x000000b988700000,0x000000b988800000)]
  0x00000260005aa440 JavaThread "build-15" [_thread_blocked, id=7828, stack(0x000000b988800000,0x000000b988900000)]
  0x00000260005aa910 JavaThread "build-16" [_thread_blocked, id=5276, stack(0x000000b988900000,0x000000b988a00000)]
  0x0000026000ee3790 JavaThread "build-17" [_thread_blocked, id=8108, stack(0x000000b988a00000,0x000000b988b00000)]
  0x0000026000ee4130 JavaThread "build-18" [_thread_blocked, id=9836, stack(0x000000b988b00000,0x000000b988c00000)]
  0x0000026000ee9300 JavaThread "build-19" [_thread_blocked, id=7272, stack(0x000000b988c00000,0x000000b988d00000)]
  0x0000026000ee2920 JavaThread "build-20" [_thread_blocked, id=10244, stack(0x000000b988d00000,0x000000b988e00000)]
  0x0000026000ee7150 JavaThread "build-21" [_thread_blocked, id=11352, stack(0x000000b988e00000,0x000000b988f00000)]
  0x0000026000ee8490 JavaThread "build-22" [_thread_blocked, id=8916, stack(0x000000b988f00000,0x000000b989000000)]
  0x0000026000ee8960 JavaThread "build-23" [_thread_blocked, id=8952, stack(0x000000b989000000,0x000000b989100000)]
  0x0000026000ee62e0 JavaThread "build-24" [_thread_blocked, id=9208, stack(0x000000b989100000,0x000000b989200000)]
  0x0000026000ee6c80 JavaThread "build-25" [_thread_blocked, id=11432, stack(0x000000b989200000,0x000000b989300000)]
  0x0000026000ee67b0 JavaThread "build-26" [_thread_blocked, id=720, stack(0x000000b989300000,0x000000b989400000)]
  0x0000026000ee3c60 JavaThread "build-27" [_thread_blocked, id=6368, stack(0x000000b989400000,0x000000b989500000)]
  0x0000026000ee7fc0 JavaThread "build-29" [_thread_blocked, id=9476, stack(0x000000b989600000,0x000000b989700000)]
  0x0000026000ee4600 JavaThread "build-30" [_thread_blocked, id=8308, stack(0x000000b989700000,0x000000b989800000)]
  0x0000026000ee8e30 JavaThread "build-31" [_thread_blocked, id=3416, stack(0x000000b989800000,0x000000b989900000)]
  0x0000026000ee4ad0 JavaThread "build-32" [_thread_blocked, id=11012, stack(0x000000b989900000,0x000000b989a00000)]
  0x0000026000ee5470 JavaThread "build-33" [_thread_blocked, id=11196, stack(0x000000b989a00000,0x000000b989b00000)]
  0x0000026000ee7620 JavaThread "build-34" [_thread_blocked, id=5948, stack(0x000000b989b00000,0x000000b989c00000)]
  0x0000026000ee4fa0 JavaThread "build-35" [_thread_blocked, id=5520, stack(0x000000b989c00000,0x000000b989d00000)]
  0x0000026000ee97d0 JavaThread "build-36" [_thread_blocked, id=10124, stack(0x000000b989d00000,0x000000b989e00000)]
  0x0000026000ee1f80 JavaThread "build-37" [_thread_blocked, id=5900, stack(0x000000b989e00000,0x000000b989f00000)]
  0x0000026000ee5940 JavaThread "build-38" [_thread_blocked, id=11336, stack(0x000000b989f00000,0x000000b98a000000)]
  0x0000026000ee2df0 JavaThread "build-39" [_thread_blocked, id=11380, stack(0x000000b98a000000,0x000000b98a100000)]
  0x0000026000ee2450 JavaThread "build-40" [_thread_blocked, id=8572, stack(0x000000b98a100000,0x000000b98a200000)]
  0x0000026000ee32c0 JavaThread "build-41" [_thread_blocked, id=5572, stack(0x000000b98a200000,0x000000b98a300000)]
  0x0000026000ee5e10 JavaThread "build-42" [_thread_blocked, id=10184, stack(0x000000b98a300000,0x000000b98a400000)]
  0x0000026000f62480 JavaThread "build-43" [_thread_blocked, id=3172, stack(0x000000b98a400000,0x000000b98a500000)]
  0x0000026000f5ef90 JavaThread "build-46" [_thread_blocked, id=504, stack(0x000000b98a700000,0x000000b98a800000)]
  0x0000026000f63c90 JavaThread "build-47" [_thread_blocked, id=9680, stack(0x000000b98a800000,0x000000b98a900000)]
  0x0000026000f5e120 JavaThread "build-48" [_thread_blocked, id=4996, stack(0x000000b98a900000,0x000000b98aa00000)]
  0x0000026000f60c70 JavaThread "build-49" [_thread_blocked, id=5000, stack(0x000000b98aa00000,0x000000b98ab00000)]
  0x0000026000f64630 JavaThread "build-50" [_thread_blocked, id=9876, stack(0x000000b98ab00000,0x000000b98ac00000)]
  0x0000026000f5fe00 JavaThread "build-52" [_thread_blocked, id=7244, stack(0x000000b98ad00000,0x000000b98ae00000)]
  0x0000026000f64160 JavaThread "build-53" [_thread_blocked, id=1128, stack(0x000000b98ae00000,0x000000b98af00000)]
  0x0000026000f5e5f0 JavaThread "build-54" [_thread_blocked, id=3332, stack(0x000000b98af00000,0x000000b98b000000)]
  0x0000026000f632f0 JavaThread "build-55" [_thread_blocked, id=12020, stack(0x000000b98b000000,0x000000b98b100000)]
  0x0000026000f602d0 JavaThread "build-56" [_thread_blocked, id=6200, stack(0x000000b98b100000,0x000000b98b200000)]
  0x0000026000f61140 JavaThread "build-57" [_thread_blocked, id=704, stack(0x000000b98b200000,0x000000b98b300000)]
  0x0000026000f5eac0 JavaThread "build-58" [_thread_blocked, id=8064, stack(0x000000b98b300000,0x000000b98b400000)]
  0x0000026000f64b00 JavaThread "build-60" [_thread_blocked, id=6612, stack(0x000000b98b500000,0x000000b98b600000)]
  0x0000026000f65970 JavaThread "build-61" [_thread_blocked, id=1852, stack(0x000000b98b600000,0x000000b98b700000)]
  0x0000026000f62950 JavaThread "build-62" [_thread_blocked, id=6076, stack(0x000000b98b700000,0x000000b98b800000)]
  0x0000026000f5f930 JavaThread "build-63" [_thread_blocked, id=10328, stack(0x000000b98b800000,0x000000b98b900000)]
  0x0000026000f5f460 JavaThread "build-64" [_thread_blocked, id=10448, stack(0x000000b98b900000,0x000000b98ba00000)]
  0x0000026000f61610 JavaThread "build-65" [_thread_blocked, id=6592, stack(0x000000b98ba00000,0x000000b98bb00000)]
  0x0000026000f607a0 JavaThread "build-66" [_thread_blocked, id=10052, stack(0x000000b98bb00000,0x000000b98bc00000)]
  0x0000026000f61fb0 JavaThread "build-67" [_thread_blocked, id=2220, stack(0x000000b98bc00000,0x000000b98bd00000)]
  0x0000026000f62e20 JavaThread "build-68" [_thread_blocked, id=9132, stack(0x000000b98bd00000,0x000000b98be00000)]
  0x0000026000ba0550 JavaThread "build-69" [_thread_blocked, id=7268, stack(0x000000b98be00000,0x000000b98bf00000)]
  0x0000026000b9da00 JavaThread "build-70" [_thread_blocked, id=11320, stack(0x000000b98bf00000,0x000000b98c000000)]
  0x0000026000b9ded0 JavaThread "build-71" [_thread_blocked, id=9336, stack(0x000000b98c000000,0x000000b98c100000)]
  0x0000026000b9e870 JavaThread "build-72" [_thread_blocked, id=2852, stack(0x000000b98c100000,0x000000b98c200000)]
  0x0000026000ba0a20 JavaThread "build-73" [_thread_blocked, id=7096, stack(0x000000b98c200000,0x000000b98c300000)]
  0x0000026000ba3f10 JavaThread "build-74" [_thread_blocked, id=12116, stack(0x000000b98c300000,0x000000b98c400000)]
  0x0000026000b9d060 JavaThread "build-76" [_thread_blocked, id=6320, stack(0x000000b98c500000,0x000000b98c600000)]
  0x0000026000ba3a40 JavaThread "build-77" [_thread_blocked, id=5960, stack(0x000000b98c600000,0x000000b98c700000)]
  0x0000026000ba3570 JavaThread "build-78" [_thread_blocked, id=10856, stack(0x000000b98c700000,0x000000b98c800000)]
  0x0000026000ba0ef0 JavaThread "build-79" [_thread_blocked, id=3052, stack(0x000000b98c800000,0x000000b98c900000)]
  0x0000026000ba1890 JavaThread "build-80" [_thread_blocked, id=8132, stack(0x000000b98c900000,0x000000b98ca00000)]
  0x0000026000ba30a0 JavaThread "build-81" [_thread_blocked, id=2704, stack(0x000000b98ca00000,0x000000b98cb00000)]
  0x0000026000ba2bd0 JavaThread "build-82" [_thread_blocked, id=3968, stack(0x000000b98cb00000,0x000000b98cc00000)]
  0x0000026000ba43e0 JavaThread "build-83" [_thread_blocked, id=7132, stack(0x000000b98cc00000,0x000000b98cd00000)]
  0x0000026000ba48b0 JavaThread "build-84" [_thread_blocked, id=8432, stack(0x000000b98cd00000,0x000000b98ce00000)]
  0x0000026000b9d530 JavaThread "build-85" [_thread_blocked, id=1428, stack(0x000000b98ce00000,0x000000b98cf00000)]
  0x0000026000b9e3a0 JavaThread "build-86" [_thread_blocked, id=12108, stack(0x000000b98cf00000,0x000000b98d000000)]
  0x0000026000ba1d60 JavaThread "build-87" [_thread_blocked, id=6812, stack(0x000000b98d000000,0x000000b98d100000)]
  0x0000026000b9ed40 JavaThread "build-88" [_thread_blocked, id=10540, stack(0x000000b98d100000,0x000000b98d200000)]
  0x0000026000b9f210 JavaThread "build-89" [_thread_blocked, id=3856, stack(0x000000b98d200000,0x000000b98d300000)]
  0x0000026000ba2230 JavaThread "build-90" [_thread_blocked, id=5364, stack(0x000000b98d300000,0x000000b98d400000)]
  0x0000026000ba0080 JavaThread "build-91" [_thread_blocked, id=6648, stack(0x000000b98d400000,0x000000b98d500000)]
  0x0000026000b9f6e0 JavaThread "build-92" [_thread_blocked, id=1468, stack(0x000000b98d500000,0x000000b98d600000)]
  0x0000026000b9fbb0 JavaThread "build-93" [_thread_blocked, id=8868, stack(0x000000b98d600000,0x000000b98d700000)]
  0x0000026000ba2700 JavaThread "build-94" [_thread_blocked, id=1156, stack(0x000000b98d700000,0x000000b98d800000)]
  0x0000026001350570 JavaThread "build-95" [_thread_blocked, id=9376, stack(0x000000b98d800000,0x000000b98d900000)]
  0x000002600134f230 JavaThread "build-96" [_thread_blocked, id=6504, stack(0x000000b98d900000,0x000000b98da00000)]
  0x00000260013518b0 JavaThread "build-97" [_thread_blocked, id=11704, stack(0x000000b98da00000,0x000000b98db00000)]
  0x000002600134f700 JavaThread "build-98" [_thread_blocked, id=6896, stack(0x000000b98db00000,0x000000b98dc00000)]
  0x000002600134fbd0 JavaThread "build-99" [_thread_blocked, id=5684, stack(0x000000b98dc00000,0x000000b98dd00000)]
  0x00000260013500a0 JavaThread "build-100" [_thread_blocked, id=11092, stack(0x000000b98dd00000,0x000000b98de00000)]
  0x000002600134e3c0 JavaThread "build-101" [_thread_blocked, id=10736, stack(0x000000b98de00000,0x000000b98df00000)]
  0x00000260013513e0 JavaThread "build-102" [_thread_blocked, id=3680, stack(0x000000b98df00000,0x000000b98e000000)]
  0x0000026001353590 JavaThread "build-103" [_thread_blocked, id=11124, stack(0x000000b98e000000,0x000000b98e100000)]
  0x0000026001351d80 JavaThread "build-104" [_thread_blocked, id=5724, stack(0x000000b98e100000,0x000000b98e200000)]
  0x00000260013530c0 JavaThread "build-105" [_thread_blocked, id=9592, stack(0x000000b98e200000,0x000000b98e300000)]
  0x0000026001350a40 JavaThread "build-106" [_thread_blocked, id=8056, stack(0x000000b98e300000,0x000000b98e400000)]
  0x0000026001353a60 JavaThread "org.aesh.readline.terminal.impl.WinExternalTerminal@6e932653 input pump thread" daemon [_thread_in_native, id=10784, stack(0x000000b98e400000,0x000000b98e500000)]
  0x000002600134e890 JavaThread "Aesh InputStream Reader" daemon [_thread_blocked, id=4232, stack(0x000000b98e500000,0x000000b98e600000)]
  0x0000026001353f30 JavaThread "Quarkus Terminal Reader" daemon [_thread_blocked, id=8384, stack(0x000000b98e600000,0x000000b98e700000)]
  0x0000026001350f10 JavaThread "vertx-blocked-thread-checker" daemon [_thread_blocked, id=10852, stack(0x000000b98e700000,0x000000b98e800000)]
  0x000002600134cbb0 JavaThread "Thread-107" daemon [_thread_in_native, id=11400, stack(0x000000b98e800000,0x000000b98e900000)]
  0x0000026001352250 JavaThread "[DevConsole]vert.x-eventloop-thread-0" [_thread_in_native, id=6340, stack(0x000000b98e900000,0x000000b98ea00000)]

Other Threads:
=>0x000002606d3aeff0 VMThread "VM Thread" [stack: 0x000000b986200000,0x000000b986300000] [id=11192]
  0x000002606d32d350 WatcherThread [stack: 0x000000b987100000,0x000000b987200000] [id=1412]
  0x000002606d316800 GCTaskThread "GC Thread#0" [stack: 0x000000b985d00000,0x000000b985e00000] [id=10728]
  0x000002607e864940 GCTaskThread "GC Thread#1" [stack: 0x000000b987200000,0x000000b987300000] [id=4160]
  0x000002607e873f60 GCTaskThread "GC Thread#2" [stack: 0x000000b987300000,0x000000b987400000] [id=1720]
  0x000002607e874210 GCTaskThread "GC Thread#3" [stack: 0x000000b987400000,0x000000b987500000] [id=3088]
  0x000002606d3235c0 ConcurrentGCThread "G1 Main Marker" [stack: 0x000000b985e00000,0x000000b985f00000] [id=7900]
  0x000002606d324770 ConcurrentGCThread "G1 Conc#0" [stack: 0x000000b985f00000,0x000000b986000000] [id=8040]
  0x000002606d3898d0 ConcurrentGCThread "G1 Refine#0" [stack: 0x000000b986000000,0x000000b986100000] [id=1004]
  0x000002607e8744c0 ConcurrentGCThread "G1 Refine#1" [stack: 0x000000b987500000,0x000000b987600000] [id=3728]
  0x000002607ed0e630 ConcurrentGCThread "G1 Refine#2" [stack: 0x000000b987600000,0x000000b987700000] [id=2384]
  0x00000260005a8f10 ConcurrentGCThread "G1 Refine#3" [stack: 0x000000b987700000,0x000000b987800000] [id=10500]
  0x000002606d38a2f0 ConcurrentGCThread "G1 Service" [stack: 0x000000b986100000,0x000000b986200000] [id=11748]

Threads with active compile tasks:
C1 CompilerThread0     4184 5510       1       org.jboss.threads.EnhancedQueueExecutor$PoolThreadNode::getNext (8 bytes)
C1 CompilerThread1     4184 5512       1       jdk.internal.misc.Unsafe::freeMemory (18 bytes)
C1 CompilerThread2     4184 5511       1       org.jboss.threads.EnhancedQueueExecutor::access$100 (5 bytes)

VM state: at safepoint (normal execution)

VM Mutex/Monitor currently owned by a thread:  ([mutex/lock_event])
[0x000002606d2db310] Threads_lock - owner thread: 0x000002606d3aeff0
[0x000002606d2dcb40] Heap_lock - owner thread: 0x00000260005aa440

Heap address: 0x00000000a0c00000, size: 1524 MB, Compressed Oops mode: 32-bit

CDS archive(s) mapped at: [0x0000000800000000-0x0000000800bc0000-0x0000000800bc0000), size 12320768, SharedBaseAddress: 0x0000000800000000, ArchiveRelocationMode: 0.
Compressed class space mapped at: 0x0000000800c00000-0x0000000840c00000, reserved size: 1073741824
Narrow klass base: 0x0000000800000000, Narrow klass shift: 0, Narrow klass range: 0x100000000

GC Precious Log:
 CPUs: 4 total, 4 available
 Memory: 6094M
 Large Page Support: Disabled
 NUMA Support: Disabled
 Compressed Oops: Enabled (32-bit)
 Heap Region Size: 1M
 Heap Min Capacity: 8M
 Heap Initial Capacity: 96M
 Heap Max Capacity: 1524M
 Pre-touch: Disabled
 Parallel Workers: 4
 Concurrent Workers: 1
 Concurrent Refinement Workers: 4
 Periodic GC: Disabled

Heap:
 garbage-first heap   total 196608K, used 60594K [0x00000000a0c00000, 0x0000000100000000)
  region size 1024K, 7 young (7168K), 7 survivors (7168K)
 Metaspace       used 32752K, committed 33280K, reserved 1081344K
  class space    used 4789K, committed 5056K, reserved 1048576K

Heap Regions: E=young(eden), S=young(survivor), O=old, HS=humongous(starts), HC=humongous(continues), CS=collection set, F=free, OA=open archive, CA=closed archive, TAMS=top-at-mark-start (previous, next)
|   0|0x00000000a0c00000, 0x00000000a0d00000, 0x00000000a0d00000|100%| O|  |TAMS 0x00000000a0d00000, 0x00000000a0d00000| Untracked 
|   1|0x00000000a0d00000, 0x00000000a0e00000, 0x00000000a0e00000|100%| O|  |TAMS 0x00000000a0e00000, 0x00000000a0e00000| Untracked 
|   2|0x00000000a0e00000, 0x00000000a0f00000, 0x00000000a0f00000|100%| O|  |TAMS 0x00000000a0f00000, 0x00000000a0f00000| Untracked 
|   3|0x00000000a0f00000, 0x00000000a1000000, 0x00000000a1000000|100%|HS|  |TAMS 0x00000000a1000000, 0x00000000a1000000| Complete 
|   4|0x00000000a1000000, 0x00000000a1100000, 0x00000000a1100000|100%|HS|  |TAMS 0x00000000a1100000, 0x00000000a1100000| Complete 
|   5|0x00000000a1100000, 0x00000000a1200000, 0x00000000a1200000|100%|HC|  |TAMS 0x00000000a1200000, 0x00000000a1200000| Complete 
|   6|0x00000000a1200000, 0x00000000a1300000, 0x00000000a1300000|100%| O|  |TAMS 0x00000000a1300000, 0x00000000a1300000| Untracked 
|   7|0x00000000a1300000, 0x00000000a1400000, 0x00000000a1400000|100%| O|  |TAMS 0x00000000a1400000, 0x00000000a1400000| Untracked 
|   8|0x00000000a1400000, 0x00000000a1500000, 0x00000000a1500000|100%| O|  |TAMS 0x00000000a1500000, 0x00000000a1500000| Untracked 
|   9|0x00000000a1500000, 0x00000000a1600000, 0x00000000a1600000|100%| O|  |TAMS 0x00000000a1600000, 0x00000000a1600000| Untracked 
|  10|0x00000000a1600000, 0x00000000a1700000, 0x00000000a1700000|100%| O|  |TAMS 0x00000000a1700000, 0x00000000a1700000| Untracked 
|  11|0x00000000a1700000, 0x00000000a1800000, 0x00000000a1800000|100%| O|  |TAMS 0x00000000a1800000, 0x00000000a1800000| Untracked 
|  12|0x00000000a1800000, 0x00000000a1900000, 0x00000000a1900000|100%| O|  |TAMS 0x00000000a1900000, 0x00000000a1900000| Untracked 
|  13|0x00000000a1900000, 0x00000000a1a00000, 0x00000000a1a00000|100%| O|  |TAMS 0x00000000a1a00000, 0x00000000a1a00000| Untracked 
|  14|0x00000000a1a00000, 0x00000000a1b00000, 0x00000000a1b00000|100%| O|  |TAMS 0x00000000a1b00000, 0x00000000a1b00000| Untracked 
|  15|0x00000000a1b00000, 0x00000000a1c00000, 0x00000000a1c00000|100%| O|  |TAMS 0x00000000a1c00000, 0x00000000a1c00000| Untracked 
|  16|0x00000000a1c00000, 0x00000000a1d00000, 0x00000000a1d00000|100%| O|  |TAMS 0x00000000a1d00000, 0x00000000a1d00000| Untracked 
|  17|0x00000000a1d00000, 0x00000000a1e00000, 0x00000000a1e00000|100%| O|  |TAMS 0x00000000a1e00000, 0x00000000a1e00000| Untracked 
|  18|0x00000000a1e00000, 0x00000000a1f00000, 0x00000000a1f00000|100%| O|  |TAMS 0x00000000a1f00000, 0x00000000a1f00000| Untracked 
|  19|0x00000000a1f00000, 0x00000000a2000000, 0x00000000a2000000|100%| O|  |TAMS 0x00000000a2000000, 0x00000000a2000000| Untracked 
|  20|0x00000000a2000000, 0x00000000a2100000, 0x00000000a2100000|100%| O|  |TAMS 0x00000000a2100000, 0x00000000a2100000| Untracked 
|  21|0x00000000a2100000, 0x00000000a2200000, 0x00000000a2200000|100%| O|  |TAMS 0x00000000a2200000, 0x00000000a2200000| Untracked 
|  22|0x00000000a2200000, 0x00000000a2300000, 0x00000000a2300000|100%| O|  |TAMS 0x00000000a2300000, 0x00000000a2300000| Untracked 
|  23|0x00000000a2300000, 0x00000000a2400000, 0x00000000a2400000|100%| O|  |TAMS 0x00000000a2400000, 0x00000000a2400000| Untracked 
|  24|0x00000000a2400000, 0x00000000a2400000, 0x00000000a2500000|  0%| F|  |TAMS 0x00000000a2400000, 0x00000000a2400000| Untracked 
|  25|0x00000000a2500000, 0x00000000a2600000, 0x00000000a2600000|100%| O|  |TAMS 0x00000000a2500000, 0x00000000a2600000| Untracked 
|  26|0x00000000a2600000, 0x00000000a2700000, 0x00000000a2700000|100%| O|  |TAMS 0x00000000a2700000, 0x00000000a2700000| Untracked 
|  27|0x00000000a2700000, 0x00000000a2800000, 0x00000000a2800000|100%| O|  |TAMS 0x00000000a2800000, 0x00000000a2800000| Untracked 
|  28|0x00000000a2800000, 0x00000000a2900000, 0x00000000a2900000|100%| O|  |TAMS 0x00000000a2900000, 0x00000000a2900000| Untracked 
|  29|0x00000000a2900000, 0x00000000a2a00000, 0x00000000a2a00000|100%| O|  |TAMS 0x00000000a2a00000, 0x00000000a2a00000| Untracked 
|  30|0x00000000a2a00000, 0x00000000a2b00000, 0x00000000a2b00000|100%| O|  |TAMS 0x00000000a2b00000, 0x00000000a2b00000| Untracked 
|  31|0x00000000a2b00000, 0x00000000a2c00000, 0x00000000a2c00000|100%| O|  |TAMS 0x00000000a2c00000, 0x00000000a2c00000| Untracked 
|  32|0x00000000a2c00000, 0x00000000a2d00000, 0x00000000a2d00000|100%| O|  |TAMS 0x00000000a2d00000, 0x00000000a2d00000| Untracked 
|  33|0x00000000a2d00000, 0x00000000a2e00000, 0x00000000a2e00000|100%| O|  |TAMS 0x00000000a2e00000, 0x00000000a2e00000| Untracked 
|  34|0x00000000a2e00000, 0x00000000a2f00000, 0x00000000a2f00000|100%| O|  |TAMS 0x00000000a2f00000, 0x00000000a2f00000| Untracked 
|  35|0x00000000a2f00000, 0x00000000a3000000, 0x00000000a3000000|100%| O|  |TAMS 0x00000000a3000000, 0x00000000a3000000| Untracked 
|  36|0x00000000a3000000, 0x00000000a3100000, 0x00000000a3100000|100%| O|  |TAMS 0x00000000a3100000, 0x00000000a3100000| Untracked 
|  37|0x00000000a3100000, 0x00000000a3200000, 0x00000000a3200000|100%| O|  |TAMS 0x00000000a3200000, 0x00000000a3200000| Untracked 
|  38|0x00000000a3200000, 0x00000000a3300000, 0x00000000a3300000|100%| O|  |TAMS 0x00000000a3300000, 0x00000000a3300000| Untracked 
|  39|0x00000000a3300000, 0x00000000a3400000, 0x00000000a3400000|100%| O|  |TAMS 0x00000000a3400000, 0x00000000a3400000| Untracked 
|  40|0x00000000a3400000, 0x00000000a3500000, 0x00000000a3500000|100%| O|  |TAMS 0x00000000a3500000, 0x00000000a3500000| Untracked 
|  41|0x00000000a3500000, 0x00000000a3600000, 0x00000000a3600000|100%| O|  |TAMS 0x00000000a3500000, 0x00000000a3600000| Untracked 
|  42|0x00000000a3600000, 0x00000000a3700000, 0x00000000a3700000|100%| O|  |TAMS 0x00000000a3600000, 0x00000000a3700000| Untracked 
|  43|0x00000000a3700000, 0x00000000a3800000, 0x00000000a3800000|100%| O|  |TAMS 0x00000000a3700000, 0x00000000a3800000| Untracked 
|  44|0x00000000a3800000, 0x00000000a3900000, 0x00000000a3900000|100%| O|  |TAMS 0x00000000a3800000, 0x00000000a3900000| Untracked 
|  45|0x00000000a3900000, 0x00000000a3a00000, 0x00000000a3a00000|100%| O|  |TAMS 0x00000000a3900000, 0x00000000a3a00000| Untracked 
|  46|0x00000000a3a00000, 0x00000000a3b00000, 0x00000000a3b00000|100%| O|  |TAMS 0x00000000a3a00000, 0x00000000a3b00000| Untracked 
|  47|0x00000000a3b00000, 0x00000000a3c00000, 0x00000000a3c00000|100%| O|  |TAMS 0x00000000a3b00000, 0x00000000a3c00000| Untracked 
|  48|0x00000000a3c00000, 0x00000000a3d00000, 0x00000000a3d00000|100%| O|  |TAMS 0x00000000a3c00000, 0x00000000a3d00000| Untracked 
|  49|0x00000000a3d00000, 0x00000000a3e00000, 0x00000000a3e00000|100%| O|  |TAMS 0x00000000a3d00000, 0x00000000a3e00000| Untracked 
|  50|0x00000000a3e00000, 0x00000000a3f00000, 0x00000000a3f00000|100%| O|  |TAMS 0x00000000a3e00000, 0x00000000a3f00000| Untracked 
|  51|0x00000000a3f00000, 0x00000000a4000000, 0x00000000a4000000|100%| O|  |TAMS 0x00000000a3f00000, 0x00000000a4000000| Untracked 
|  52|0x00000000a4000000, 0x00000000a4100000, 0x00000000a4100000|100%| O|  |TAMS 0x00000000a4000000, 0x00000000a4100000| Untracked 
|  53|0x00000000a4100000, 0x00000000a41b7000, 0x00000000a4200000| 71%| O|  |TAMS 0x00000000a4100000, 0x00000000a41b7000| Untracked 
|  54|0x00000000a4200000, 0x00000000a4200000, 0x00000000a4300000|  0%| F|  |TAMS 0x00000000a4200000, 0x00000000a4200000| Untracked 
|  55|0x00000000a4300000, 0x00000000a4300000, 0x00000000a4400000|  0%| F|  |TAMS 0x00000000a4300000, 0x00000000a4300000| Untracked 
|  56|0x00000000a4400000, 0x00000000a4400000, 0x00000000a4500000|  0%| F|  |TAMS 0x00000000a4400000, 0x00000000a4400000| Untracked 
|  57|0x00000000a4500000, 0x00000000a4500000, 0x00000000a4600000|  0%| F|  |TAMS 0x00000000a4500000, 0x00000000a4500000| Untracked 
|  58|0x00000000a4600000, 0x00000000a4600000, 0x00000000a4700000|  0%| F|  |TAMS 0x00000000a4600000, 0x00000000a4600000| Untracked 
|  59|0x00000000a4700000, 0x00000000a4700000, 0x00000000a4800000|  0%| F|  |TAMS 0x00000000a4700000, 0x00000000a4700000| Untracked 
|  60|0x00000000a4800000, 0x00000000a4800000, 0x00000000a4900000|  0%| F|  |TAMS 0x00000000a4800000, 0x00000000a4800000| Untracked 
|  61|0x00000000a4900000, 0x00000000a4900000, 0x00000000a4a00000|  0%| F|  |TAMS 0x00000000a4900000, 0x00000000a4900000| Untracked 
|  62|0x00000000a4a00000, 0x00000000a4a00000, 0x00000000a4b00000|  0%| F|  |TAMS 0x00000000a4a00000, 0x00000000a4a00000| Untracked 
|  63|0x00000000a4b00000, 0x00000000a4b00000, 0x00000000a4c00000|  0%| F|  |TAMS 0x00000000a4b00000, 0x00000000a4b00000| Untracked 
|  64|0x00000000a4c00000, 0x00000000a4c00000, 0x00000000a4d00000|  0%| F|  |TAMS 0x00000000a4c00000, 0x00000000a4c00000| Untracked 
|  65|0x00000000a4d00000, 0x00000000a4d00000, 0x00000000a4e00000|  0%| F|  |TAMS 0x00000000a4d00000, 0x00000000a4d00000| Untracked 
|  66|0x00000000a4e00000, 0x00000000a4e00000, 0x00000000a4f00000|  0%| F|  |TAMS 0x00000000a4e00000, 0x00000000a4e00000| Untracked 
|  67|0x00000000a4f00000, 0x00000000a4f00000, 0x00000000a5000000|  0%| F|  |TAMS 0x00000000a4f00000, 0x00000000a4f00000| Untracked 
|  68|0x00000000a5000000, 0x00000000a5000000, 0x00000000a5100000|  0%| F|  |TAMS 0x00000000a5000000, 0x00000000a5000000| Untracked 
|  69|0x00000000a5100000, 0x00000000a5100000, 0x00000000a5200000|  0%| F|  |TAMS 0x00000000a5100000, 0x00000000a5100000| Untracked 
|  70|0x00000000a5200000, 0x00000000a5200000, 0x00000000a5300000|  0%| F|  |TAMS 0x00000000a5200000, 0x00000000a5200000| Untracked 
|  71|0x00000000a5300000, 0x00000000a5300000, 0x00000000a5400000|  0%| F|  |TAMS 0x00000000a5300000, 0x00000000a5300000| Untracked 
|  72|0x00000000a5400000, 0x00000000a5400000, 0x00000000a5500000|  0%| F|  |TAMS 0x00000000a5400000, 0x00000000a5400000| Untracked 
|  73|0x00000000a5500000, 0x00000000a5500000, 0x00000000a5600000|  0%| F|  |TAMS 0x00000000a5500000, 0x00000000a5500000| Untracked 
|  74|0x00000000a5600000, 0x00000000a5600000, 0x00000000a5700000|  0%| F|  |TAMS 0x00000000a5600000, 0x00000000a5600000| Untracked 
|  75|0x00000000a5700000, 0x00000000a5700000, 0x00000000a5800000|  0%| F|  |TAMS 0x00000000a5700000, 0x00000000a5700000| Untracked 
|  76|0x00000000a5800000, 0x00000000a5800000, 0x00000000a5900000|  0%| F|  |TAMS 0x00000000a5800000, 0x00000000a5800000| Untracked 
|  77|0x00000000a5900000, 0x00000000a5900000, 0x00000000a5a00000|  0%| F|  |TAMS 0x00000000a5900000, 0x00000000a5900000| Untracked 
|  78|0x00000000a5a00000, 0x00000000a5a00000, 0x00000000a5b00000|  0%| F|  |TAMS 0x00000000a5a00000, 0x00000000a5a00000| Untracked 
|  79|0x00000000a5b00000, 0x00000000a5b00000, 0x00000000a5c00000|  0%| F|  |TAMS 0x00000000a5b00000, 0x00000000a5b00000| Untracked 
|  80|0x00000000a5c00000, 0x00000000a5c00000, 0x00000000a5d00000|  0%| F|  |TAMS 0x00000000a5c00000, 0x00000000a5c00000| Untracked 
|  81|0x00000000a5d00000, 0x00000000a5d00000, 0x00000000a5e00000|  0%| F|  |TAMS 0x00000000a5d00000, 0x00000000a5d00000| Untracked 
|  82|0x00000000a5e00000, 0x00000000a5e00000, 0x00000000a5f00000|  0%| F|  |TAMS 0x00000000a5e00000, 0x00000000a5e00000| Untracked 
|  83|0x00000000a5f00000, 0x00000000a5f00000, 0x00000000a6000000|  0%| F|  |TAMS 0x00000000a5f00000, 0x00000000a5f00000| Untracked 
|  84|0x00000000a6000000, 0x00000000a6000000, 0x00000000a6100000|  0%| F|  |TAMS 0x00000000a6000000, 0x00000000a6000000| Untracked 
|  85|0x00000000a6100000, 0x00000000a6100000, 0x00000000a6200000|  0%| F|  |TAMS 0x00000000a6100000, 0x00000000a6100000| Untracked 
|  86|0x00000000a6200000, 0x00000000a6200000, 0x00000000a6300000|  0%| F|  |TAMS 0x00000000a6200000, 0x00000000a6200000| Untracked 
|  87|0x00000000a6300000, 0x00000000a6300000, 0x00000000a6400000|  0%| F|  |TAMS 0x00000000a6300000, 0x00000000a6300000| Untracked 
|  88|0x00000000a6400000, 0x00000000a6400000, 0x00000000a6500000|  0%| F|  |TAMS 0x00000000a6400000, 0x00000000a6400000| Untracked 
|  89|0x00000000a6500000, 0x00000000a6500000, 0x00000000a6600000|  0%| F|  |TAMS 0x00000000a6500000, 0x00000000a6500000| Untracked 
|  90|0x00000000a6600000, 0x00000000a6600000, 0x00000000a6700000|  0%| F|  |TAMS 0x00000000a6600000, 0x00000000a6600000| Untracked 
|  91|0x00000000a6700000, 0x00000000a6775940, 0x00000000a6800000| 45%| S|CS|TAMS 0x00000000a6700000, 0x00000000a6700000| Complete 
|  92|0x00000000a6800000, 0x00000000a6900000, 0x00000000a6900000|100%| S|CS|TAMS 0x00000000a6800000, 0x00000000a6800000| Complete 
|  93|0x00000000a6900000, 0x00000000a6a00000, 0x00000000a6a00000|100%| S|CS|TAMS 0x00000000a6900000, 0x00000000a6900000| Complete 
|  94|0x00000000a6a00000, 0x00000000a6b00000, 0x00000000a6b00000|100%| S|CS|TAMS 0x00000000a6a00000, 0x00000000a6a00000| Complete 
|  95|0x00000000a6b00000, 0x00000000a6c00000, 0x00000000a6c00000|100%| S|CS|TAMS 0x00000000a6b00000, 0x00000000a6b00000| Complete 
|  96|0x00000000a6c00000, 0x00000000a6d00000, 0x00000000a6d00000|100%| S|CS|TAMS 0x00000000a6c00000, 0x00000000a6c00000| Complete 
|  97|0x00000000a6d00000, 0x00000000a6e00000, 0x00000000a6e00000|100%| S|CS|TAMS 0x00000000a6d00000, 0x00000000a6d00000| Complete 
|  98|0x00000000a6e00000, 0x00000000a6e00000, 0x00000000a6f00000|  0%| F|  |TAMS 0x00000000a6e00000, 0x00000000a6e00000| Untracked 
|  99|0x00000000a6f00000, 0x00000000a6f00000, 0x00000000a7000000|  0%| F|  |TAMS 0x00000000a6f00000, 0x00000000a6f00000| Untracked 
| 100|0x00000000a7000000, 0x00000000a7000000, 0x00000000a7100000|  0%| F|  |TAMS 0x00000000a7000000, 0x00000000a7000000| Untracked 
| 101|0x00000000a7100000, 0x00000000a7100000, 0x00000000a7200000|  0%| F|  |TAMS 0x00000000a7100000, 0x00000000a7100000| Untracked 
| 102|0x00000000a7200000, 0x00000000a7200000, 0x00000000a7300000|  0%| F|  |TAMS 0x00000000a7200000, 0x00000000a7200000| Untracked 
| 103|0x00000000a7300000, 0x00000000a7300000, 0x00000000a7400000|  0%| F|  |TAMS 0x00000000a7300000, 0x00000000a7300000| Untracked 
| 104|0x00000000a7400000, 0x00000000a7400000, 0x00000000a7500000|  0%| F|  |TAMS 0x00000000a7400000, 0x00000000a7400000| Untracked 
| 105|0x00000000a7500000, 0x00000000a7500000, 0x00000000a7600000|  0%| F|  |TAMS 0x00000000a7500000, 0x00000000a7500000| Untracked 
| 106|0x00000000a7600000, 0x00000000a7600000, 0x00000000a7700000|  0%| F|  |TAMS 0x00000000a7600000, 0x00000000a7600000| Untracked 
| 107|0x00000000a7700000, 0x00000000a7700000, 0x00000000a7800000|  0%| F|  |TAMS 0x00000000a7700000, 0x00000000a7700000| Untracked 
| 108|0x00000000a7800000, 0x00000000a7800000, 0x00000000a7900000|  0%| F|  |TAMS 0x00000000a7800000, 0x00000000a7800000| Untracked 
| 109|0x00000000a7900000, 0x00000000a7900000, 0x00000000a7a00000|  0%| F|  |TAMS 0x00000000a7900000, 0x00000000a7900000| Untracked 
| 110|0x00000000a7a00000, 0x00000000a7a00000, 0x00000000a7b00000|  0%| F|  |TAMS 0x00000000a7a00000, 0x00000000a7a00000| Untracked 
| 111|0x00000000a7b00000, 0x00000000a7b00000, 0x00000000a7c00000|  0%| F|  |TAMS 0x00000000a7b00000, 0x00000000a7b00000| Untracked 
| 112|0x00000000a7c00000, 0x00000000a7c00000, 0x00000000a7d00000|  0%| F|  |TAMS 0x00000000a7c00000, 0x00000000a7c00000| Untracked 
| 113|0x00000000a7d00000, 0x00000000a7d00000, 0x00000000a7e00000|  0%| F|  |TAMS 0x00000000a7d00000, 0x00000000a7d00000| Untracked 
| 114|0x00000000a7e00000, 0x00000000a7e00000, 0x00000000a7f00000|  0%| F|  |TAMS 0x00000000a7e00000, 0x00000000a7e00000| Untracked 
| 115|0x00000000a7f00000, 0x00000000a7f00000, 0x00000000a8000000|  0%| F|  |TAMS 0x00000000a7f00000, 0x00000000a7f00000| Untracked 
| 116|0x00000000a8000000, 0x00000000a8000000, 0x00000000a8100000|  0%| F|  |TAMS 0x00000000a8000000, 0x00000000a8000000| Untracked 
| 117|0x00000000a8100000, 0x00000000a8100000, 0x00000000a8200000|  0%| F|  |TAMS 0x00000000a8100000, 0x00000000a8100000| Untracked 
| 118|0x00000000a8200000, 0x00000000a8200000, 0x00000000a8300000|  0%| F|  |TAMS 0x00000000a8200000, 0x00000000a8200000| Untracked 
| 119|0x00000000a8300000, 0x00000000a8300000, 0x00000000a8400000|  0%| F|  |TAMS 0x00000000a8300000, 0x00000000a8300000| Untracked 
| 120|0x00000000a8400000, 0x00000000a8400000, 0x00000000a8500000|  0%| F|  |TAMS 0x00000000a8400000, 0x00000000a8400000| Untracked 
| 121|0x00000000a8500000, 0x00000000a8500000, 0x00000000a8600000|  0%| F|  |TAMS 0x00000000a8500000, 0x00000000a8500000| Untracked 
| 122|0x00000000a8600000, 0x00000000a8600000, 0x00000000a8700000|  0%| F|  |TAMS 0x00000000a8600000, 0x00000000a8600000| Untracked 
| 123|0x00000000a8700000, 0x00000000a8700000, 0x00000000a8800000|  0%| F|  |TAMS 0x00000000a8700000, 0x00000000a8700000| Untracked 
| 124|0x00000000a8800000, 0x00000000a8800000, 0x00000000a8900000|  0%| F|  |TAMS 0x00000000a8800000, 0x00000000a8800000| Untracked 
| 125|0x00000000a8900000, 0x00000000a8900000, 0x00000000a8a00000|  0%| F|  |TAMS 0x00000000a8900000, 0x00000000a8900000| Untracked 
| 126|0x00000000a8a00000, 0x00000000a8a00000, 0x00000000a8b00000|  0%| F|  |TAMS 0x00000000a8a00000, 0x00000000a8a00000| Untracked 
| 127|0x00000000a8b00000, 0x00000000a8b00000, 0x00000000a8c00000|  0%| F|  |TAMS 0x00000000a8b00000, 0x00000000a8b00000| Untracked 
| 128|0x00000000a8c00000, 0x00000000a8c00000, 0x00000000a8d00000|  0%| F|  |TAMS 0x00000000a8c00000, 0x00000000a8c00000| Untracked 
| 129|0x00000000a8d00000, 0x00000000a8d00000, 0x00000000a8e00000|  0%| F|  |TAMS 0x00000000a8d00000, 0x00000000a8d00000| Untracked 
| 130|0x00000000a8e00000, 0x00000000a8e00000, 0x00000000a8f00000|  0%| F|  |TAMS 0x00000000a8e00000, 0x00000000a8e00000| Untracked 
| 131|0x00000000a8f00000, 0x00000000a8f00000, 0x00000000a9000000|  0%| F|  |TAMS 0x00000000a8f00000, 0x00000000a8f00000| Untracked 
| 132|0x00000000a9000000, 0x00000000a9000000, 0x00000000a9100000|  0%| F|  |TAMS 0x00000000a9000000, 0x00000000a9000000| Untracked 
| 133|0x00000000a9100000, 0x00000000a9100000, 0x00000000a9200000|  0%| F|  |TAMS 0x00000000a9100000, 0x00000000a9100000| Untracked 
| 134|0x00000000a9200000, 0x00000000a9200000, 0x00000000a9300000|  0%| F|  |TAMS 0x00000000a9200000, 0x00000000a9200000| Untracked 
| 135|0x00000000a9300000, 0x00000000a9300000, 0x00000000a9400000|  0%| F|  |TAMS 0x00000000a9300000, 0x00000000a9300000| Untracked 
| 136|0x00000000a9400000, 0x00000000a9400000, 0x00000000a9500000|  0%| F|  |TAMS 0x00000000a9400000, 0x00000000a9400000| Untracked 
| 137|0x00000000a9500000, 0x00000000a9500000, 0x00000000a9600000|  0%| F|  |TAMS 0x00000000a9500000, 0x00000000a9500000| Untracked 
| 138|0x00000000a9600000, 0x00000000a9600000, 0x00000000a9700000|  0%| F|  |TAMS 0x00000000a9600000, 0x00000000a9600000| Untracked 
| 139|0x00000000a9700000, 0x00000000a9700000, 0x00000000a9800000|  0%| F|  |TAMS 0x00000000a9700000, 0x00000000a9700000| Untracked 
| 140|0x00000000a9800000, 0x00000000a9800000, 0x00000000a9900000|  0%| F|  |TAMS 0x00000000a9800000, 0x00000000a9800000| Untracked 
| 141|0x00000000a9900000, 0x00000000a9900000, 0x00000000a9a00000|  0%| F|  |TAMS 0x00000000a9900000, 0x00000000a9900000| Untracked 
| 142|0x00000000a9a00000, 0x00000000a9a00000, 0x00000000a9b00000|  0%| F|  |TAMS 0x00000000a9a00000, 0x00000000a9a00000| Untracked 
| 143|0x00000000a9b00000, 0x00000000a9b00000, 0x00000000a9c00000|  0%| F|  |TAMS 0x00000000a9b00000, 0x00000000a9b00000| Untracked 
| 144|0x00000000a9c00000, 0x00000000a9c00000, 0x00000000a9d00000|  0%| F|  |TAMS 0x00000000a9c00000, 0x00000000a9c00000| Untracked 
| 145|0x00000000a9d00000, 0x00000000a9d00000, 0x00000000a9e00000|  0%| F|  |TAMS 0x00000000a9d00000, 0x00000000a9d00000| Untracked 
| 146|0x00000000a9e00000, 0x00000000a9e00000, 0x00000000a9f00000|  0%| F|  |TAMS 0x00000000a9e00000, 0x00000000a9e00000| Untracked 
| 147|0x00000000a9f00000, 0x00000000a9f00000, 0x00000000aa000000|  0%| F|  |TAMS 0x00000000a9f00000, 0x00000000a9f00000| Untracked 
| 148|0x00000000aa000000, 0x00000000aa000000, 0x00000000aa100000|  0%| F|  |TAMS 0x00000000aa000000, 0x00000000aa000000| Untracked 
| 149|0x00000000aa100000, 0x00000000aa100000, 0x00000000aa200000|  0%| F|  |TAMS 0x00000000aa100000, 0x00000000aa100000| Untracked 
| 150|0x00000000aa200000, 0x00000000aa200000, 0x00000000aa300000|  0%| F|  |TAMS 0x00000000aa200000, 0x00000000aa200000| Untracked 
| 151|0x00000000aa300000, 0x00000000aa300000, 0x00000000aa400000|  0%| F|  |TAMS 0x00000000aa300000, 0x00000000aa300000| Untracked 
| 152|0x00000000aa400000, 0x00000000aa400000, 0x00000000aa500000|  0%| F|  |TAMS 0x00000000aa400000, 0x00000000aa400000| Untracked 
| 153|0x00000000aa500000, 0x00000000aa500000, 0x00000000aa600000|  0%| F|  |TAMS 0x00000000aa500000, 0x00000000aa500000| Untracked 
| 154|0x00000000aa600000, 0x00000000aa600000, 0x00000000aa700000|  0%| F|  |TAMS 0x00000000aa600000, 0x00000000aa600000| Untracked 
| 155|0x00000000aa700000, 0x00000000aa700000, 0x00000000aa800000|  0%| F|  |TAMS 0x00000000aa700000, 0x00000000aa700000| Untracked 
| 156|0x00000000aa800000, 0x00000000aa800000, 0x00000000aa900000|  0%| F|  |TAMS 0x00000000aa800000, 0x00000000aa800000| Untracked 
| 157|0x00000000aa900000, 0x00000000aa900000, 0x00000000aaa00000|  0%| F|  |TAMS 0x00000000aa900000, 0x00000000aa900000| Untracked 
| 158|0x00000000aaa00000, 0x00000000aaa00000, 0x00000000aab00000|  0%| F|  |TAMS 0x00000000aaa00000, 0x00000000aaa00000| Untracked 
| 159|0x00000000aab00000, 0x00000000aab00000, 0x00000000aac00000|  0%| F|  |TAMS 0x00000000aab00000, 0x00000000aab00000| Untracked 
| 160|0x00000000aac00000, 0x00000000aac00000, 0x00000000aad00000|  0%| F|  |TAMS 0x00000000aac00000, 0x00000000aac00000| Untracked 
| 161|0x00000000aad00000, 0x00000000aad00000, 0x00000000aae00000|  0%| F|  |TAMS 0x00000000aad00000, 0x00000000aad00000| Untracked 
| 162|0x00000000aae00000, 0x00000000aae00000, 0x00000000aaf00000|  0%| F|  |TAMS 0x00000000aae00000, 0x00000000aae00000| Untracked 
| 163|0x00000000aaf00000, 0x00000000aaf00000, 0x00000000ab000000|  0%| F|  |TAMS 0x00000000aaf00000, 0x00000000aaf00000| Untracked 
| 164|0x00000000ab000000, 0x00000000ab000000, 0x00000000ab100000|  0%| F|  |TAMS 0x00000000ab000000, 0x00000000ab000000| Untracked 
| 165|0x00000000ab100000, 0x00000000ab100000, 0x00000000ab200000|  0%| F|  |TAMS 0x00000000ab100000, 0x00000000ab100000| Untracked 
| 166|0x00000000ab200000, 0x00000000ab200000, 0x00000000ab300000|  0%| F|  |TAMS 0x00000000ab200000, 0x00000000ab200000| Untracked 
| 167|0x00000000ab300000, 0x00000000ab300000, 0x00000000ab400000|  0%| F|  |TAMS 0x00000000ab300000, 0x00000000ab300000| Untracked 
| 168|0x00000000ab400000, 0x00000000ab400000, 0x00000000ab500000|  0%| F|  |TAMS 0x00000000ab400000, 0x00000000ab400000| Untracked 
| 169|0x00000000ab500000, 0x00000000ab500000, 0x00000000ab600000|  0%| F|  |TAMS 0x00000000ab500000, 0x00000000ab500000| Untracked 
| 170|0x00000000ab600000, 0x00000000ab600000, 0x00000000ab700000|  0%| F|  |TAMS 0x00000000ab600000, 0x00000000ab600000| Untracked 
| 171|0x00000000ab700000, 0x00000000ab700000, 0x00000000ab800000|  0%| F|  |TAMS 0x00000000ab700000, 0x00000000ab700000| Untracked 
| 172|0x00000000ab800000, 0x00000000ab800000, 0x00000000ab900000|  0%| F|  |TAMS 0x00000000ab800000, 0x00000000ab800000| Untracked 
| 173|0x00000000ab900000, 0x00000000ab900000, 0x00000000aba00000|  0%| F|  |TAMS 0x00000000ab900000, 0x00000000ab900000| Untracked 
| 174|0x00000000aba00000, 0x00000000aba00000, 0x00000000abb00000|  0%| F|  |TAMS 0x00000000aba00000, 0x00000000aba00000| Untracked 
| 175|0x00000000abb00000, 0x00000000abb00000, 0x00000000abc00000|  0%| F|  |TAMS 0x00000000abb00000, 0x00000000abb00000| Untracked 
| 176|0x00000000abc00000, 0x00000000abc00000, 0x00000000abd00000|  0%| F|  |TAMS 0x00000000abc00000, 0x00000000abc00000| Untracked 
| 177|0x00000000abd00000, 0x00000000abd00000, 0x00000000abe00000|  0%| F|  |TAMS 0x00000000abd00000, 0x00000000abd00000| Untracked 
| 178|0x00000000abe00000, 0x00000000abe00000, 0x00000000abf00000|  0%| F|  |TAMS 0x00000000abe00000, 0x00000000abe00000| Untracked 
| 179|0x00000000abf00000, 0x00000000abf00000, 0x00000000ac000000|  0%| F|  |TAMS 0x00000000abf00000, 0x00000000abf00000| Untracked 
| 180|0x00000000ac000000, 0x00000000ac000000, 0x00000000ac100000|  0%| F|  |TAMS 0x00000000ac000000, 0x00000000ac000000| Untracked 
| 181|0x00000000ac100000, 0x00000000ac100000, 0x00000000ac200000|  0%| F|  |TAMS 0x00000000ac100000, 0x00000000ac100000| Untracked 
| 182|0x00000000ac200000, 0x00000000ac200000, 0x00000000ac300000|  0%| F|  |TAMS 0x00000000ac200000, 0x00000000ac200000| Untracked 
| 183|0x00000000ac300000, 0x00000000ac300000, 0x00000000ac400000|  0%| F|  |TAMS 0x00000000ac300000, 0x00000000ac300000| Untracked 
| 184|0x00000000ac400000, 0x00000000ac400000, 0x00000000ac500000|  0%| F|  |TAMS 0x00000000ac400000, 0x00000000ac400000| Untracked 
| 185|0x00000000ac500000, 0x00000000ac500000, 0x00000000ac600000|  0%| F|  |TAMS 0x00000000ac500000, 0x00000000ac500000| Untracked 
| 186|0x00000000ac600000, 0x00000000ac600000, 0x00000000ac700000|  0%| F|  |TAMS 0x00000000ac600000, 0x00000000ac600000| Untracked 
| 187|0x00000000ac700000, 0x00000000ac700000, 0x00000000ac800000|  0%| F|  |TAMS 0x00000000ac700000, 0x00000000ac700000| Untracked 
| 188|0x00000000ac800000, 0x00000000ac800000, 0x00000000ac900000|  0%| F|  |TAMS 0x00000000ac800000, 0x00000000ac800000| Untracked 
| 189|0x00000000ac900000, 0x00000000ac900000, 0x00000000aca00000|  0%| F|  |TAMS 0x00000000ac900000, 0x00000000ac900000| Untracked 
| 190|0x00000000aca00000, 0x00000000aca00000, 0x00000000acb00000|  0%| F|  |TAMS 0x00000000aca00000, 0x00000000aca00000| Untracked 
| 191|0x00000000acb00000, 0x00000000acb00000, 0x00000000acc00000|  0%| F|  |TAMS 0x00000000acb00000, 0x00000000acb00000| Untracked 

Card table byte_map: [0x0000026077b40000,0x0000026077e40000] _byte_map_base: 0x000002607763a000

Marking Bits (Prev, Next): (CMBitMap*) 0x000002606d316e50, (CMBitMap*) 0x000002606d316e10
 Prev Bits: [0x0000026079910000, 0x000002607b0e0000)
 Next Bits: [0x0000026078140000, 0x0000026079910000)

Polling page: 0x000002606b220000

Metaspace:

Usage:
  Non-class:     27.31 MB used.
      Class:      4.68 MB used.
       Both:     31.99 MB used.

Virtual space:
  Non-class space:       32.00 MB reserved,      27.56 MB ( 86%) committed,  4 nodes.
      Class space:        1.00 GB reserved,       4.94 MB ( <1%) committed,  1 nodes.
             Both:        1.03 GB reserved,      32.50 MB (  3%) committed. 

Chunk freelists:
   Non-Class:  3.57 MB
       Class:  3.06 MB
        Both:  6.63 MB

MaxMetaspaceSize: unlimited
CompressedClassSpaceSize: 1.00 GB
Initial GC threshold: 21.00 MB
Current GC threshold: 35.88 MB
CDS: on
MetaspaceReclaimPolicy: balanced
 - commit_granule_bytes: 65536.
 - commit_granule_words: 8192.
 - virtual_space_node_default_size: 1048576.
 - enlarge_chunks_in_place: 1.
 - new_chunks_are_fully_committed: 0.
 - uncommit_free_chunks: 1.
 - use_allocation_guard: 0.
 - handle_deallocations: 1.


Internal statistics:

num_allocs_failed_limit: 8.
num_arena_births: 670.
num_arena_deaths: 0.
num_vsnodes_births: 5.
num_vsnodes_deaths: 0.
num_space_committed: 520.
num_space_uncommitted: 0.
num_chunks_returned_to_freelist: 8.
num_chunks_taken_from_freelist: 2148.
num_chunk_merges: 8.
num_chunk_splits: 1304.
num_chunks_enlarged: 752.
num_purges: 0.
num_inconsistent_stats: 0.

CodeCache: size=49152Kb used=11882Kb max_used=11882Kb free=37269Kb
 bounds [0x0000026074b40000, 0x00000260756e0000, 0x0000026077b40000]
 total_blobs=6078 nmethods=5511 adapters=492
 compilation: enabled
              stopped_count=0, restarted_count=0
 full_count=0

Compilation events (20 events):
Event: 4.126 Thread 0x000002607d658b50 nmethod 5500 0x00000260756d6e90 code [0x00000260756d7080, 0x00000260756d7618]
Event: 4.126 Thread 0x000002607d658b50 5502       1       io.quarkus.gizmo.BytecodeCreatorImpl$11::getInputResultHandles (8 bytes)
Event: 4.126 Thread 0x000002607d658b50 nmethod 5502 0x00000260756d7890 code [0x00000260756d7a20, 0x00000260756d7b98]
Event: 4.127 Thread 0x000002607e138280 nmethod 5501 0x00000260756d7c90 code [0x00000260756d7f40, 0x00000260756d85b8]
Event: 4.127 Thread 0x000002607d658b50 5503       1       io.quarkus.gizmo.BytecodeCreatorImpl$11::writeBytecode (32 bytes)
Event: 4.127 Thread 0x000002607d658b50 nmethod 5503 0x00000260756d8990 code [0x00000260756d8b40, 0x00000260756d8c98]
Event: 4.134 Thread 0x000002607d658b50 5504       1       java.lang.reflect.Constructor::getAnnotationBytes (5 bytes)
Event: 4.134 Thread 0x000002607d658b50 nmethod 5504 0x00000260756d8e10 code [0x00000260756d8fa0, 0x00000260756d9078]
Event: 4.139 Thread 0x000002607d658b50 5505       1       java.lang.WeakPairMap$Pair$Weak::first (5 bytes)
Event: 4.139 Thread 0x000002607d658b50 nmethod 5505 0x00000260756d9110 code [0x00000260756d92a0, 0x00000260756d9378]
Event: 4.142 Thread 0x000002607e138280 5506       1       io.quarkus.deployment.builditem.RecordableConstructorBuildItem::getClazz (5 bytes)
Event: 4.142 Thread 0x000002607e138280 nmethod 5506 0x00000260756d9410 code [0x00000260756d95a0, 0x00000260756d9678]
Event: 4.142 Thread 0x000002607e138280 5507       1       io.quarkus.gizmo.BytecodeCreatorImpl$15::getInputResultHandles (8 bytes)
Event: 4.142 Thread 0x000002607e138280 nmethod 5507 0x00000260756d9710 code [0x00000260756d98a0, 0x00000260756d9a18]
Event: 4.143 Thread 0x000002607e138280 5508       1       io.quarkus.gizmo.BytecodeCreatorImpl$15::writeBytecode (26 bytes)
Event: 4.143 Thread 0x000002607e138280 nmethod 5508 0x00000260756d9b10 code [0x00000260756d9cc0, 0x00000260756d9e18]
Event: 4.143 Thread 0x000002607d658b50 5510       1       org.jboss.threads.EnhancedQueueExecutor$PoolThreadNode::getNext (8 bytes)
Event: 4.144 Thread 0x000002607d71d910 5511       1       org.jboss.threads.EnhancedQueueExecutor::access$100 (5 bytes)
Event: 4.144 Thread 0x000002607e138280 5512       1       jdk.internal.misc.Unsafe::freeMemory (18 bytes)
Event: 4.144 Thread 0x000002607d658b50 nmethod 5510 0x00000260756da710 code [0x00000260756da8a0, 0x00000260756da998]

GC Heap History (20 events):
Event: 0.579 GC heap after
{Heap after GC invocations=1 (full 0):
 garbage-first heap   total 98304K, used 5040K [0x00000000a0c00000, 0x0000000100000000)
  region size 1024K, 2 young (2048K), 2 survivors (2048K)
 Metaspace       used 3066K, committed 3264K, reserved 1056768K
  class space    used 348K, committed 448K, reserved 1048576K
}
Event: 0.742 GC heap before
{Heap before GC invocations=1 (full 0):
 garbage-first heap   total 98304K, used 19376K [0x00000000a0c00000, 0x0000000100000000)
  region size 1024K, 14 young (14336K), 2 survivors (2048K)
 Metaspace       used 3472K, committed 3648K, reserved 1056768K
  class space    used 400K, committed 512K, reserved 1048576K
}
Event: 0.752 GC heap after
{Heap after GC invocations=2 (full 0):
 garbage-first heap   total 98304K, used 17559K [0x00000000a0c00000, 0x0000000100000000)
  region size 1024K, 2 young (2048K), 2 survivors (2048K)
 Metaspace       used 3472K, committed 3648K, reserved 1056768K
  class space    used 400K, committed 512K, reserved 1048576K
}
Event: 0.889 GC heap before
{Heap before GC invocations=2 (full 0):
 garbage-first heap   total 98304K, used 31895K [0x00000000a0c00000, 0x0000000100000000)
  region size 1024K, 17 young (17408K), 2 survivors (2048K)
 Metaspace       used 3695K, committed 3904K, reserved 1056768K
  class space    used 444K, committed 576K, reserved 1048576K
}
Event: 0.902 GC heap after
{Heap after GC invocations=3 (full 0):
 garbage-first heap   total 98304K, used 24064K [0x00000000a0c00000, 0x0000000100000000)
  region size 1024K, 3 young (3072K), 3 survivors (3072K)
 Metaspace       used 3695K, committed 3904K, reserved 1056768K
  class space    used 444K, committed 576K, reserved 1048576K
}
Event: 0.991 GC heap before
{Heap before GC invocations=3 (full 0):
 garbage-first heap   total 98304K, used 45568K [0x00000000a0c00000, 0x0000000100000000)
  region size 1024K, 24 young (24576K), 3 survivors (3072K)
 Metaspace       used 3696K, committed 3904K, reserved 1056768K
  class space    used 444K, committed 576K, reserved 1048576K
}
Event: 1.003 GC heap after
{Heap after GC invocations=4 (full 0):
 garbage-first heap   total 98304K, used 29696K [0x00000000a0c00000, 0x0000000100000000)
  region size 1024K, 3 young (3072K), 3 survivors (3072K)
 Metaspace       used 3696K, committed 3904K, reserved 1056768K
  class space    used 444K, committed 576K, reserved 1048576K
}
Event: 1.135 GC heap before
{Heap before GC invocations=4 (full 0):
 garbage-first heap   total 98304K, used 56320K [0x00000000a0c00000, 0x0000000100000000)
  region size 1024K, 29 young (29696K), 3 survivors (3072K)
 Metaspace       used 3787K, committed 4032K, reserved 1056768K
  class space    used 457K, committed 576K, reserved 1048576K
}
Event: 1.160 GC heap after
{Heap after GC invocations=5 (full 0):
 garbage-first heap   total 98304K, used 41469K [0x00000000a0c00000, 0x0000000100000000)
  region size 1024K, 4 young (4096K), 4 survivors (4096K)
 Metaspace       used 3787K, committed 4032K, reserved 1056768K
  class space    used 457K, committed 576K, reserved 1048576K
}
Event: 1.591 GC heap before
{Heap before GC invocations=5 (full 0):
 garbage-first heap   total 98304K, used 60925K [0x00000000a0c00000, 0x0000000100000000)
  region size 1024K, 23 young (23552K), 4 survivors (4096K)
 Metaspace       used 7085K, committed 7360K, reserved 1056768K
  class space    used 944K, committed 1088K, reserved 1048576K
}
Event: 1.603 GC heap after
{Heap after GC invocations=6 (full 0):
 garbage-first heap   total 196608K, used 44410K [0x00000000a0c00000, 0x0000000100000000)
  region size 1024K, 3 young (3072K), 3 survivors (3072K)
 Metaspace       used 7085K, committed 7360K, reserved 1056768K
  class space    used 944K, committed 1088K, reserved 1048576K
}
Event: 2.078 GC heap before
{Heap before GC invocations=6 (full 0):
 garbage-first heap   total 196608K, used 102778K [0x00000000a0c00000, 0x0000000100000000)
  region size 1024K, 60 young (61440K), 3 survivors (3072K)
 Metaspace       used 11896K, committed 12224K, reserved 1064960K
  class space    used 1600K, committed 1728K, reserved 1048576K
}
Event: 2.088 GC heap after
{Heap after GC invocations=7 (full 0):
 garbage-first heap   total 196608K, used 47722K [0x00000000a0c00000, 0x0000000100000000)
  region size 1024K, 6 young (6144K), 6 survivors (6144K)
 Metaspace       used 11896K, committed 12224K, reserved 1064960K
  class space    used 1600K, committed 1728K, reserved 1048576K
}
Event: 2.745 GC heap before
{Heap before GC invocations=7 (full 0):
 garbage-first heap   total 196608K, used 126570K [0x00000000a0c00000, 0x0000000100000000)
  region size 1024K, 84 young (86016K), 6 survivors (6144K)
 Metaspace       used 21173K, committed 21504K, reserved 1073152K
  class space    used 2837K, committed 3008K, reserved 1048576K
}
Event: 2.758 GC heap after
{Heap after GC invocations=8 (full 0):
 garbage-first heap   total 196608K, used 53248K [0x00000000a0c00000, 0x0000000100000000)
  region size 1024K, 11 young (11264K), 11 survivors (11264K)
 Metaspace       used 21173K, committed 21504K, reserved 1073152K
  class space    used 2837K, committed 3008K, reserved 1048576K
}
Event: 3.368 GC heap before
{Heap before GC invocations=9 (full 0):
 garbage-first heap   total 194560K, used 142336K [0x00000000a0c00000, 0x0000000100000000)
  region size 1024K, 100 young (102400K), 11 survivors (11264K)
 Metaspace       used 26831K, committed 27328K, reserved 1073152K
  class space    used 3903K, committed 4160K, reserved 1048576K
}
Event: 3.382 GC heap after
{Heap after GC invocations=10 (full 0):
 garbage-first heap   total 194560K, used 55955K [0x00000000a0c00000, 0x0000000100000000)
  region size 1024K, 10 young (10240K), 10 survivors (10240K)
 Metaspace       used 26831K, committed 27328K, reserved 1073152K
  class space    used 3903K, committed 4160K, reserved 1048576K
}
Event: 3.387 GC heap before
{Heap before GC invocations=10 (full 0):
 garbage-first heap   total 194560K, used 56979K [0x00000000a0c00000, 0x0000000100000000)
  region size 1024K, 11 young (11264K), 10 survivors (10240K)
 Metaspace       used 26833K, committed 27328K, reserved 1073152K
  class space    used 3903K, committed 4160K, reserved 1048576K
}
Event: 3.397 GC heap after
{Heap after GC invocations=11 (full 0):
 garbage-first heap   total 194560K, used 55441K [0x00000000a0c00000, 0x0000000100000000)
  region size 1024K, 2 young (2048K), 2 survivors (2048K)
 Metaspace       used 26833K, committed 27328K, reserved 1073152K
  class space    used 3903K, committed 4160K, reserved 1048576K
}
Event: 4.144 GC heap before
{Heap before GC invocations=11 (full 0):
 garbage-first heap   total 194560K, used 146577K [0x00000000a0c00000, 0x0000000100000000)
  region size 1024K, 92 young (94208K), 2 survivors (2048K)
 Metaspace       used 32752K, committed 33280K, reserved 1081344K
  class space    used 4789K, committed 5056K, reserved 1048576K
}

Deoptimization events (20 events):
Event: 4.081 Thread 0x0000026000ee7af0 DEOPT PACKING pc=0x000002607569d04c sp=0x000000b9895fd1c0
Event: 4.081 Thread 0x0000026000ee7af0 DEOPT UNPACKING pc=0x0000026074b92b43 sp=0x000000b9895fc728 mode 1
Event: 4.081 Thread 0x0000026000ee7af0 DEOPT PACKING pc=0x000002607569d04c sp=0x000000b9895fd1c0
Event: 4.081 Thread 0x0000026000ee7af0 DEOPT UNPACKING pc=0x0000026074b92b43 sp=0x000000b9895fc728 mode 1
Event: 4.081 Thread 0x0000026000ee7af0 DEOPT PACKING pc=0x000002607569d04c sp=0x000000b9895fd1c0
Event: 4.081 Thread 0x0000026000ee7af0 DEOPT UNPACKING pc=0x0000026074b92b43 sp=0x000000b9895fc728 mode 1
Event: 4.081 Thread 0x0000026000ee7af0 DEOPT PACKING pc=0x000002607569d04c sp=0x000000b9895fd1c0
Event: 4.081 Thread 0x0000026000ee7af0 DEOPT UNPACKING pc=0x0000026074b92b43 sp=0x000000b9895fc728 mode 1
Event: 4.081 Thread 0x0000026000ee7af0 DEOPT PACKING pc=0x000002607569d04c sp=0x000000b9895fd7c0
Event: 4.081 Thread 0x0000026000ee7af0 DEOPT UNPACKING pc=0x0000026074b92b43 sp=0x000000b9895fcd28 mode 1
Event: 4.081 Thread 0x0000026000ee7af0 DEOPT PACKING pc=0x000002607569d04c sp=0x000000b9895fd7c0
Event: 4.081 Thread 0x0000026000ee7af0 DEOPT UNPACKING pc=0x0000026074b92b43 sp=0x000000b9895fcd28 mode 1
Event: 4.083 Thread 0x0000026000ee7af0 DEOPT PACKING pc=0x000002607569d04c sp=0x000000b9895fd470
Event: 4.084 Thread 0x0000026000ee7af0 DEOPT UNPACKING pc=0x0000026074b92b43 sp=0x000000b9895fc9d8 mode 1
Event: 4.084 Thread 0x0000026000ee7af0 DEOPT PACKING pc=0x000002607569d04c sp=0x000000b9895fd470
Event: 4.084 Thread 0x0000026000ee7af0 DEOPT UNPACKING pc=0x0000026074b92b43 sp=0x000000b9895fc9d8 mode 1
Event: 4.084 Thread 0x0000026000ee7af0 DEOPT PACKING pc=0x000002607569d04c sp=0x000000b9895fd470
Event: 4.084 Thread 0x0000026000ee7af0 DEOPT UNPACKING pc=0x0000026074b92b43 sp=0x000000b9895fc9d8 mode 1
Event: 4.084 Thread 0x0000026000ee7af0 DEOPT PACKING pc=0x000002607569d04c sp=0x000000b9895fd470
Event: 4.084 Thread 0x0000026000ee7af0 DEOPT UNPACKING pc=0x0000026074b92b43 sp=0x000000b9895fc9d8 mode 1

Classes unloaded (0 events):
No events

Classes redefined (0 events):
No events

Internal exceptions (20 events):
Event: 2.682 Thread 0x0000026000b9e870 Exception <a 'java/lang/NoSuchMethodError'{0x00000000a8123f30}: 'void java.lang.invoke.DirectMethodHandle$Holder.invokeStatic(java.lang.Object, java.lang.Object, int)'> (0x00000000a8123f30) 
thrown [t:\workspace\open\src\hotspot\share\interpreter\linkResolver.cpp, line 766]
Event: 2.683 Thread 0x0000026000b9e870 Exception <a 'sun/nio/fs/WindowsException'{0x00000000a8130368}> (0x00000000a8130368) 
thrown [t:\workspace\open\src\hotspot\share\prims\jni.cpp, line 516]
Event: 2.683 Thread 0x0000026000b9e870 Exception <a 'sun/nio/fs/WindowsException'{0x00000000a81306d8}> (0x00000000a81306d8) 
thrown [t:\workspace\open\src\hotspot\share\prims\jni.cpp, line 516]
Event: 2.839 Thread 0x0000026000b9e870 Exception <a 'java/lang/NoSuchMethodError'{0x00000000ac3d3e78}: 'java.lang.Object java.lang.invoke.DirectMethodHandle$Holder.invokeVirtual(java.lang.Object, java.lang.Object, java.lang.Object)'> (0x00000000ac3d3e78) 
thrown [t:\workspace\open\src\hotspot\share\interpreter\linkResolver.cpp, line 766]
Event: 2.846 Thread 0x0000026000b9e870 Exception <a 'java/lang/NoSuchMethodError'{0x00000000ac270650}: 'java.lang.Object java.lang.invoke.DirectMethodHandle$Holder.invokeInterface(java.lang.Object, java.lang.Object, java.lang.Object, java.lang.Object)'> (0x00000000ac270650) 
thrown [t:\workspace\open\src\hotspot\share\interpreter\linkResolver.cpp, line 766]
Event: 2.937 Thread 0x0000026000ba30a0 Exception <a 'java/lang/NoSuchMethodError'{0x00000000ab1e33d0}: 'void java.lang.invoke.DirectMethodHandle$Holder.invokeStaticInit(java.lang.Object, java.lang.Object)'> (0x00000000ab1e33d0) 
thrown [t:\workspace\open\src\hotspot\share\interpreter\linkResolver.cpp, line 766]
Event: 2.939 Thread 0x0000026000ba30a0 Exception <a 'java/lang/NoSuchMethodError'{0x00000000ab005c68}: 'int java.lang.invoke.DirectMethodHandle$Holder.invokeSpecial(java.lang.Object, java.lang.Object, java.lang.Object, java.lang.Object)'> (0x00000000ab005c68) 
thrown [t:\workspace\open\src\hotspot\share\interpreter\linkResolver.cpp, line 766]
Event: 2.967 Thread 0x0000026000ba30a0 Exception <a 'java/lang/NoSuchMethodError'{0x00000000aadae1f8}: 'int java.lang.invoke.DirectMethodHandle$Holder.invokeSpecialIFC(java.lang.Object, java.lang.Object, java.lang.Object, java.lang.Object)'> (0x00000000aadae1f8) 
thrown [t:\workspace\open\src\hotspot\share\interpreter\linkResolver.cpp, line 766]
Event: 3.473 Thread 0x00000260005aa910 Exception <a 'java/lang/NoSuchMethodError'{0x00000000ab9949b0}: 'void java.lang.invoke.DirectMethodHandle$Holder.invokeSpecial(java.lang.Object, java.lang.Object, java.lang.Object, java.lang.Object, java.lang.Object, java.lang.Object)'> (0x00000000ab9949b0) 
thrown [t:\workspace\open\src\hotspot\share\interpreter\linkResolver.cpp, line 766]
Event: 3.525 Thread 0x0000026000f5eac0 Exception <a 'java/lang/NoSuchMethodError'{0x00000000ab8b2280}: 'java.lang.Object java.lang.invoke.DirectMethodHandle$Holder.newInvokeSpecial(java.lang.Object, java.lang.Object, java.lang.Object, java.lang.Object, java.lang.Object, java.lang.Object, java.lang.Object, java.lang.Object, java.lang.Object, java.lang.Object, java.lang.Object, java.lang.Object)'> (0x00000000ab8b2280) 
thrown [t:\workspace\open\src\hotspot\share\interpreter\linkResolver.cpp, line 766]
Event: 3.526 Thread 0x0000026000f5eac0 Exception <a 'java/lang/NoSuchMethodError'{0x00000000ab8b7608}: 'java.lang.Object java.lang.invoke.DirectMethodHandle$Holder.invokeSpecial(java.lang.Object, java.lang.Object, java.lang.Object, java.lang.Object, java.lang.Object, java.lang.Object, java.lang.Object, java.lang.Object, java.lang.Object, java.lang.Object, java.lang.Object, java.lang.Object, java.lang.Object)'> (0x00000000ab8b7608) 
thrown [t:\workspace\open\src\hotspot\share\interpreter\linkResolver.cpp, line 766]
Event: 3.526 Thread 0x0000026000f5eac0 Exception <a 'java/lang/NoSuchMethodError'{0x00000000ab8bc0e0}: 'java.lang.Object java.lang.invoke.Invokers$Holder.linkToTargetMethod(java.lang.Object, java.lang.Object, java.lang.Object, java.lang.Object, java.lang.Object, java.lang.Object, java.lang.Object, java.lang.Object, java.lang.Object, java.lang.Object, java.lang.Object, java.lang.Object)'> (0x00000000ab8bc0e0) 
thrown [t:\workspace\open\src\hotspot\share\interpreter\linkResolver.cpp, line 766]
Event: 3.527 Thread 0x0000026000f5eac0 Exception <a 'java/lang/NoSuchMethodError'{0x00000000ab8cbde0}: 'java.lang.Object java.lang.invoke.DirectMethodHandle$Holder.newInvokeSpecial(java.lang.Object, java.lang.Object, java.lang.Object, java.lang.Object, java.lang.Object, java.lang.Object, java.lang.Object, java.lang.Object, java.lang.Object, java.lang.Object, java.lang.Object)'> (0x00000000ab8cbde0) 
thrown [t:\workspace\open\src\hotspot\share\interpreter\linkResolver.cpp, line 766]
Event: 3.528 Thread 0x0000026000f5eac0 Exception <a 'java/lang/NoSuchMethodError'{0x00000000ab32d178}: 'java.lang.Object java.lang.invoke.DirectMethodHandle$Holder.invokeSpecial(java.lang.Object, java.lang.Object, java.lang.Object, java.lang.Object, java.lang.Object, java.lang.Object, java.lang.Object, java.lang.Object, java.lang.Object, java.lang.Object, java.lang.Object, java.lang.Object)'> (0x00000000ab32d178) 
thrown [t:\workspace\open\src\hotspot\share\interpreter\linkResolver.cpp, line 766]
Event: 3.528 Thread 0x0000026000f5eac0 Exception <a 'java/lang/NoSuchMethodError'{0x00000000ab331718}: 'java.lang.Object java.lang.invoke.Invokers$Holder.linkToTargetMethod(java.lang.Object, java.lang.Object, java.lang.Object, java.lang.Object, java.lang.Object, java.lang.Object, java.lang.Object, java.lang.Object, java.lang.Object, java.lang.Object, java.lang.Object)'> (0x00000000ab331718) 
thrown [t:\workspace\open\src\hotspot\share\interpreter\linkResolver.cpp, line 766]
Event: 3.530 Thread 0x0000026000f5eac0 Exception <a 'java/lang/IncompatibleClassChangeError'{0x00000000ab3510b8}: Found class java.lang.Object, but interface was expected> (0x00000000ab3510b8) 
thrown [t:\workspace\open\src\hotspot\share\interpreter\linkResolver.cpp, line 833]
Event: 3.625 Thread 0x0000026000f64fd0 Exception <a 'java/lang/NoSuchMethodError'{0x00000000aa29c350}: 'java.lang.Object java.lang.invoke.DirectMethodHandle$Holder.invokeStaticInit(java.lang.Object, java.lang.Object, java.lang.Object, java.lang.Object)'> (0x00000000aa29c350) 
thrown [t:\workspace\open\src\hotspot\share\interpreter\linkResolver.cpp, line 766]
Event: 3.774 Thread 0x0000026000f64fd0 Exception <a 'sun/nio/fs/WindowsException'{0x00000000a94de468}> (0x00000000a94de468) 
thrown [t:\workspace\open\src\hotspot\share\prims\jni.cpp, line 516]
Event: 3.947 Thread 0x0000026000f64fd0 Exception <a 'java/lang/IncompatibleClassChangeError'{0x00000000a8d704a8}: Found class java.lang.Object, but interface was expected> (0x00000000a8d704a8) 
thrown [t:\workspace\open\src\hotspot\share\interpreter\linkResolver.cpp, line 833]
Event: 3.962 Thread 0x0000026000f64fd0 Exception <a 'java/lang/NoSuchMethodError'{0x00000000a8c69d48}: 'java.lang.Object java.lang.invoke.DirectMethodHandle$Holder.invokeVirtual(java.lang.Object, java.lang.Object, java.lang.Object, java.lang.Object)'> (0x00000000a8c69d48) 
thrown [t:\workspace\open\src\hotspot\share\interpreter\linkResolver.cpp, line 766]

VM Operations (20 events):
Event: 3.661 Executing VM operation: ICBufferFull done
Event: 3.706 Executing VM operation: HandshakeAllThreads
Event: 3.706 Executing VM operation: HandshakeAllThreads done
Event: 3.726 Executing VM operation: HandshakeAllThreads
Event: 3.726 Executing VM operation: HandshakeAllThreads done
Event: 3.751 Executing VM operation: HandshakeAllThreads
Event: 3.751 Executing VM operation: HandshakeAllThreads done
Event: 3.810 Executing VM operation: HandshakeAllThreads
Event: 3.810 Executing VM operation: HandshakeAllThreads done
Event: 3.926 Executing VM operation: HandshakeAllThreads
Event: 3.926 Executing VM operation: HandshakeAllThreads done
Event: 4.004 Executing VM operation: ICBufferFull
Event: 4.004 Executing VM operation: ICBufferFull done
Event: 4.019 Executing VM operation: ICBufferFull
Event: 4.019 Executing VM operation: ICBufferFull done
Event: 4.054 Executing VM operation: HandshakeAllThreads
Event: 4.054 Executing VM operation: HandshakeAllThreads done
Event: 4.118 Executing VM operation: ICBufferFull
Event: 4.118 Executing VM operation: ICBufferFull done
Event: 4.144 Executing VM operation: G1CollectForAllocation

Events (20 events):
Event: 4.047 loading class java/util/Collections$UnmodifiableNavigableSet$EmptyNavigableSet
Event: 4.047 loading class java/util/Collections$UnmodifiableNavigableSet$EmptyNavigableSet done
Event: 4.053 loading class java/util/Collections$UnmodifiableNavigableMap
Event: 4.053 loading class java/util/Collections$UnmodifiableSortedMap
Event: 4.054 loading class java/util/Collections$UnmodifiableSortedMap done
Event: 4.054 loading class java/util/Collections$UnmodifiableNavigableMap done
Event: 4.054 loading class java/util/Collections$UnmodifiableNavigableMap$EmptyNavigableMap
Event: 4.054 loading class java/util/Collections$UnmodifiableNavigableMap$EmptyNavigableMap done
Event: 4.055 loading class jdk/internal/loader/BootLoader$PackageHelper
Event: 4.056 loading class jdk/internal/loader/BootLoader$PackageHelper done
Event: 4.061 loading class java/util/InvalidPropertiesFormatException
Event: 4.061 loading class java/util/InvalidPropertiesFormatException done
Event: 4.143 Thread 0x0000026000ee7af0 Thread exited: 0x0000026000ee7af0
Event: 4.143 Thread 0x0000026000ba13c0 Thread exited: 0x0000026000ba13c0
Event: 4.143 Thread 0x0000026000916640 Thread exited: 0x0000026000916640
Event: 4.144 Thread 0x0000026000f64fd0 Thread exited: 0x0000026000f64fd0
Event: 4.144 Thread 0x0000026000f61ae0 Thread exited: 0x0000026000f61ae0
Event: 4.144 Thread 0x0000026000f637c0 Thread exited: 0x0000026000f637c0
Event: 4.144 Thread 0x0000026000f654a0 Thread exited: 0x0000026000f654a0
Event: 4.144 Thread 0x0000026000b49020 Thread exited: 0x0000026000b49020


Dynamic libraries:
0x00007ff6f31d0000 - 0x00007ff6f31e0000 	C:\Program Files\Java\jdk-17.0.2\bin\java.EXE
0x00007ffb10470000 - 0x00007ffb10665000 	C:\Windows\SYSTEM32\ntdll.dll
0x00007ffb10210000 - 0x00007ffb102ce000 	C:\Windows\System32\KERNEL32.DLL
0x00007ffb0dde0000 - 0x00007ffb0e0a8000 	C:\Windows\System32\KERNELBASE.dll
0x00007ffb0dbc0000 - 0x00007ffb0dcc0000 	C:\Windows\System32\ucrtbase.dll
0x00007ffaee220000 - 0x00007ffaee23a000 	C:\Program Files\Java\jdk-17.0.2\bin\VCRUNTIME140.dll
0x00007ffaf0dc0000 - 0x00007ffaf0dd8000 	C:\Program Files\Java\jdk-17.0.2\bin\jli.dll
0x00007ffb0eac0000 - 0x00007ffb0eb6e000 	C:\Windows\System32\ADVAPI32.dll
0x00007ffb0ece0000 - 0x00007ffb0ed7e000 	C:\Windows\System32\msvcrt.dll
0x00007ffb0e4d0000 - 0x00007ffb0e56c000 	C:\Windows\System32\sechost.dll
0x00007ffb10300000 - 0x00007ffb10425000 	C:\Windows\System32\RPCRT4.dll
0x00007ffb0f860000 - 0x00007ffb0fa00000 	C:\Windows\System32\USER32.dll
0x00007ffafaf80000 - 0x00007ffafb21a000 	C:\Windows\WinSxS\amd64_microsoft.windows.common-controls_6595b64144ccf1df_6.0.19041.1110_none_60b5254171f9507e\COMCTL32.dll
0x00007ffb0ddb0000 - 0x00007ffb0ddd2000 	C:\Windows\System32\win32u.dll
0x00007ffb102d0000 - 0x00007ffb102fb000 	C:\Windows\System32\GDI32.dll
0x00007ffb0e140000 - 0x00007ffb0e24b000 	C:\Windows\System32\gdi32full.dll
0x00007ffb0dd10000 - 0x00007ffb0ddad000 	C:\Windows\System32\msvcp_win.dll
0x00007ffb03e00000 - 0x00007ffb03e0a000 	C:\Windows\SYSTEM32\VERSION.dll
0x00007ffb0f710000 - 0x00007ffb0f740000 	C:\Windows\System32\IMM32.DLL
0x00007ffb04160000 - 0x00007ffb0416c000 	C:\Program Files\Java\jdk-17.0.2\bin\vcruntime140_1.dll
0x00007ffad1580000 - 0x00007ffad160d000 	C:\Program Files\Java\jdk-17.0.2\bin\msvcp140.dll
0x00007ffab89e0000 - 0x00007ffab95a1000 	C:\Program Files\Java\jdk-17.0.2\bin\server\jvm.dll
0x00007ffb0f5f0000 - 0x00007ffb0f5f8000 	C:\Windows\System32\PSAPI.DLL
0x00007ffaee3f0000 - 0x00007ffaee3f9000 	C:\Windows\SYSTEM32\WSOCK32.dll
0x00007ffb03dd0000 - 0x00007ffb03df7000 	C:\Windows\SYSTEM32\WINMM.dll
0x00007ffb0e770000 - 0x00007ffb0e7db000 	C:\Windows\System32\WS2_32.dll
0x00007ffb0b980000 - 0x00007ffb0b992000 	C:\Windows\SYSTEM32\kernel.appcore.dll
0x00007ffb03a10000 - 0x00007ffb03a1a000 	C:\Program Files\Java\jdk-17.0.2\bin\jimage.dll
0x00007ffaf73e0000 - 0x00007ffaf75c4000 	C:\Windows\SYSTEM32\DBGHELP.DLL
0x00007ffaf73b0000 - 0x00007ffaf73dc000 	C:\Windows\SYSTEM32\dbgcore.DLL
0x00007ffb0e0b0000 - 0x00007ffb0e132000 	C:\Windows\System32\bcryptPrimitives.dll
0x00007ffb07b90000 - 0x00007ffb07b9e000 	C:\Program Files\Java\jdk-17.0.2\bin\instrument.dll
0x00007ffaeb520000 - 0x00007ffaeb545000 	C:\Program Files\Java\jdk-17.0.2\bin\java.dll
0x00007ffb041d0000 - 0x00007ffb0420b000 	C:\Program Files\Java\jdk-17.0.2\bin\jdwp.dll
0x00007ffad0b30000 - 0x00007ffad0c06000 	C:\Program Files\Java\jdk-17.0.2\bin\jsvml.dll
0x00007ffb0fa00000 - 0x00007ffb10144000 	C:\Windows\System32\SHELL32.dll
0x00007ffb0bc60000 - 0x00007ffb0c3f4000 	C:\Windows\SYSTEM32\windows.storage.dll
0x00007ffb0f1f0000 - 0x00007ffb0f544000 	C:\Windows\System32\combase.dll
0x00007ffb0d5f0000 - 0x00007ffb0d61c000 	C:\Windows\SYSTEM32\Wldp.dll
0x00007ffb0e5f0000 - 0x00007ffb0e69d000 	C:\Windows\System32\SHCORE.dll
0x00007ffb10150000 - 0x00007ffb101a5000 	C:\Windows\System32\shlwapi.dll
0x00007ffb0dad0000 - 0x00007ffb0daef000 	C:\Windows\SYSTEM32\profapi.dll
0x00007ffae9940000 - 0x00007ffae9958000 	C:\Program Files\Java\jdk-17.0.2\bin\zip.dll
0x00007ffaeb500000 - 0x00007ffaeb519000 	C:\Program Files\Java\jdk-17.0.2\bin\net.dll
0x00007ffb04580000 - 0x00007ffb04689000 	C:\Windows\SYSTEM32\WINHTTP.dll
0x00007ffb0d300000 - 0x00007ffb0d36a000 	C:\Windows\system32\mswsock.dll
0x00007ffaeb3c0000 - 0x00007ffaeb3d6000 	C:\Program Files\Java\jdk-17.0.2\bin\nio.dll
0x00007ffb041c0000 - 0x00007ffb041cc000 	C:\Program Files\Java\jdk-17.0.2\bin\dt_socket.dll
0x00007ffb0cfa0000 - 0x00007ffb0cfdb000 	C:\Windows\SYSTEM32\IPHLPAPI.DLL
0x00007ffb0cfe0000 - 0x00007ffb0d0aa000 	C:\Windows\SYSTEM32\DNSAPI.dll
0x00007ffb0f600000 - 0x00007ffb0f608000 	C:\Windows\System32\NSI.dll
0x00007ffb02ac0000 - 0x00007ffb02aca000 	C:\Windows\System32\rasadhlp.dll
0x00007ffb02bb0000 - 0x00007ffb02c2f000 	C:\Windows\System32\fwpuclnt.dll
0x00007ffb0db90000 - 0x00007ffb0dbb7000 	C:\Windows\System32\bcrypt.dll
0x00007ffafd0e0000 - 0x00007ffafd0f0000 	C:\Program Files\Java\jdk-17.0.2\bin\verify.dll
0x00007ffb04150000 - 0x00007ffb04159000 	C:\Program Files\Java\jdk-17.0.2\bin\management.dll
0x00007ffb04140000 - 0x00007ffb0414b000 	C:\Program Files\Java\jdk-17.0.2\bin\management_ext.dll
0x00007ffb0d4e0000 - 0x00007ffb0d4f8000 	C:\Windows\SYSTEM32\CRYPTSP.dll
0x00007ffb0cc20000 - 0x00007ffb0cc54000 	C:\Windows\system32\rsaenh.dll
0x00007ffb0da50000 - 0x00007ffb0da7e000 	C:\Windows\SYSTEM32\USERENV.dll
0x00007ffb0d500000 - 0x00007ffb0d50c000 	C:\Windows\SYSTEM32\CRYPTBASE.dll
0x00007ffb067d0000 - 0x00007ffb067e7000 	C:\Windows\SYSTEM32\dhcpcsvc6.DLL
0x00007ffb067b0000 - 0x00007ffb067cd000 	C:\Windows\SYSTEM32\dhcpcsvc.DLL
0x00007ffafe5c0000 - 0x00007ffafe5ce000 	C:\Program Files\Java\jdk-17.0.2\bin\sunmscapi.dll
0x00007ffb0e370000 - 0x00007ffb0e4c6000 	C:\Windows\System32\CRYPT32.dll
0x00007ffb0d660000 - 0x00007ffb0d687000 	C:\Windows\SYSTEM32\ncrypt.dll
0x00007ffb0d620000 - 0x00007ffb0d65b000 	C:\Windows\SYSTEM32\NTASN1.dll
0x00007ffafe240000 - 0x00007ffafe247000 	C:\Windows\system32\wshunix.dll
0x00007ffaeafd0000 - 0x00007ffaeafe7000 	C:\Windows\system32\napinsp.dll
0x00007ffae96c0000 - 0x00007ffae96db000 	C:\Windows\system32\pnrpnsp.dll
0x00007ffb08a60000 - 0x00007ffb08a75000 	C:\Windows\system32\wshbth.dll
0x00007ffb09520000 - 0x00007ffb0953d000 	C:\Windows\system32\NLAapi.dll
0x00007ffae96a0000 - 0x00007ffae96b2000 	C:\Windows\System32\winrnr.dll

dbghelp: loaded successfully - version: 4.0.5 - missing functions: none
symbol engine: initialized successfully - sym options: 0x614 - pdb path: .;C:\Program Files\Java\jdk-17.0.2\bin;C:\Windows\SYSTEM32;C:\Windows\WinSxS\amd64_microsoft.windows.common-controls_6595b64144ccf1df_6.0.19041.1110_none_60b5254171f9507e;C:\Program Files\Java\jdk-17.0.2\bin\server

VM Arguments:
jvm_args: -Dquarkus-internal.serialized-app-model.path=C:\Users\ANNA\IdeaProjects\quarkus-hibernate-orm-panache-entity\target\quarkus\bootstrap\dev-app-model.dat -javaagent:C:\Users\ANNA\.m2\repository\io\quarkus\quarkus-class-change-agent\2.7.5.Final\quarkus-class-change-agent-2.7.5.Final.jar -XX:TieredStopAtLevel=1 -agentlib:jdwp=transport=dt_socket,address=localhost:5005,server=y,suspend=n -Djava.util.logging.manager=org.jboss.logmanager.LogManager 
java_command: C:\Users\ANNA\IdeaProjects\quarkus-hibernate-orm-panache-entity\target\quarkus-hibernate-orm-panache-entity-dev.jar
java_class_path (initial): C:\Users\ANNA\IdeaProjects\quarkus-hibernate-orm-panache-entity\target\quarkus-hibernate-orm-panache-entity-dev.jar
Launcher Type: SUN_STANDARD

[Global flags]
     intx CICompilerCount                          = 3                                         {product} {ergonomic}
     uint ConcGCThreads                            = 1                                         {product} {ergonomic}
     uint G1ConcRefinementThreads                  = 4                                         {product} {ergonomic}
   size_t G1HeapRegionSize                         = 1048576                                   {product} {ergonomic}
    uintx GCDrainStackTargetSize                   = 64                                        {product} {ergonomic}
   size_t InitialHeapSize                          = 100663296                                 {product} {ergonomic}
   size_t MarkStackSize                            = 4194304                                   {product} {ergonomic}
   size_t MaxHeapSize                              = 1598029824                                {product} {ergonomic}
   size_t MaxNewSize                               = 958398464                                 {product} {ergonomic}
   size_t MinHeapDeltaBytes                        = 1048576                                   {product} {ergonomic}
   size_t MinHeapSize                              = 8388608                                   {product} {ergonomic}
    uintx NonProfiledCodeHeapSize                  = 0                                      {pd product} {ergonomic}
     bool ProfileInterpreter                       = false                                  {pd product} {command line}
    uintx ProfiledCodeHeapSize                     = 0                                      {pd product} {ergonomic}
   size_t SoftMaxHeapSize                          = 1598029824                             {manageable} {ergonomic}
     intx TieredStopAtLevel                        = 1                                         {product} {command line}
     bool UseCompressedClassPointers               = true                           {product lp64_product} {ergonomic}
     bool UseCompressedOops                        = true                           {product lp64_product} {ergonomic}
     bool UseG1GC                                  = true                                      {product} {ergonomic}
     bool UseLargePagesIndividualAllocation        = false                                  {pd product} {ergonomic}

Logging:
Log output configuration:
 #0: stdout all=warning uptime,level,tags
 #1: stderr all=off uptime,level,tags

Environment Variables:
JAVA_HOME=C:\Program Files\Java\jdk-17.0.2
PATH=C:\ProgramData\Oracle\Java\javapath;D:\VMware\bin\;C:\Program Files\Common Files\Oracle\Java\javapath;C:\Windows\system32;C:\Windows;C:\Windows\System32\Wbem;C:\Windows\System32\WindowsPowerShell\v1.0\;C:\Windows\System32\OpenSSH\;D:\nodejs\;C:\Program Files\apache-maven-3.8.4\bin\;C:\Program Files\Java\jdk-17.0.2\bin;C:\Program Files\Apache Software Foundation\apache-maven-3.8.4\bin;D:\Git\cmd;C:\Program Files\Docker\Docker\resources\bin;C:\ProgramData\DockerDesktop\version-bin;C:\Users\ANNA\.jbang\bin;C:\Users\ANNA\AppData\Local\Microsoft\WindowsApps;D:\IntelliJ IDEA Community Edition 2021.2.2\bin;D:\PyCharm Community Edition 2021.2\bin;C:\Program Files\Java\jdk-17.0.2\bin;D:\Microsoft VS Code\bin;C:\Users\ANNA\AppData\Roaming\npm;C:\Program Files\Apache Software Foundation\apache-maven-3.8.4\bin;;D:\IntelliJ IDEA Community Edition 2021.3.2\bin;
USERNAME=ANNA
OS=Windows_NT
PROCESSOR_IDENTIFIER=AMD64 Family 23 Model 24 Stepping 1, AuthenticAMD



---------------  S Y S T E M  ---------------

OS:
 Windows 10 , 64 bit Build 19041 (10.0.19041.1566)
OS uptime: 0 days 6:38 hours
Hyper-V role detected

CPU: total 4 (initial active 4) (4 cores per cpu, 2 threads per core) family 23 model 24 stepping 1 microcode 0x0, cx8, cmov, fxsr, ht, mmx, 3dnowpref, sse, sse2, sse3, ssse3, sse4a, sse4.1, sse4.2, popcnt, lzcnt, tsc, tscinvbit, avx, avx2, aes, clmul, bmi1, bmi2, adx, sha, fma, vzeroupper, clflush, clflushopt, hv

Memory: 4k page, system-wide physical 6094M (145M free)
TotalPageFile size 10094M (AvailPageFile size 26M)
current process WorkingSet (physical memory assigned to process): 301M, peak: 301M
current process commit charge ("private bytes"): 358M, peak: 612M

vm_info: Java HotSpot(TM) 64-Bit Server VM (17.0.2+8-LTS-86) for windows-amd64 JRE (17.0.2+8-LTS-86), built on Dec  7 2021 21:51:03 by "mach5one" with MS VC++ 16.8 / 16.9 (VS2019)

END.
