#
# There is insufficient memory for the Java Runtime Environment to continue.
# Native memory allocation (mmap) failed to map 205520896 bytes for G1 virtual space
# Possible reasons:
#   The system is out of physical RAM or swap space
#   The process is running with CompressedOops enabled, and the Java Heap may be blocking the growth of the native heap
# Possible solutions:
#   Reduce memory load on the system
#   Increase physical memory or swap space
#   Check if swap backing store is full
#   Decrease Java heap size (-Xmx/-Xms)
#   Decrease number of Java threads
#   Decrease Java thread stack sizes (-Xss)
#   Set larger code cache with -XX:ReservedCodeCacheSize=
#   JVM is running with Unscaled Compressed Oops mode in which the Java heap is
#     placed in the first 4GB address space. The Java Heap base address is the
#     maximum limit for the native heap growth. Please use -XX:HeapBaseMinAddress
#     to set the Java Heap base and to place the Java Heap above 4GB virtual address.
# This output file may be truncated or incomplete.
#
#  Out of Memory Error (os_windows.cpp:3532), pid=212, tid=9512
#
# JRE version: Java(TM) SE Runtime Environment (17.0.2+8) (build 17.0.2+8-LTS-86)
# Java VM: Java HotSpot(TM) 64-Bit Server VM (17.0.2+8-LTS-86, mixed mode, emulated-client, sharing, tiered, compressed oops, compressed class ptrs, g1 gc, windows-amd64)
# No core dump will be written. Minidumps are not enabled by default on client versions of Windows
#

---------------  S U M M A R Y ------------

Command Line: -Dquarkus-internal.serialized-app-model.path=C:\Users\ANNA\IdeaProjects\quarkus-hibernate-orm-panache-entity\target\quarkus\bootstrap\dev-app-model.dat -javaagent:C:\Users\ANNA\.m2\repository\io\quarkus\quarkus-class-change-agent\2.7.5.Final\quarkus-class-change-agent-2.7.5.Final.jar -XX:TieredStopAtLevel=1 -agentlib:jdwp=transport=dt_socket,address=localhost:5005,server=y,suspend=n -Djava.util.logging.manager=org.jboss.logmanager.LogManager C:\Users\ANNA\IdeaProjects\quarkus-hibernate-orm-panache-entity\target\quarkus-hibernate-orm-panache-entity-dev.jar

Host: AMD Ryzen 3 3200U with Radeon Vega Mobile Gfx  , 4 cores, 5G,  Windows 10 , 64 bit Build 19041 (10.0.19041.1566)
Time: Sat Apr  9 16:51:08 2022 RTZ 4 (s 10 , 64 bit Build 19041 (10.0.19041.1566) elapsed time: 3.773048 seconds (0d 0h 0m 3s)

---------------  T H R E A D  ---------------

Current thread (0x00000117e7c60be0):  VMThread "VM Thread" [stack: 0x0000001211700000,0x0000001211800000] [id=9512]

Stack: [0x0000001211700000,0x0000001211800000]
Native frames: (J=compiled Java code, j=interpreted, Vv=VM code, C=native code)
V  [jvm.dll+0x670baa]
V  [jvm.dll+0x7cfcb4]
V  [jvm.dll+0x7d145e]
V  [jvm.dll+0x7d1ac3]
V  [jvm.dll+0x242bc5]
V  [jvm.dll+0x66dac9]
V  [jvm.dll+0x662412]
V  [jvm.dll+0x300c0b]
V  [jvm.dll+0x3081a6]
V  [jvm.dll+0x357d0e]
V  [jvm.dll+0x357f3f]
V  [jvm.dll+0x2d7ec8]
V  [jvm.dll+0x2d6194]
V  [jvm.dll+0x2d579c]
V  [jvm.dll+0x3190eb]
V  [jvm.dll+0x7d5f9b]
V  [jvm.dll+0x7d6cd4]
V  [jvm.dll+0x7d71ec]
V  [jvm.dll+0x7d75c4]
V  [jvm.dll+0x7d7690]
V  [jvm.dll+0x77ff7a]
V  [jvm.dll+0x66fa35]
C  [ucrtbase.dll+0x21bb2]
C  [KERNEL32.DLL+0x17034]
C  [ntdll.dll+0x52651]

VM_Operation (0x0000001213efa260): G1CollectForAllocation, mode: safepoint, requested by thread 0x00000117faa3f6d0


---------------  P R O C E S S  ---------------

Threads class SMR info:
_java_thread_list=0x00000117fc069fc0, length=116, elements={
0x00000117e7b8fbf0, 0x00000117e7c65fb0, 0x00000117e7c66d30, 0x00000117f7f39aa0,
0x00000117f7f3c730, 0x00000117f7f3e000, 0x00000117f7f3e8c0, 0x00000117f7f42730,
0x00000117f7f4b040, 0x00000117e7c4e420, 0x00000117f800db10, 0x00000117f90f0700,
0x00000117f90fa590, 0x00000117f90feda0, 0x00000117f938eab0, 0x00000117fa108c50,
0x00000117fa1cbbd0, 0x00000117fab09a70, 0x00000117fb700000, 0x00000117fb7004d0,
0x00000117fa103650, 0x00000117fa103ff0, 0x00000117fa1027e0, 0x00000117fa1044c0,
0x00000117fa102cb0, 0x00000117fa104990, 0x00000117fa105800, 0x00000117fa105cd0,
0x00000117fa1061a0, 0x00000117fa104e60, 0x00000117fa105330, 0x00000117fa103180,
0x00000117faa3f6d0, 0x00000117faa43560, 0x00000117faa40070, 0x00000117faa40ee0,
0x00000117faa443d0, 0x00000117faa413b0, 0x00000117faa41880, 0x00000117faa45be0,
0x00000117faa46580, 0x00000117faa41d50, 0x00000117faa43a30, 0x00000117faa44d70,
0x00000117faa3fba0, 0x00000117faa42220, 0x00000117faa40540, 0x00000117faa3f200,
0x00000117faa40a10, 0x00000117faa448a0, 0x00000117faa42bc0, 0x00000117faa426f0,
0x00000117faa45240, 0x00000117faa460b0, 0x00000117faa43090, 0x00000117faa43f00,
0x00000117faa45710, 0x00000117faa46a50, 0x00000117fb6db730, 0x00000117fb6d6560,
0x00000117fb6dbc00, 0x00000117fb6d5bc0, 0x00000117fb6d78a0, 0x00000117fb6d6a30,
0x00000117fb6d73d0, 0x00000117fb6d9f20, 0x00000117fb6db260, 0x00000117fb6d6f00,
0x00000117fb6da3f0, 0x00000117fb6d9a50, 0x00000117fb6d7d70, 0x00000117fb6d8240,
0x00000117fb6d9580, 0x00000117fb6d6090, 0x00000117fb6da8c0, 0x00000117fb6d56f0,
0x00000117fb6d8710, 0x00000117fb6d8be0, 0x00000117fb6d90b0, 0x00000117fb6dad90,
0x00000117fb6d43b0, 0x00000117fb6d4880, 0x00000117fb6d4d50, 0x00000117fb6d5220,
0x00000117fb855550, 0x00000117fb8546e0, 0x00000117fb857230, 0x00000117fb85a720,
0x00000117fb858a40, 0x00000117fb857bd0, 0x00000117fb859d80, 0x00000117fb8580a0,
0x00000117fb85a250, 0x00000117fb857700, 0x00000117fb85abf0, 0x00000117fb856890,
0x00000117fb858570, 0x00000117fb858f10, 0x00000117fb8593e0, 0x00000117fb855080,
0x00000117fb8598b0, 0x00000117fb8533a0, 0x00000117fb8563c0, 0x00000117fb853870,
0x00000117fb856d60, 0x00000117fb853d40, 0x00000117fb854210, 0x00000117fb854bb0,
0x00000117fb855a20, 0x00000117fb855ef0, 0x00000117fb8d85d0, 0x00000117fb8d9440,
0x00000117fb8d9910, 0x00000117fb8d8aa0, 0x00000117fb8defb0, 0x00000117fb8d8f70
}

Java Threads: ( => current thread )
  0x00000117e7b8fbf0 JavaThread "main" [_thread_blocked, id=2220, stack(0x0000001211100000,0x0000001211200000)]
  0x00000117e7c65fb0 JavaThread "Reference Handler" daemon [_thread_blocked, id=4580, stack(0x0000001211800000,0x0000001211900000)]
  0x00000117e7c66d30 JavaThread "Finalizer" daemon [_thread_blocked, id=10856, stack(0x0000001211900000,0x0000001211a00000)]
  0x00000117f7f39aa0 JavaThread "Signal Dispatcher" daemon [_thread_blocked, id=10796, stack(0x0000001211a00000,0x0000001211b00000)]
  0x00000117f7f3c730 JavaThread "Attach Listener" daemon [_thread_blocked, id=2520, stack(0x0000001211b00000,0x0000001211c00000)]
  0x00000117f7f3e000 JavaThread "Service Thread" daemon [_thread_blocked, id=9544, stack(0x0000001211c00000,0x0000001211d00000)]
  0x00000117f7f3e8c0 JavaThread "Monitor Deflation Thread" daemon [_thread_blocked, id=10940, stack(0x0000001211d00000,0x0000001211e00000)]
  0x00000117f7f42730 JavaThread "C1 CompilerThread0" daemon [_thread_blocked, id=7452, stack(0x0000001211e00000,0x0000001211f00000)]
  0x00000117f7f4b040 JavaThread "Sweeper thread" daemon [_thread_blocked, id=12392, stack(0x0000001211f00000,0x0000001212000000)]
  0x00000117e7c4e420 JavaThread "Common-Cleaner" daemon [_thread_blocked, id=8392, stack(0x0000001212000000,0x0000001212100000)]
  0x00000117f800db10 JavaThread "C1 CompilerThread1" daemon [_thread_blocked, id=7940, stack(0x0000001212100000,0x0000001212200000)]
  0x00000117f90f0700 JavaThread "JDWP Transport Listener: dt_socket" daemon [_thread_in_native, id=6996, stack(0x0000001212200000,0x0000001212300000)]
  0x00000117f90fa590 JavaThread "JDWP Event Helper Thread" daemon [_thread_blocked, id=4832, stack(0x0000001212300000,0x0000001212400000)]
  0x00000117f90feda0 JavaThread "Notification Thread" daemon [_thread_blocked, id=12660, stack(0x0000001212400000,0x0000001212500000)]
  0x00000117f938eab0 JavaThread "C1 CompilerThread2" daemon [_thread_blocked, id=7732, stack(0x0000001212a00000,0x0000001212b00000)]
  0x00000117fa108c50 JavaThread "Quarkus Devmode keep alive thread" [_thread_blocked, id=10664, stack(0x0000001212d00000,0x0000001212e00000)]
  0x00000117fa1cbbd0 JavaThread "ForkJoinPool.commonPool-worker-1" daemon [_thread_blocked, id=12500, stack(0x0000001212e00000,0x0000001212f00000)]
  0x00000117fab09a70 JavaThread "build-1" [_thread_blocked, id=10012, stack(0x0000001212f00000,0x0000001213000000)]
  0x00000117fb700000 JavaThread "build-2" [_thread_blocked, id=11956, stack(0x0000001213000000,0x0000001213100000)]
  0x00000117fb7004d0 JavaThread "build-3" [_thread_blocked, id=12880, stack(0x0000001213100000,0x0000001213200000)]
  0x00000117fa103650 JavaThread "build-4" [_thread_blocked, id=5568, stack(0x0000001213200000,0x0000001213300000)]
  0x00000117fa103ff0 JavaThread "build-5" [_thread_blocked, id=13224, stack(0x0000001213300000,0x0000001213400000)]
  0x00000117fa1027e0 JavaThread "build-6" [_thread_blocked, id=8044, stack(0x0000001213400000,0x0000001213500000)]
  0x00000117fa1044c0 JavaThread "build-7" [_thread_blocked, id=3756, stack(0x0000001213500000,0x0000001213600000)]
  0x00000117fa102cb0 JavaThread "build-8" [_thread_blocked, id=1264, stack(0x0000001213600000,0x0000001213700000)]
  0x00000117fa104990 JavaThread "build-9" [_thread_blocked, id=7852, stack(0x0000001213700000,0x0000001213800000)]
  0x00000117fa105800 JavaThread "build-10" [_thread_blocked, id=3216, stack(0x0000001213800000,0x0000001213900000)]
  0x00000117fa105cd0 JavaThread "build-11" [_thread_blocked, id=12888, stack(0x0000001213900000,0x0000001213a00000)]
  0x00000117fa1061a0 JavaThread "build-12" [_thread_blocked, id=1060, stack(0x0000001213a00000,0x0000001213b00000)]
  0x00000117fa104e60 JavaThread "build-13" [_thread_blocked, id=7984, stack(0x0000001213b00000,0x0000001213c00000)]
  0x00000117fa105330 JavaThread "build-14" [_thread_blocked, id=7788, stack(0x0000001213c00000,0x0000001213d00000)]
  0x00000117fa103180 JavaThread "build-15" [_thread_blocked, id=1080, stack(0x0000001213d00000,0x0000001213e00000)]
  0x00000117faa3f6d0 JavaThread "build-16" [_thread_blocked, id=10868, stack(0x0000001213e00000,0x0000001213f00000)]
  0x00000117faa43560 JavaThread "build-17" [_thread_blocked, id=9400, stack(0x0000001213f00000,0x0000001214000000)]
  0x00000117faa40070 JavaThread "build-18" [_thread_blocked, id=4412, stack(0x0000001214000000,0x0000001214100000)]
  0x00000117faa40ee0 JavaThread "build-19" [_thread_blocked, id=10408, stack(0x0000001214100000,0x0000001214200000)]
  0x00000117faa443d0 JavaThread "build-20" [_thread_blocked, id=3000, stack(0x0000001214200000,0x0000001214300000)]
  0x00000117faa413b0 JavaThread "build-21" [_thread_blocked, id=12216, stack(0x0000001214300000,0x0000001214400000)]
  0x00000117faa41880 JavaThread "build-22" [_thread_blocked, id=6332, stack(0x0000001214400000,0x0000001214500000)]
  0x00000117faa45be0 JavaThread "build-23" [_thread_blocked, id=7180, stack(0x0000001214500000,0x0000001214600000)]
  0x00000117faa46580 JavaThread "build-24" [_thread_blocked, id=7496, stack(0x0000001214600000,0x0000001214700000)]
  0x00000117faa41d50 JavaThread "build-25" [_thread_blocked, id=8568, stack(0x0000001214700000,0x0000001214800000)]
  0x00000117faa43a30 JavaThread "build-26" [_thread_blocked, id=8640, stack(0x0000001214800000,0x0000001214900000)]
  0x00000117faa44d70 JavaThread "build-27" [_thread_blocked, id=11708, stack(0x0000001214900000,0x0000001214a00000)]
  0x00000117faa3fba0 JavaThread "build-28" [_thread_blocked, id=11192, stack(0x0000001214a00000,0x0000001214b00000)]
  0x00000117faa42220 JavaThread "build-29" [_thread_blocked, id=6576, stack(0x0000001214b00000,0x0000001214c00000)]
  0x00000117faa40540 JavaThread "build-30" [_thread_blocked, id=11484, stack(0x0000001214c00000,0x0000001214d00000)]
  0x00000117faa3f200 JavaThread "build-31" [_thread_blocked, id=7992, stack(0x0000001214d00000,0x0000001214e00000)]
  0x00000117faa40a10 JavaThread "build-32" [_thread_blocked, id=8432, stack(0x0000001214e00000,0x0000001214f00000)]
  0x00000117faa448a0 JavaThread "build-33" [_thread_blocked, id=11012, stack(0x0000001214f00000,0x0000001215000000)]
  0x00000117faa42bc0 JavaThread "build-34" [_thread_blocked, id=8964, stack(0x0000001215000000,0x0000001215100000)]
  0x00000117faa426f0 JavaThread "build-35" [_thread_blocked, id=10988, stack(0x0000001215100000,0x0000001215200000)]
  0x00000117faa45240 JavaThread "build-36" [_thread_blocked, id=13252, stack(0x0000001215200000,0x0000001215300000)]
  0x00000117faa460b0 JavaThread "build-37" [_thread_blocked, id=9120, stack(0x0000001215300000,0x0000001215400000)]
  0x00000117faa43090 JavaThread "build-38" [_thread_blocked, id=3412, stack(0x0000001215400000,0x0000001215500000)]
  0x00000117faa43f00 JavaThread "build-39" [_thread_blocked, id=9760, stack(0x0000001215500000,0x0000001215600000)]
  0x00000117faa45710 JavaThread "build-40" [_thread_blocked, id=12704, stack(0x0000001215600000,0x0000001215700000)]
  0x00000117faa46a50 JavaThread "build-41" [_thread_blocked, id=8008, stack(0x0000001215700000,0x0000001215800000)]
  0x00000117fb6db730 JavaThread "build-42" [_thread_blocked, id=12364, stack(0x0000001215800000,0x0000001215900000)]
  0x00000117fb6d6560 JavaThread "build-43" [_thread_blocked, id=5868, stack(0x0000001215900000,0x0000001215a00000)]
  0x00000117fb6dbc00 JavaThread "build-44" [_thread_blocked, id=8268, stack(0x0000001215a00000,0x0000001215b00000)]
  0x00000117fb6d5bc0 JavaThread "build-45" [_thread_blocked, id=10368, stack(0x0000001215b00000,0x0000001215c00000)]
  0x00000117fb6d78a0 JavaThread "build-46" [_thread_blocked, id=12632, stack(0x0000001215c00000,0x0000001215d00000)]
  0x00000117fb6d6a30 JavaThread "build-47" [_thread_blocked, id=11652, stack(0x0000001215d00000,0x0000001215e00000)]
  0x00000117fb6d73d0 JavaThread "build-48" [_thread_blocked, id=10000, stack(0x0000001215e00000,0x0000001215f00000)]
  0x00000117fb6d9f20 JavaThread "build-49" [_thread_blocked, id=1928, stack(0x0000001215f00000,0x0000001216000000)]
  0x00000117fb6db260 JavaThread "build-50" [_thread_blocked, id=11088, stack(0x0000001216000000,0x0000001216100000)]
  0x00000117fb6d6f00 JavaThread "build-51" [_thread_blocked, id=4424, stack(0x0000001216100000,0x0000001216200000)]
  0x00000117fb6da3f0 JavaThread "build-52" [_thread_blocked, id=4448, stack(0x0000001216200000,0x0000001216300000)]
  0x00000117fb6d9a50 JavaThread "build-53" [_thread_blocked, id=6568, stack(0x0000001216300000,0x0000001216400000)]
  0x00000117fb6d7d70 JavaThread "build-54" [_thread_blocked, id=3040, stack(0x0000001216400000,0x0000001216500000)]
  0x00000117fb6d8240 JavaThread "build-55" [_thread_blocked, id=488, stack(0x0000001216500000,0x0000001216600000)]
  0x00000117fb6d9580 JavaThread "build-56" [_thread_blocked, id=9492, stack(0x0000001216600000,0x0000001216700000)]
  0x00000117fb6d6090 JavaThread "build-57" [_thread_blocked, id=12292, stack(0x0000001216700000,0x0000001216800000)]
  0x00000117fb6da8c0 JavaThread "build-58" [_thread_blocked, id=7432, stack(0x0000001216800000,0x0000001216900000)]
  0x00000117fb6d56f0 JavaThread "build-59" [_thread_blocked, id=4192, stack(0x0000001216900000,0x0000001216a00000)]
  0x00000117fb6d8710 JavaThread "build-60" [_thread_blocked, id=8444, stack(0x0000001216a00000,0x0000001216b00000)]
  0x00000117fb6d8be0 JavaThread "build-61" [_thread_blocked, id=6140, stack(0x0000001216b00000,0x0000001216c00000)]
  0x00000117fb6d90b0 JavaThread "build-62" [_thread_blocked, id=12764, stack(0x0000001216c00000,0x0000001216d00000)]
  0x00000117fb6dad90 JavaThread "build-63" [_thread_blocked, id=1076, stack(0x0000001216d00000,0x0000001216e00000)]
  0x00000117fb6d43b0 JavaThread "build-64" [_thread_blocked, id=7636, stack(0x0000001216e00000,0x0000001216f00000)]
  0x00000117fb6d4880 JavaThread "build-65" [_thread_blocked, id=1352, stack(0x0000001216f00000,0x0000001217000000)]
  0x00000117fb6d4d50 JavaThread "build-66" [_thread_blocked, id=6420, stack(0x0000001217000000,0x0000001217100000)]
  0x00000117fb6d5220 JavaThread "build-67" [_thread_blocked, id=9128, stack(0x0000001217100000,0x0000001217200000)]
  0x00000117fb855550 JavaThread "build-68" [_thread_blocked, id=11328, stack(0x0000001217200000,0x0000001217300000)]
  0x00000117fb8546e0 JavaThread "build-69" [_thread_blocked, id=1292, stack(0x0000001217300000,0x0000001217400000)]
  0x00000117fb857230 JavaThread "build-70" [_thread_blocked, id=4872, stack(0x0000001217400000,0x0000001217500000)]
  0x00000117fb85a720 JavaThread "build-71" [_thread_blocked, id=12080, stack(0x0000001217500000,0x0000001217600000)]
  0x00000117fb858a40 JavaThread "build-72" [_thread_blocked, id=4268, stack(0x0000001217600000,0x0000001217700000)]
  0x00000117fb857bd0 JavaThread "build-73" [_thread_blocked, id=3680, stack(0x0000001217700000,0x0000001217800000)]
  0x00000117fb859d80 JavaThread "build-74" [_thread_blocked, id=3272, stack(0x0000001217800000,0x0000001217900000)]
  0x00000117fb8580a0 JavaThread "build-75" [_thread_blocked, id=13232, stack(0x0000001217900000,0x0000001217a00000)]
  0x00000117fb85a250 JavaThread "build-76" [_thread_blocked, id=8680, stack(0x0000001217a00000,0x0000001217b00000)]
  0x00000117fb857700 JavaThread "build-77" [_thread_blocked, id=2756, stack(0x0000001217b00000,0x0000001217c00000)]
  0x00000117fb85abf0 JavaThread "build-78" [_thread_blocked, id=11796, stack(0x0000001217c00000,0x0000001217d00000)]
  0x00000117fb856890 JavaThread "build-79" [_thread_blocked, id=9468, stack(0x0000001217d00000,0x0000001217e00000)]
  0x00000117fb858570 JavaThread "build-80" [_thread_blocked, id=8732, stack(0x0000001217e00000,0x0000001217f00000)]
  0x00000117fb858f10 JavaThread "build-81" [_thread_blocked, id=5344, stack(0x0000001217f00000,0x0000001218000000)]
  0x00000117fb8593e0 JavaThread "build-82" [_thread_blocked, id=5632, stack(0x0000001218000000,0x0000001218100000)]
  0x00000117fb855080 JavaThread "build-83" [_thread_blocked, id=7200, stack(0x0000001218100000,0x0000001218200000)]
  0x00000117fb8598b0 JavaThread "build-84" [_thread_blocked, id=3708, stack(0x0000001218200000,0x0000001218300000)]
  0x00000117fb8533a0 JavaThread "build-85" [_thread_blocked, id=9924, stack(0x0000001218300000,0x0000001218400000)]
  0x00000117fb8563c0 JavaThread "build-86" [_thread_blocked, id=5148, stack(0x0000001218400000,0x0000001218500000)]
  0x00000117fb853870 JavaThread "build-87" [_thread_blocked, id=10028, stack(0x0000001218500000,0x0000001218600000)]
  0x00000117fb856d60 JavaThread "build-88" [_thread_blocked, id=11596, stack(0x0000001218600000,0x0000001218700000)]
  0x00000117fb853d40 JavaThread "build-89" [_thread_blocked, id=8128, stack(0x0000001218700000,0x0000001218800000)]
  0x00000117fb854210 JavaThread "build-90" [_thread_blocked, id=4868, stack(0x0000001218800000,0x0000001218900000)]
  0x00000117fb854bb0 JavaThread "build-91" [_thread_blocked, id=8068, stack(0x0000001218900000,0x0000001218a00000)]
  0x00000117fb855a20 JavaThread "build-92" [_thread_blocked, id=10504, stack(0x0000001218a00000,0x0000001218b00000)]
  0x00000117fb855ef0 JavaThread "build-93" [_thread_blocked, id=720, stack(0x0000001218b00000,0x0000001218c00000)]
  0x00000117fb8d85d0 JavaThread "build-94" [_thread_blocked, id=11432, stack(0x0000001218c00000,0x0000001218d00000)]
  0x00000117fb8d9440 JavaThread "build-95" [_thread_blocked, id=5980, stack(0x0000001218d00000,0x0000001218e00000)]
  0x00000117fb8d9910 JavaThread "org.aesh.readline.terminal.impl.WinExternalTerminal@1913d28a input pump thread" daemon [_thread_in_native, id=12548, stack(0x0000001218e00000,0x0000001218f00000)]
  0x00000117fb8d8aa0 JavaThread "Aesh InputStream Reader" daemon [_thread_blocked, id=4308, stack(0x0000001218f00000,0x0000001219000000)]
  0x00000117fb8defb0 JavaThread "Quarkus Terminal Reader" daemon [_thread_blocked, id=12728, stack(0x0000001219000000,0x0000001219100000)]
  0x00000117fb8d8f70 JavaThread "vertx-blocked-thread-checker" daemon [_thread_blocked, id=6680, stack(0x0000001219100000,0x0000001219200000)]

Other Threads:
=>0x00000117e7c60be0 VMThread "VM Thread" [stack: 0x0000001211700000,0x0000001211800000] [id=9512]
  0x00000117e7b90ba0 WatcherThread [stack: 0x0000001212500000,0x0000001212600000] [id=5968]
  0x00000117e7bc50d0 GCTaskThread "GC Thread#0" [stack: 0x0000001211200000,0x0000001211300000] [id=12180]
  0x00000117f936f850 GCTaskThread "GC Thread#1" [stack: 0x0000001212600000,0x0000001212700000] [id=9412]
  0x00000117f9384690 GCTaskThread "GC Thread#2" [stack: 0x0000001212700000,0x0000001212800000] [id=10160]
  0x00000117f9384940 GCTaskThread "GC Thread#3" [stack: 0x0000001212800000,0x0000001212900000] [id=3420]
  0x00000117e7bd2db0 ConcurrentGCThread "G1 Main Marker" [stack: 0x0000001211300000,0x0000001211400000] [id=3600]
  0x00000117e7bd3e70 ConcurrentGCThread "G1 Conc#0" [stack: 0x0000001211400000,0x0000001211500000] [id=6780]
  0x00000117e7c37190 ConcurrentGCThread "G1 Refine#0" [stack: 0x0000001211500000,0x0000001211600000] [id=9080]
  0x00000117f9373f20 ConcurrentGCThread "G1 Refine#1" [stack: 0x0000001212900000,0x0000001212a00000] [id=10024]
  0x00000117f9e4dcf0 ConcurrentGCThread "G1 Refine#2" [stack: 0x0000001212b00000,0x0000001212c00000] [id=7468]
  0x00000117f9e4dfd0 ConcurrentGCThread "G1 Refine#3" [stack: 0x0000001212c00000,0x0000001212d00000] [id=12340]
  0x00000117e7c38ad0 ConcurrentGCThread "G1 Service" [stack: 0x0000001211600000,0x0000001211700000] [id=11552]

Threads with active compile tasks:
C1 CompilerThread0     3802 5290       1       java.math.BigInteger::<init> (404 bytes)
C1 CompilerThread2     3802 5298       1       sun.security.util.ObjectIdentifier::pack (219 bytes)

VM state: at safepoint (normal execution)

VM Mutex/Monitor currently owned by a thread:  ([mutex/lock_event])
[0x00000117e7b891b0] Threads_lock - owner thread: 0x00000117e7c60be0
[0x00000117e7b8a560] Heap_lock - owner thread: 0x00000117faa3f6d0

Heap address: 0x00000000a0c00000, size: 1524 MB, Compressed Oops mode: 32-bit

CDS archive(s) mapped at: [0x0000000800000000-0x0000000800bc0000-0x0000000800bc0000), size 12320768, SharedBaseAddress: 0x0000000800000000, ArchiveRelocationMode: 0.
Compressed class space mapped at: 0x0000000800c00000-0x0000000840c00000, reserved size: 1073741824
Narrow klass base: 0x0000000800000000, Narrow klass shift: 0, Narrow klass range: 0x100000000

GC Precious Log:
 CPUs: 4 total, 4 available
 Memory: 6094M
 Large Page Support: Disabled
 NUMA Support: Disabled
 Compressed Oops: Enabled (32-bit)
 Heap Region Size: 1M
 Heap Min Capacity: 8M
 Heap Initial Capacity: 96M
 Heap Max Capacity: 1524M
 Pre-touch: Disabled
 Parallel Workers: 4
 Concurrent Workers: 1
 Concurrent Refinement Workers: 4
 Periodic GC: Disabled

Heap:
 garbage-first heap   total 173056K, used 58169K [0x00000000a0c00000, 0x0000000100000000)
  region size 1024K, 3 young (3072K), 3 survivors (3072K)
 Metaspace       used 29823K, committed 30208K, reserved 1081344K
  class space    used 4366K, committed 4544K, reserved 1048576K

Heap Regions: E=young(eden), S=young(survivor), O=old, HS=humongous(starts), HC=humongous(continues), CS=collection set, F=free, OA=open archive, CA=closed archive, TAMS=top-at-mark-start (previous, next)
|   0|0x00000000a0c00000, 0x00000000a0d00000, 0x00000000a0d00000|100%| O|  |TAMS 0x00000000a0d00000, 0x00000000a0d00000| Untracked 
|   1|0x00000000a0d00000, 0x00000000a0e00000, 0x00000000a0e00000|100%| O|  |TAMS 0x00000000a0e00000, 0x00000000a0e00000| Untracked 
|   2|0x00000000a0e00000, 0x00000000a0f00000, 0x00000000a0f00000|100%| O|  |TAMS 0x00000000a0f00000, 0x00000000a0f00000| Untracked 
|   3|0x00000000a0f00000, 0x00000000a1000000, 0x00000000a1000000|100%| O|  |TAMS 0x00000000a1000000, 0x00000000a1000000| Untracked 
|   4|0x00000000a1000000, 0x00000000a1100000, 0x00000000a1100000|100%|HS|  |TAMS 0x00000000a1100000, 0x00000000a1100000| Complete 
|   5|0x00000000a1100000, 0x00000000a1200000, 0x00000000a1200000|100%|HS|  |TAMS 0x00000000a1200000, 0x00000000a1200000| Complete 
|   6|0x00000000a1200000, 0x00000000a1300000, 0x00000000a1300000|100%|HC|  |TAMS 0x00000000a1300000, 0x00000000a1300000| Complete 
|   7|0x00000000a1300000, 0x00000000a1400000, 0x00000000a1400000|100%| O|  |TAMS 0x00000000a1400000, 0x00000000a1400000| Untracked 
|   8|0x00000000a1400000, 0x00000000a1500000, 0x00000000a1500000|100%| O|  |TAMS 0x00000000a1500000, 0x00000000a1500000| Untracked 
|   9|0x00000000a1500000, 0x00000000a1600000, 0x00000000a1600000|100%| O|  |TAMS 0x00000000a1600000, 0x00000000a1600000| Untracked 
|  10|0x00000000a1600000, 0x00000000a1700000, 0x00000000a1700000|100%| O|  |TAMS 0x00000000a1700000, 0x00000000a1700000| Untracked 
|  11|0x00000000a1700000, 0x00000000a1800000, 0x00000000a1800000|100%| O|  |TAMS 0x00000000a1800000, 0x00000000a1800000| Untracked 
|  12|0x00000000a1800000, 0x00000000a1900000, 0x00000000a1900000|100%| O|  |TAMS 0x00000000a1900000, 0x00000000a1900000| Untracked 
|  13|0x00000000a1900000, 0x00000000a1a00000, 0x00000000a1a00000|100%| O|  |TAMS 0x00000000a1a00000, 0x00000000a1a00000| Untracked 
|  14|0x00000000a1a00000, 0x00000000a1b00000, 0x00000000a1b00000|100%| O|  |TAMS 0x00000000a1b00000, 0x00000000a1b00000| Untracked 
|  15|0x00000000a1b00000, 0x00000000a1c00000, 0x00000000a1c00000|100%| O|  |TAMS 0x00000000a1c00000, 0x00000000a1c00000| Untracked 
|  16|0x00000000a1c00000, 0x00000000a1d00000, 0x00000000a1d00000|100%| O|  |TAMS 0x00000000a1d00000, 0x00000000a1d00000| Untracked 
|  17|0x00000000a1d00000, 0x00000000a1e00000, 0x00000000a1e00000|100%| O|  |TAMS 0x00000000a1e00000, 0x00000000a1e00000| Untracked 
|  18|0x00000000a1e00000, 0x00000000a1f00000, 0x00000000a1f00000|100%| O|  |TAMS 0x00000000a1f00000, 0x00000000a1f00000| Untracked 
|  19|0x00000000a1f00000, 0x00000000a2000000, 0x00000000a2000000|100%| O|  |TAMS 0x00000000a2000000, 0x00000000a2000000| Untracked 
|  20|0x00000000a2000000, 0x00000000a2100000, 0x00000000a2100000|100%| O|  |TAMS 0x00000000a2000000, 0x00000000a2100000| Untracked 
|  21|0x00000000a2100000, 0x00000000a2200000, 0x00000000a2200000|100%| O|  |TAMS 0x00000000a2200000, 0x00000000a2200000| Untracked 
|  22|0x00000000a2200000, 0x00000000a2300000, 0x00000000a2300000|100%| O|  |TAMS 0x00000000a2300000, 0x00000000a2300000| Untracked 
|  23|0x00000000a2300000, 0x00000000a2400000, 0x00000000a2400000|100%| O|  |TAMS 0x00000000a2400000, 0x00000000a2400000| Untracked 
|  24|0x00000000a2400000, 0x00000000a2500000, 0x00000000a2500000|100%| O|  |TAMS 0x00000000a2500000, 0x00000000a2500000| Untracked 
|  25|0x00000000a2500000, 0x00000000a2600000, 0x00000000a2600000|100%| O|  |TAMS 0x00000000a2600000, 0x00000000a2600000| Untracked 
|  26|0x00000000a2600000, 0x00000000a2600000, 0x00000000a2700000|  0%| F|  |TAMS 0x00000000a2600000, 0x00000000a2600000| Untracked 
|  27|0x00000000a2700000, 0x00000000a2800000, 0x00000000a2800000|100%| O|  |TAMS 0x00000000a2800000, 0x00000000a2800000| Untracked 
|  28|0x00000000a2800000, 0x00000000a2900000, 0x00000000a2900000|100%| O|  |TAMS 0x00000000a2900000, 0x00000000a2900000| Untracked 
|  29|0x00000000a2900000, 0x00000000a2a00000, 0x00000000a2a00000|100%| O|  |TAMS 0x00000000a2a00000, 0x00000000a2a00000| Untracked 
|  30|0x00000000a2a00000, 0x00000000a2b00000, 0x00000000a2b00000|100%| O|  |TAMS 0x00000000a2b00000, 0x00000000a2b00000| Untracked 
|  31|0x00000000a2b00000, 0x00000000a2c00000, 0x00000000a2c00000|100%| O|  |TAMS 0x00000000a2c00000, 0x00000000a2c00000| Untracked 
|  32|0x00000000a2c00000, 0x00000000a2d00000, 0x00000000a2d00000|100%| O|  |TAMS 0x00000000a2d00000, 0x00000000a2d00000| Untracked 
|  33|0x00000000a2d00000, 0x00000000a2e00000, 0x00000000a2e00000|100%| O|  |TAMS 0x00000000a2e00000, 0x00000000a2e00000| Untracked 
|  34|0x00000000a2e00000, 0x00000000a2f00000, 0x00000000a2f00000|100%| O|  |TAMS 0x00000000a2f00000, 0x00000000a2f00000| Untracked 
|  35|0x00000000a2f00000, 0x00000000a3000000, 0x00000000a3000000|100%| O|  |TAMS 0x00000000a3000000, 0x00000000a3000000| Untracked 
|  36|0x00000000a3000000, 0x00000000a3100000, 0x00000000a3100000|100%| O|  |TAMS 0x00000000a3100000, 0x00000000a3100000| Untracked 
|  37|0x00000000a3100000, 0x00000000a3200000, 0x00000000a3200000|100%| O|  |TAMS 0x00000000a3200000, 0x00000000a3200000| Untracked 
|  38|0x00000000a3200000, 0x00000000a3300000, 0x00000000a3300000|100%| O|  |TAMS 0x00000000a3300000, 0x00000000a3300000| Untracked 
|  39|0x00000000a3300000, 0x00000000a3400000, 0x00000000a3400000|100%| O|  |TAMS 0x00000000a3400000, 0x00000000a3400000| Untracked 
|  40|0x00000000a3400000, 0x00000000a3500000, 0x00000000a3500000|100%| O|  |TAMS 0x00000000a3500000, 0x00000000a3500000| Untracked 
|  41|0x00000000a3500000, 0x00000000a3600000, 0x00000000a3600000|100%| O|  |TAMS 0x00000000a3600000, 0x00000000a3600000| Untracked 
|  42|0x00000000a3600000, 0x00000000a3700000, 0x00000000a3700000|100%| O|  |TAMS 0x00000000a3700000, 0x00000000a3700000| Untracked 
|  43|0x00000000a3700000, 0x00000000a3800000, 0x00000000a3800000|100%| O|  |TAMS 0x00000000a3800000, 0x00000000a3800000| Untracked 
|  44|0x00000000a3800000, 0x00000000a3900000, 0x00000000a3900000|100%| O|  |TAMS 0x00000000a3900000, 0x00000000a3900000| Untracked 
|  45|0x00000000a3900000, 0x00000000a3a00000, 0x00000000a3a00000|100%| O|  |TAMS 0x00000000a397fc00, 0x00000000a3a00000| Untracked 
|  46|0x00000000a3a00000, 0x00000000a3b00000, 0x00000000a3b00000|100%| O|  |TAMS 0x00000000a3a00000, 0x00000000a3b00000| Untracked 
|  47|0x00000000a3b00000, 0x00000000a3c00000, 0x00000000a3c00000|100%| O|  |TAMS 0x00000000a3b00000, 0x00000000a3c00000| Untracked 
|  48|0x00000000a3c00000, 0x00000000a3d00000, 0x00000000a3d00000|100%| O|  |TAMS 0x00000000a3c00000, 0x00000000a3d00000| Untracked 
|  49|0x00000000a3d00000, 0x00000000a3e00000, 0x00000000a3e00000|100%| O|  |TAMS 0x00000000a3d00000, 0x00000000a3e00000| Untracked 
|  50|0x00000000a3e00000, 0x00000000a3f00000, 0x00000000a3f00000|100%| O|  |TAMS 0x00000000a3e00000, 0x00000000a3f00000| Untracked 
|  51|0x00000000a3f00000, 0x00000000a4000000, 0x00000000a4000000|100%| O|  |TAMS 0x00000000a3f00000, 0x00000000a4000000| Untracked 
|  52|0x00000000a4000000, 0x00000000a4100000, 0x00000000a4100000|100%| O|  |TAMS 0x00000000a4000000, 0x00000000a4100000| Untracked 
|  53|0x00000000a4100000, 0x00000000a4200000, 0x00000000a4200000|100%| O|  |TAMS 0x00000000a4100000, 0x00000000a4200000| Untracked 
|  54|0x00000000a4200000, 0x00000000a42f0c00, 0x00000000a4300000| 94%| O|  |TAMS 0x00000000a4200000, 0x00000000a42f0c00| Untracked 
|  55|0x00000000a4300000, 0x00000000a4300000, 0x00000000a4400000|  0%| F|  |TAMS 0x00000000a4300000, 0x00000000a4300000| Untracked 
|  56|0x00000000a4400000, 0x00000000a4400000, 0x00000000a4500000|  0%| F|  |TAMS 0x00000000a4400000, 0x00000000a4400000| Untracked 
|  57|0x00000000a4500000, 0x00000000a4500000, 0x00000000a4600000|  0%| F|  |TAMS 0x00000000a4500000, 0x00000000a4500000| Untracked 
|  58|0x00000000a4600000, 0x00000000a4600000, 0x00000000a4700000|  0%| F|  |TAMS 0x00000000a4600000, 0x00000000a4600000| Untracked 
|  59|0x00000000a4700000, 0x00000000a4700000, 0x00000000a4800000|  0%| F|  |TAMS 0x00000000a4700000, 0x00000000a4700000| Untracked 
|  60|0x00000000a4800000, 0x00000000a4800000, 0x00000000a4900000|  0%| F|  |TAMS 0x00000000a4800000, 0x00000000a4800000| Untracked 
|  61|0x00000000a4900000, 0x00000000a4900000, 0x00000000a4a00000|  0%| F|  |TAMS 0x00000000a4900000, 0x00000000a4900000| Untracked 
|  62|0x00000000a4a00000, 0x00000000a4a00000, 0x00000000a4b00000|  0%| F|  |TAMS 0x00000000a4a00000, 0x00000000a4a00000| Untracked 
|  63|0x00000000a4b00000, 0x00000000a4b00000, 0x00000000a4c00000|  0%| F|  |TAMS 0x00000000a4b00000, 0x00000000a4b00000| Untracked 
|  64|0x00000000a4c00000, 0x00000000a4c00000, 0x00000000a4d00000|  0%| F|  |TAMS 0x00000000a4c00000, 0x00000000a4c00000| Untracked 
|  65|0x00000000a4d00000, 0x00000000a4d00000, 0x00000000a4e00000|  0%| F|  |TAMS 0x00000000a4d00000, 0x00000000a4d00000| Untracked 
|  66|0x00000000a4e00000, 0x00000000a4e00000, 0x00000000a4f00000|  0%| F|  |TAMS 0x00000000a4e00000, 0x00000000a4e00000| Untracked 
|  67|0x00000000a4f00000, 0x00000000a4f00000, 0x00000000a5000000|  0%| F|  |TAMS 0x00000000a4f00000, 0x00000000a4f00000| Untracked 
|  68|0x00000000a5000000, 0x00000000a5000000, 0x00000000a5100000|  0%| F|  |TAMS 0x00000000a5000000, 0x00000000a5000000| Untracked 
|  69|0x00000000a5100000, 0x00000000a5100000, 0x00000000a5200000|  0%| F|  |TAMS 0x00000000a5100000, 0x00000000a5100000| Untracked 
|  70|0x00000000a5200000, 0x00000000a5200000, 0x00000000a5300000|  0%| F|  |TAMS 0x00000000a5200000, 0x00000000a5200000| Untracked 
|  71|0x00000000a5300000, 0x00000000a5300000, 0x00000000a5400000|  0%| F|  |TAMS 0x00000000a5300000, 0x00000000a5300000| Untracked 
|  72|0x00000000a5400000, 0x00000000a5400000, 0x00000000a5500000|  0%| F|  |TAMS 0x00000000a5400000, 0x00000000a5400000| Untracked 
|  73|0x00000000a5500000, 0x00000000a5500000, 0x00000000a5600000|  0%| F|  |TAMS 0x00000000a5500000, 0x00000000a5500000| Untracked 
|  74|0x00000000a5600000, 0x00000000a5600000, 0x00000000a5700000|  0%| F|  |TAMS 0x00000000a5600000, 0x00000000a5600000| Untracked 
|  75|0x00000000a5700000, 0x00000000a5700000, 0x00000000a5800000|  0%| F|  |TAMS 0x00000000a5700000, 0x00000000a5700000| Untracked 
|  76|0x00000000a5800000, 0x00000000a5800000, 0x00000000a5900000|  0%| F|  |TAMS 0x00000000a5800000, 0x00000000a5800000| Untracked 
|  77|0x00000000a5900000, 0x00000000a5900000, 0x00000000a5a00000|  0%| F|  |TAMS 0x00000000a5900000, 0x00000000a5900000| Untracked 
|  78|0x00000000a5a00000, 0x00000000a5a00000, 0x00000000a5b00000|  0%| F|  |TAMS 0x00000000a5a00000, 0x00000000a5a00000| Untracked 
|  79|0x00000000a5b00000, 0x00000000a5b00000, 0x00000000a5c00000|  0%| F|  |TAMS 0x00000000a5b00000, 0x00000000a5b00000| Untracked 
|  80|0x00000000a5c00000, 0x00000000a5c00000, 0x00000000a5d00000|  0%| F|  |TAMS 0x00000000a5c00000, 0x00000000a5c00000| Untracked 
|  81|0x00000000a5d00000, 0x00000000a5d00000, 0x00000000a5e00000|  0%| F|  |TAMS 0x00000000a5d00000, 0x00000000a5d00000| Untracked 
|  82|0x00000000a5e00000, 0x00000000a5e00000, 0x00000000a5f00000|  0%| F|  |TAMS 0x00000000a5e00000, 0x00000000a5e00000| Untracked 
|  83|0x00000000a5f00000, 0x00000000a5f00000, 0x00000000a6000000|  0%| F|  |TAMS 0x00000000a5f00000, 0x00000000a5f00000| Untracked 
|  84|0x00000000a6000000, 0x00000000a6000000, 0x00000000a6100000|  0%| F|  |TAMS 0x00000000a6000000, 0x00000000a6000000| Untracked 
|  85|0x00000000a6100000, 0x00000000a6100000, 0x00000000a6200000|  0%| F|  |TAMS 0x00000000a6100000, 0x00000000a6100000| Untracked 
|  86|0x00000000a6200000, 0x00000000a6200000, 0x00000000a6300000|  0%| F|  |TAMS 0x00000000a6200000, 0x00000000a6200000| Untracked 
|  87|0x00000000a6300000, 0x00000000a6300000, 0x00000000a6400000|  0%| F|  |TAMS 0x00000000a6300000, 0x00000000a6300000| Untracked 
|  88|0x00000000a6400000, 0x00000000a6400000, 0x00000000a6500000|  0%| F|  |TAMS 0x00000000a6400000, 0x00000000a6400000| Untracked 
|  89|0x00000000a6500000, 0x00000000a6500000, 0x00000000a6600000|  0%| F|  |TAMS 0x00000000a6500000, 0x00000000a6500000| Untracked 
|  90|0x00000000a6600000, 0x00000000a6600000, 0x00000000a6700000|  0%| F|  |TAMS 0x00000000a6600000, 0x00000000a6600000| Untracked 
|  91|0x00000000a6700000, 0x00000000a6700000, 0x00000000a6800000|  0%| F|  |TAMS 0x00000000a6700000, 0x00000000a6700000| Untracked 
|  92|0x00000000a6800000, 0x00000000a6800000, 0x00000000a6900000|  0%| F|  |TAMS 0x00000000a6800000, 0x00000000a6800000| Untracked 
|  93|0x00000000a6900000, 0x00000000a69dda90, 0x00000000a6a00000| 86%| S|CS|TAMS 0x00000000a6900000, 0x00000000a6900000| Complete 
|  94|0x00000000a6a00000, 0x00000000a6b00000, 0x00000000a6b00000|100%| S|CS|TAMS 0x00000000a6a00000, 0x00000000a6a00000| Complete 
|  95|0x00000000a6b00000, 0x00000000a6c00000, 0x00000000a6c00000|100%| S|CS|TAMS 0x00000000a6b00000, 0x00000000a6b00000| Complete 
|  96|0x00000000a6c00000, 0x00000000a6c00000, 0x00000000a6d00000|  0%| F|  |TAMS 0x00000000a6c00000, 0x00000000a6c00000| Untracked 
|  97|0x00000000a6d00000, 0x00000000a6d00000, 0x00000000a6e00000|  0%| F|  |TAMS 0x00000000a6d00000, 0x00000000a6d00000| Untracked 
|  98|0x00000000a6e00000, 0x00000000a6e00000, 0x00000000a6f00000|  0%| F|  |TAMS 0x00000000a6e00000, 0x00000000a6e00000| Untracked 
|  99|0x00000000a6f00000, 0x00000000a6f00000, 0x00000000a7000000|  0%| F|  |TAMS 0x00000000a6f00000, 0x00000000a6f00000| Untracked 
| 100|0x00000000a7000000, 0x00000000a7000000, 0x00000000a7100000|  0%| F|  |TAMS 0x00000000a7000000, 0x00000000a7000000| Untracked 
| 101|0x00000000a7100000, 0x00000000a7100000, 0x00000000a7200000|  0%| F|  |TAMS 0x00000000a7100000, 0x00000000a7100000| Untracked 
| 102|0x00000000a7200000, 0x00000000a7200000, 0x00000000a7300000|  0%| F|  |TAMS 0x00000000a7200000, 0x00000000a7200000| Untracked 
| 103|0x00000000a7300000, 0x00000000a7300000, 0x00000000a7400000|  0%| F|  |TAMS 0x00000000a7300000, 0x00000000a7300000| Untracked 
| 104|0x00000000a7400000, 0x00000000a7400000, 0x00000000a7500000|  0%| F|  |TAMS 0x00000000a7400000, 0x00000000a7400000| Untracked 
| 105|0x00000000a7500000, 0x00000000a7500000, 0x00000000a7600000|  0%| F|  |TAMS 0x00000000a7500000, 0x00000000a7500000| Untracked 
| 106|0x00000000a7600000, 0x00000000a7600000, 0x00000000a7700000|  0%| F|  |TAMS 0x00000000a7600000, 0x00000000a7600000| Untracked 
| 107|0x00000000a7700000, 0x00000000a7700000, 0x00000000a7800000|  0%| F|  |TAMS 0x00000000a7700000, 0x00000000a7700000| Untracked 
| 108|0x00000000a7800000, 0x00000000a7800000, 0x00000000a7900000|  0%| F|  |TAMS 0x00000000a7800000, 0x00000000a7800000| Untracked 
| 109|0x00000000a7900000, 0x00000000a7900000, 0x00000000a7a00000|  0%| F|  |TAMS 0x00000000a7900000, 0x00000000a7900000| Untracked 
| 110|0x00000000a7a00000, 0x00000000a7a00000, 0x00000000a7b00000|  0%| F|  |TAMS 0x00000000a7a00000, 0x00000000a7a00000| Untracked 
| 111|0x00000000a7b00000, 0x00000000a7b00000, 0x00000000a7c00000|  0%| F|  |TAMS 0x00000000a7b00000, 0x00000000a7b00000| Untracked 
| 112|0x00000000a7c00000, 0x00000000a7c00000, 0x00000000a7d00000|  0%| F|  |TAMS 0x00000000a7c00000, 0x00000000a7c00000| Untracked 
| 113|0x00000000a7d00000, 0x00000000a7d00000, 0x00000000a7e00000|  0%| F|  |TAMS 0x00000000a7d00000, 0x00000000a7d00000| Untracked 
| 114|0x00000000a7e00000, 0x00000000a7e00000, 0x00000000a7f00000|  0%| F|  |TAMS 0x00000000a7e00000, 0x00000000a7e00000| Untracked 
| 115|0x00000000a7f00000, 0x00000000a7f00000, 0x00000000a8000000|  0%| F|  |TAMS 0x00000000a7f00000, 0x00000000a7f00000| Untracked 
| 116|0x00000000a8000000, 0x00000000a8000000, 0x00000000a8100000|  0%| F|  |TAMS 0x00000000a8000000, 0x00000000a8000000| Untracked 
| 117|0x00000000a8100000, 0x00000000a8100000, 0x00000000a8200000|  0%| F|  |TAMS 0x00000000a8100000, 0x00000000a8100000| Untracked 
| 118|0x00000000a8200000, 0x00000000a8200000, 0x00000000a8300000|  0%| F|  |TAMS 0x00000000a8200000, 0x00000000a8200000| Untracked 
| 119|0x00000000a8300000, 0x00000000a8300000, 0x00000000a8400000|  0%| F|  |TAMS 0x00000000a8300000, 0x00000000a8300000| Untracked 
| 120|0x00000000a8400000, 0x00000000a8400000, 0x00000000a8500000|  0%| F|  |TAMS 0x00000000a8400000, 0x00000000a8400000| Untracked 
| 121|0x00000000a8500000, 0x00000000a8500000, 0x00000000a8600000|  0%| F|  |TAMS 0x00000000a8500000, 0x00000000a8500000| Untracked 
| 122|0x00000000a8600000, 0x00000000a8600000, 0x00000000a8700000|  0%| F|  |TAMS 0x00000000a8600000, 0x00000000a8600000| Untracked 
| 123|0x00000000a8700000, 0x00000000a8700000, 0x00000000a8800000|  0%| F|  |TAMS 0x00000000a8700000, 0x00000000a8700000| Untracked 
| 124|0x00000000a8800000, 0x00000000a8800000, 0x00000000a8900000|  0%| F|  |TAMS 0x00000000a8800000, 0x00000000a8800000| Untracked 
| 125|0x00000000a8900000, 0x00000000a8900000, 0x00000000a8a00000|  0%| F|  |TAMS 0x00000000a8900000, 0x00000000a8900000| Untracked 
| 126|0x00000000a8a00000, 0x00000000a8a00000, 0x00000000a8b00000|  0%| F|  |TAMS 0x00000000a8a00000, 0x00000000a8a00000| Untracked 
| 127|0x00000000a8b00000, 0x00000000a8b00000, 0x00000000a8c00000|  0%| F|  |TAMS 0x00000000a8b00000, 0x00000000a8b00000| Untracked 
| 128|0x00000000a8c00000, 0x00000000a8c00000, 0x00000000a8d00000|  0%| F|  |TAMS 0x00000000a8c00000, 0x00000000a8c00000| Untracked 
| 129|0x00000000a8d00000, 0x00000000a8d00000, 0x00000000a8e00000|  0%| F|  |TAMS 0x00000000a8d00000, 0x00000000a8d00000| Untracked 
| 130|0x00000000a8e00000, 0x00000000a8e00000, 0x00000000a8f00000|  0%| F|  |TAMS 0x00000000a8e00000, 0x00000000a8e00000| Untracked 
| 131|0x00000000a8f00000, 0x00000000a8f00000, 0x00000000a9000000|  0%| F|  |TAMS 0x00000000a8f00000, 0x00000000a8f00000| Untracked 
| 132|0x00000000a9000000, 0x00000000a9000000, 0x00000000a9100000|  0%| F|  |TAMS 0x00000000a9000000, 0x00000000a9000000| Untracked 
| 133|0x00000000a9100000, 0x00000000a9100000, 0x00000000a9200000|  0%| F|  |TAMS 0x00000000a9100000, 0x00000000a9100000| Untracked 
| 134|0x00000000a9200000, 0x00000000a9200000, 0x00000000a9300000|  0%| F|  |TAMS 0x00000000a9200000, 0x00000000a9200000| Untracked 
| 135|0x00000000a9300000, 0x00000000a9300000, 0x00000000a9400000|  0%| F|  |TAMS 0x00000000a9300000, 0x00000000a9300000| Untracked 
| 136|0x00000000a9400000, 0x00000000a9400000, 0x00000000a9500000|  0%| F|  |TAMS 0x00000000a9400000, 0x00000000a9400000| Untracked 
| 137|0x00000000a9500000, 0x00000000a9500000, 0x00000000a9600000|  0%| F|  |TAMS 0x00000000a9500000, 0x00000000a9500000| Untracked 
| 138|0x00000000a9600000, 0x00000000a9600000, 0x00000000a9700000|  0%| F|  |TAMS 0x00000000a9600000, 0x00000000a9600000| Untracked 
| 139|0x00000000a9700000, 0x00000000a9700000, 0x00000000a9800000|  0%| F|  |TAMS 0x00000000a9700000, 0x00000000a9700000| Untracked 
| 140|0x00000000a9800000, 0x00000000a9800000, 0x00000000a9900000|  0%| F|  |TAMS 0x00000000a9800000, 0x00000000a9800000| Untracked 
| 141|0x00000000a9900000, 0x00000000a9900000, 0x00000000a9a00000|  0%| F|  |TAMS 0x00000000a9900000, 0x00000000a9900000| Untracked 
| 142|0x00000000a9a00000, 0x00000000a9a00000, 0x00000000a9b00000|  0%| F|  |TAMS 0x00000000a9a00000, 0x00000000a9a00000| Untracked 
| 143|0x00000000a9b00000, 0x00000000a9b00000, 0x00000000a9c00000|  0%| F|  |TAMS 0x00000000a9b00000, 0x00000000a9b00000| Untracked 
| 144|0x00000000a9c00000, 0x00000000a9c00000, 0x00000000a9d00000|  0%| F|  |TAMS 0x00000000a9c00000, 0x00000000a9c00000| Untracked 
| 145|0x00000000a9d00000, 0x00000000a9d00000, 0x00000000a9e00000|  0%| F|  |TAMS 0x00000000a9d00000, 0x00000000a9d00000| Untracked 
| 146|0x00000000a9e00000, 0x00000000a9e00000, 0x00000000a9f00000|  0%| F|  |TAMS 0x00000000a9e00000, 0x00000000a9e00000| Untracked 
| 147|0x00000000a9f00000, 0x00000000a9f00000, 0x00000000aa000000|  0%| F|  |TAMS 0x00000000a9f00000, 0x00000000a9f00000| Untracked 
| 148|0x00000000aa000000, 0x00000000aa000000, 0x00000000aa100000|  0%| F|  |TAMS 0x00000000aa000000, 0x00000000aa000000| Untracked 
| 149|0x00000000aa100000, 0x00000000aa100000, 0x00000000aa200000|  0%| F|  |TAMS 0x00000000aa100000, 0x00000000aa100000| Untracked 
| 150|0x00000000aa200000, 0x00000000aa200000, 0x00000000aa300000|  0%| F|  |TAMS 0x00000000aa200000, 0x00000000aa200000| Untracked 
| 151|0x00000000aa300000, 0x00000000aa300000, 0x00000000aa400000|  0%| F|  |TAMS 0x00000000aa300000, 0x00000000aa300000| Untracked 
| 152|0x00000000aa400000, 0x00000000aa400000, 0x00000000aa500000|  0%| F|  |TAMS 0x00000000aa400000, 0x00000000aa400000| Untracked 
| 153|0x00000000aa500000, 0x00000000aa500000, 0x00000000aa600000|  0%| F|  |TAMS 0x00000000aa500000, 0x00000000aa500000| Untracked 
| 154|0x00000000aa600000, 0x00000000aa600000, 0x00000000aa700000|  0%| F|  |TAMS 0x00000000aa600000, 0x00000000aa600000| Untracked 
| 155|0x00000000aa700000, 0x00000000aa700000, 0x00000000aa800000|  0%| F|  |TAMS 0x00000000aa700000, 0x00000000aa700000| Untracked 
| 156|0x00000000aa800000, 0x00000000aa800000, 0x00000000aa900000|  0%| F|  |TAMS 0x00000000aa800000, 0x00000000aa800000| Untracked 
| 157|0x00000000aa900000, 0x00000000aa900000, 0x00000000aaa00000|  0%| F|  |TAMS 0x00000000aa900000, 0x00000000aa900000| Untracked 
| 158|0x00000000aaa00000, 0x00000000aaa00000, 0x00000000aab00000|  0%| F|  |TAMS 0x00000000aaa00000, 0x00000000aaa00000| Untracked 
| 159|0x00000000aab00000, 0x00000000aab00000, 0x00000000aac00000|  0%| F|  |TAMS 0x00000000aab00000, 0x00000000aab00000| Untracked 
| 160|0x00000000aac00000, 0x00000000aac00000, 0x00000000aad00000|  0%| F|  |TAMS 0x00000000aac00000, 0x00000000aac00000| Untracked 
| 161|0x00000000aad00000, 0x00000000aad00000, 0x00000000aae00000|  0%| F|  |TAMS 0x00000000aad00000, 0x00000000aad00000| Untracked 
| 162|0x00000000aae00000, 0x00000000aae00000, 0x00000000aaf00000|  0%| F|  |TAMS 0x00000000aae00000, 0x00000000aae00000| Untracked 
| 163|0x00000000aaf00000, 0x00000000aaf00000, 0x00000000ab000000|  0%| F|  |TAMS 0x00000000aaf00000, 0x00000000aaf00000| Untracked 
| 164|0x00000000ab000000, 0x00000000ab000000, 0x00000000ab100000|  0%| F|  |TAMS 0x00000000ab000000, 0x00000000ab000000| Untracked 
| 165|0x00000000ab100000, 0x00000000ab100000, 0x00000000ab200000|  0%| F|  |TAMS 0x00000000ab100000, 0x00000000ab100000| Untracked 
| 166|0x00000000ab200000, 0x00000000ab200000, 0x00000000ab300000|  0%| F|  |TAMS 0x00000000ab200000, 0x00000000ab200000| Untracked 
| 167|0x00000000ab300000, 0x00000000ab300000, 0x00000000ab400000|  0%| F|  |TAMS 0x00000000ab300000, 0x00000000ab300000| Untracked 
| 168|0x00000000ab400000, 0x00000000ab400000, 0x00000000ab500000|  0%| F|  |TAMS 0x00000000ab400000, 0x00000000ab400000| Untracked 

Card table byte_map: [0x00000117f23f0000,0x00000117f26f0000] _byte_map_base: 0x00000117f1eea000

Marking Bits (Prev, Next): (CMBitMap*) 0x00000117e7bc6640, (CMBitMap*) 0x00000117e7bc6600
 Prev Bits: [0x00000117f41c0000, 0x00000117f5990000)
 Next Bits: [0x00000117f29f0000, 0x00000117f41c0000)

Polling page: 0x00000117e7370000

Metaspace:

Usage:
  Non-class:     24.86 MB used.
      Class:      4.26 MB used.
       Both:     29.12 MB used.

Virtual space:
  Non-class space:       32.00 MB reserved,      25.06 MB ( 78%) committed,  4 nodes.
      Class space:        1.00 GB reserved,       4.44 MB ( <1%) committed,  1 nodes.
             Both:        1.03 GB reserved,      29.50 MB (  3%) committed. 

Chunk freelists:
   Non-Class:  2.94 MB
       Class:  3.44 MB
        Both:  6.38 MB

MaxMetaspaceSize: unlimited
CompressedClassSpaceSize: 1.00 GB
Initial GC threshold: 21.00 MB
Current GC threshold: 35.88 MB
CDS: on
MetaspaceReclaimPolicy: balanced
 - commit_granule_bytes: 65536.
 - commit_granule_words: 8192.
 - virtual_space_node_default_size: 1048576.
 - enlarge_chunks_in_place: 1.
 - new_chunks_are_fully_committed: 0.
 - uncommit_free_chunks: 1.
 - use_allocation_guard: 0.
 - handle_deallocations: 1.


Internal statistics:

num_allocs_failed_limit: 6.
num_arena_births: 498.
num_arena_deaths: 0.
num_vsnodes_births: 5.
num_vsnodes_deaths: 0.
num_space_committed: 472.
num_space_uncommitted: 0.
num_chunks_returned_to_freelist: 6.
num_chunks_taken_from_freelist: 1810.
num_chunk_merges: 6.
num_chunk_splits: 1105.
num_chunks_enlarged: 674.
num_purges: 0.
num_inconsistent_stats: 0.

CodeCache: size=49152Kb used=11348Kb max_used=11348Kb free=37803Kb
 bounds [0x00000117ef3f0000, 0x00000117eff10000, 0x00000117f23f0000]
 total_blobs=5849 nmethods=5294 adapters=480
 compilation: enabled
              stopped_count=0, restarted_count=0
 full_count=0

Compilation events (20 events):
Event: 3.758 Thread 0x00000117f800db10 5289       1       java.math.BigInteger::destructiveMulAdd (150 bytes)
Event: 3.759 Thread 0x00000117f800db10 nmethod 5289 0x00000117efefea90 code [0x00000117efefec20, 0x00000117efefee38]
Event: 3.760 Thread 0x00000117f7f42730 nmethod 5288 0x00000117efeff010 code [0x00000117efeff380, 0x00000117eff00178]
Event: 3.761 Thread 0x00000117f7f42730 5290       1       java.math.BigInteger::<init> (404 bytes)
Event: 3.761 Thread 0x00000117f938eab0 5291       1       java.math.BigInteger::getInt (63 bytes)
Event: 3.761 Thread 0x00000117f938eab0 nmethod 5291 0x00000117eff00b90 code [0x00000117eff00d40, 0x00000117eff00f68]
Event: 3.761 Thread 0x00000117f938eab0 5292       1       java.math.BigInteger::trustedStripLeadingZeroInts (37 bytes)
Event: 3.761 Thread 0x00000117f800db10 5293       1       java.lang.Integer::parseInt (7 bytes)
Event: 3.761 Thread 0x00000117f938eab0 nmethod 5292 0x00000117eff01090 code [0x00000117eff01220, 0x00000117eff01348]
Event: 3.762 Thread 0x00000117f800db10 nmethod 5293 0x00000117eff01410 code [0x00000117eff015a0, 0x00000117eff01668]
Event: 3.762 Thread 0x00000117f800db10 5294       1       sun.security.util.CurveDB::bi (11 bytes)
Event: 3.762 Thread 0x00000117f800db10 nmethod 5294 0x00000117eff01710 code [0x00000117eff018a0, 0x00000117eff01a08]
Event: 3.762 Thread 0x00000117f800db10 5295       1       sun.security.util.ObjectIdentifier::checkOidSize (54 bytes)
Event: 3.763 Thread 0x00000117f800db10 nmethod 5295 0x00000117eff01a90 code [0x00000117eff01ca0, 0x00000117eff020e8]
Event: 3.763 Thread 0x00000117f800db10 5296       1       sun.security.util.ObjectIdentifier::pack7Oid (42 bytes)
Event: 3.763 Thread 0x00000117f938eab0 5297       1       sun.security.util.ObjectIdentifier::pack7Oid (84 bytes)
Event: 3.763 Thread 0x00000117f938eab0 nmethod 5297 0x00000117eff04710 code [0x00000117eff048c0, 0x00000117eff04af8]
Event: 3.763 Thread 0x00000117f800db10 nmethod 5296 0x00000117eff04c90 code [0x00000117eff04e20, 0x00000117eff04fc8]
Event: 3.763 Thread 0x00000117f938eab0 5298       1       sun.security.util.ObjectIdentifier::pack (219 bytes)
Event: 3.763 Thread 0x00000117f7f42730 nmethod 5290 0x00000117eff02390 code [0x00000117eff02720, 0x00000117eff03828]

GC Heap History (20 events):
Event: 0.532 GC heap after
{Heap after GC invocations=1 (full 0):
 garbage-first heap   total 98304K, used 5307K [0x00000000a0c00000, 0x0000000100000000)
  region size 1024K, 2 young (2048K), 2 survivors (2048K)
 Metaspace       used 3265K, committed 3456K, reserved 1056768K
  class space    used 371K, committed 448K, reserved 1048576K
}
Event: 0.697 GC heap before
{Heap before GC invocations=1 (full 0):
 garbage-first heap   total 98304K, used 19643K [0x00000000a0c00000, 0x0000000100000000)
  region size 1024K, 14 young (14336K), 2 survivors (2048K)
 Metaspace       used 3472K, committed 3648K, reserved 1056768K
  class space    used 400K, committed 512K, reserved 1048576K
}
Event: 0.710 GC heap after
{Heap after GC invocations=2 (full 0):
 garbage-first heap   total 98304K, used 17936K [0x00000000a0c00000, 0x0000000100000000)
  region size 1024K, 2 young (2048K), 2 survivors (2048K)
 Metaspace       used 3472K, committed 3648K, reserved 1056768K
  class space    used 400K, committed 512K, reserved 1048576K
}
Event: 0.847 GC heap before
{Heap before GC invocations=2 (full 0):
 garbage-first heap   total 98304K, used 33296K [0x00000000a0c00000, 0x0000000100000000)
  region size 1024K, 17 young (17408K), 2 survivors (2048K)
 Metaspace       used 3695K, committed 3904K, reserved 1056768K
  class space    used 444K, committed 576K, reserved 1048576K
}
Event: 0.857 GC heap after
{Heap after GC invocations=3 (full 0):
 garbage-first heap   total 98304K, used 24576K [0x00000000a0c00000, 0x0000000100000000)
  region size 1024K, 3 young (3072K), 3 survivors (3072K)
 Metaspace       used 3695K, committed 3904K, reserved 1056768K
  class space    used 444K, committed 576K, reserved 1048576K
}
Event: 0.951 GC heap before
{Heap before GC invocations=3 (full 0):
 garbage-first heap   total 98304K, used 46080K [0x00000000a0c00000, 0x0000000100000000)
  region size 1024K, 24 young (24576K), 3 survivors (3072K)
 Metaspace       used 3696K, committed 3904K, reserved 1056768K
  class space    used 444K, committed 576K, reserved 1048576K
}
Event: 0.964 GC heap after
{Heap after GC invocations=4 (full 0):
 garbage-first heap   total 98304K, used 30703K [0x00000000a0c00000, 0x0000000100000000)
  region size 1024K, 3 young (3072K), 3 survivors (3072K)
 Metaspace       used 3696K, committed 3904K, reserved 1056768K
  class space    used 444K, committed 576K, reserved 1048576K
}
Event: 1.098 GC heap before
{Heap before GC invocations=4 (full 0):
 garbage-first heap   total 98304K, used 55279K [0x00000000a0c00000, 0x0000000100000000)
  region size 1024K, 28 young (28672K), 3 survivors (3072K)
 Metaspace       used 3787K, committed 4032K, reserved 1056768K
  class space    used 457K, committed 576K, reserved 1048576K
}
Event: 1.124 GC heap after
{Heap after GC invocations=5 (full 0):
 garbage-first heap   total 173056K, used 41951K [0x00000000a0c00000, 0x0000000100000000)
  region size 1024K, 4 young (4096K), 4 survivors (4096K)
 Metaspace       used 3787K, committed 4032K, reserved 1056768K
  class space    used 457K, committed 576K, reserved 1048576K
}
Event: 1.896 GC heap before
{Heap before GC invocations=5 (full 0):
 garbage-first heap   total 173056K, used 81887K [0x00000000a0c00000, 0x0000000100000000)
  region size 1024K, 43 young (44032K), 4 survivors (4096K)
 Metaspace       used 9958K, committed 10304K, reserved 1064960K
  class space    used 1296K, committed 1472K, reserved 1048576K
}
Event: 1.908 GC heap after
{Heap after GC invocations=6 (full 0):
 garbage-first heap   total 173056K, used 46418K [0x00000000a0c00000, 0x0000000100000000)
  region size 1024K, 4 young (4096K), 4 survivors (4096K)
 Metaspace       used 9958K, committed 10304K, reserved 1064960K
  class space    used 1296K, committed 1472K, reserved 1048576K
}
Event: 2.295 GC heap before
{Heap before GC invocations=6 (full 0):
 garbage-first heap   total 173056K, used 93522K [0x00000000a0c00000, 0x0000000100000000)
  region size 1024K, 51 young (52224K), 4 survivors (4096K)
 Metaspace       used 15276K, committed 15680K, reserved 1064960K
  class space    used 2035K, committed 2240K, reserved 1048576K
}
Event: 2.305 GC heap after
{Heap after GC invocations=7 (full 0):
 garbage-first heap   total 173056K, used 51044K [0x00000000a0c00000, 0x0000000100000000)
  region size 1024K, 5 young (5120K), 5 survivors (5120K)
 Metaspace       used 15276K, committed 15680K, reserved 1064960K
  class space    used 2035K, committed 2240K, reserved 1048576K
}
Event: 2.734 GC heap before
{Heap before GC invocations=7 (full 0):
 garbage-first heap   total 173056K, used 103268K [0x00000000a0c00000, 0x0000000100000000)
  region size 1024K, 58 young (59392K), 5 survivors (5120K)
 Metaspace       used 21174K, committed 21504K, reserved 1073152K
  class space    used 2828K, committed 3008K, reserved 1048576K
}
Event: 2.746 GC heap after
{Heap after GC invocations=8 (full 0):
 garbage-first heap   total 173056K, used 54978K [0x00000000a0c00000, 0x0000000100000000)
  region size 1024K, 9 young (9216K), 9 survivors (9216K)
 Metaspace       used 21174K, committed 21504K, reserved 1073152K
  class space    used 2828K, committed 3008K, reserved 1048576K
}
Event: 3.131 GC heap before
{Heap before GC invocations=9 (full 0):
 garbage-first heap   total 173056K, used 122562K [0x00000000a0c00000, 0x0000000100000000)
  region size 1024K, 77 young (78848K), 9 survivors (9216K)
 Metaspace       used 25064K, committed 25472K, reserved 1073152K
  class space    used 3605K, committed 3776K, reserved 1048576K
}
Event: 3.142 GC heap after
{Heap after GC invocations=10 (full 0):
 garbage-first heap   total 173056K, used 56666K [0x00000000a0c00000, 0x0000000100000000)
  region size 1024K, 8 young (8192K), 8 survivors (8192K)
 Metaspace       used 25064K, committed 25472K, reserved 1073152K
  class space    used 3605K, committed 3776K, reserved 1048576K
}
Event: 3.152 GC heap before
{Heap before GC invocations=10 (full 0):
 garbage-first heap   total 173056K, used 56666K [0x00000000a0c00000, 0x0000000100000000)
  region size 1024K, 9 young (9216K), 8 survivors (8192K)
 Metaspace       used 25262K, committed 25600K, reserved 1073152K
  class space    used 3639K, committed 3776K, reserved 1048576K
}
Event: 3.160 GC heap after
{Heap after GC invocations=11 (full 0):
 garbage-first heap   total 173056K, used 56607K [0x00000000a0c00000, 0x0000000100000000)
  region size 1024K, 2 young (2048K), 2 survivors (2048K)
 Metaspace       used 25262K, committed 25600K, reserved 1073152K
  class space    used 3639K, committed 3776K, reserved 1048576K
}
Event: 3.763 GC heap before
{Heap before GC invocations=11 (full 0):
 garbage-first heap   total 173056K, used 128287K [0x00000000a0c00000, 0x0000000100000000)
  region size 1024K, 73 young (74752K), 2 survivors (2048K)
 Metaspace       used 29823K, committed 30208K, reserved 1081344K
  class space    used 4366K, committed 4544K, reserved 1048576K
}

Deoptimization events (20 events):
Event: 3.646 Thread 0x00000117fb8de610 DEOPT PACKING pc=0x00000117ef707fec sp=0x00000012194fcf20
Event: 3.646 Thread 0x00000117fb8de610 DEOPT UNPACKING pc=0x00000117ef442b43 sp=0x00000012194fc3b8 mode 1
Event: 3.646 Thread 0x00000117fb8de610 DEOPT PACKING pc=0x00000117ef70727c sp=0x00000012194fcff0
Event: 3.646 Thread 0x00000117fb8de610 DEOPT UNPACKING pc=0x00000117ef442b43 sp=0x00000012194fc498 mode 1
Event: 3.646 Thread 0x00000117fb8de610 DEOPT PACKING pc=0x00000117efa65dec sp=0x00000012194fd040
Event: 3.646 Thread 0x00000117fb8de610 DEOPT UNPACKING pc=0x00000117ef442b43 sp=0x00000012194fc660 mode 1
Event: 3.646 Thread 0x00000117fb8de610 DEOPT PACKING pc=0x00000117ef8cd0b4 sp=0x00000012194fd290
Event: 3.646 Thread 0x00000117fb8de610 DEOPT UNPACKING pc=0x00000117ef442b43 sp=0x00000012194fc748 mode 1
Event: 3.646 Thread 0x00000117fb8de610 DEOPT PACKING pc=0x00000117ef9040d4 sp=0x00000012194fdc80
Event: 3.646 Thread 0x00000117fb8de610 DEOPT UNPACKING pc=0x00000117ef442b43 sp=0x00000012194fd170 mode 1
Event: 3.647 Thread 0x00000117fb8de610 DEOPT PACKING pc=0x00000117ef707fec sp=0x00000012194fcf20
Event: 3.647 Thread 0x00000117fb8de610 DEOPT UNPACKING pc=0x00000117ef442b43 sp=0x00000012194fc3b8 mode 1
Event: 3.647 Thread 0x00000117fb8de610 DEOPT PACKING pc=0x00000117ef70727c sp=0x00000012194fcff0
Event: 3.647 Thread 0x00000117fb8de610 DEOPT UNPACKING pc=0x00000117ef442b43 sp=0x00000012194fc498 mode 1
Event: 3.647 Thread 0x00000117fb8de610 DEOPT PACKING pc=0x00000117efa65dec sp=0x00000012194fd040
Event: 3.647 Thread 0x00000117fb8de610 DEOPT UNPACKING pc=0x00000117ef442b43 sp=0x00000012194fc660 mode 1
Event: 3.647 Thread 0x00000117fb8de610 DEOPT PACKING pc=0x00000117ef8cd0b4 sp=0x00000012194fd290
Event: 3.647 Thread 0x00000117fb8de610 DEOPT UNPACKING pc=0x00000117ef442b43 sp=0x00000012194fc748 mode 1
Event: 3.647 Thread 0x00000117fb8de610 DEOPT PACKING pc=0x00000117ef9040d4 sp=0x00000012194fdc80
Event: 3.647 Thread 0x00000117fb8de610 DEOPT UNPACKING pc=0x00000117ef442b43 sp=0x00000012194fd170 mode 1

Classes unloaded (0 events):
No events

Classes redefined (0 events):
No events

Internal exceptions (20 events):
Event: 2.566 Thread 0x00000117faa3f6d0 Exception <a 'java/lang/NoSuchMethodError'{0x00000000a952a798}: 'int java.lang.invoke.DirectMethodHandle$Holder.invokeSpecialIFC(java.lang.Object, java.lang.Object, java.lang.Object)'> (0x00000000a952a798) 
thrown [t:\workspace\open\src\hotspot\share\interpreter\linkResolver.cpp, line 766]
Event: 2.573 Thread 0x00000117faa460b0 Exception <a 'sun/nio/fs/WindowsException'{0x00000000a957e708}> (0x00000000a957e708) 
thrown [t:\workspace\open\src\hotspot\share\prims\jni.cpp, line 516]
Event: 2.577 Thread 0x00000117faa45710 Exception <a 'sun/nio/fs/WindowsException'{0x00000000a94775c0}> (0x00000000a94775c0) 
thrown [t:\workspace\open\src\hotspot\share\prims\jni.cpp, line 516]
Event: 2.655 Thread 0x00000117fb6d9a50 Exception <a 'java/lang/NoSuchMethodError'{0x00000000a8921128}: 'void java.lang.invoke.DirectMethodHandle$Holder.invokeStatic(java.lang.Object, java.lang.Object, int)'> (0x00000000a8921128) 
thrown [t:\workspace\open\src\hotspot\share\interpreter\linkResolver.cpp, line 766]
Event: 2.656 Thread 0x00000117fb6d9a50 Exception <a 'sun/nio/fs/WindowsException'{0x00000000a89618c0}> (0x00000000a89618c0) 
thrown [t:\workspace\open\src\hotspot\share\prims\jni.cpp, line 516]
Event: 2.656 Thread 0x00000117fb6d9a50 Exception <a 'sun/nio/fs/WindowsException'{0x00000000a8961c30}> (0x00000000a8961c30) 
thrown [t:\workspace\open\src\hotspot\share\prims\jni.cpp, line 516]
Event: 2.821 Thread 0x00000117fb6d73d0 Exception <a 'java/lang/NoSuchMethodError'{0x00000000aae5a9b8}: 'java.lang.Object java.lang.invoke.DirectMethodHandle$Holder.invokeVirtual(java.lang.Object, java.lang.Object, java.lang.Object)'> (0x00000000aae5a9b8) 
thrown [t:\workspace\open\src\hotspot\share\interpreter\linkResolver.cpp, line 766]
Event: 2.823 Thread 0x00000117fb6d73d0 Exception <a 'java/lang/NoSuchMethodError'{0x00000000aae70690}: 'java.lang.Object java.lang.invoke.DirectMethodHandle$Holder.invokeInterface(java.lang.Object, java.lang.Object, java.lang.Object, java.lang.Object)'> (0x00000000aae70690) 
thrown [t:\workspace\open\src\hotspot\share\interpreter\linkResolver.cpp, line 766]
Event: 2.915 Thread 0x00000117fb6db730 Exception <a 'java/lang/NoSuchMethodError'{0x00000000a9d73170}: 'int java.lang.invoke.DirectMethodHandle$Holder.invokeSpecial(java.lang.Object, java.lang.Object, java.lang.Object, java.lang.Object)'> (0x00000000a9d73170) 
thrown [t:\workspace\open\src\hotspot\share\interpreter\linkResolver.cpp, line 766]
Event: 2.921 Thread 0x00000117fb6db730 Exception <a 'java/lang/NoSuchMethodError'{0x00000000a9c1cdc0}: 'void java.lang.invoke.DirectMethodHandle$Holder.invokeStaticInit(java.lang.Object, java.lang.Object)'> (0x00000000a9c1cdc0) 
thrown [t:\workspace\open\src\hotspot\share\interpreter\linkResolver.cpp, line 766]
Event: 2.946 Thread 0x00000117fb6db730 Exception <a 'java/lang/NoSuchMethodError'{0x00000000a9971f60}: 'int java.lang.invoke.DirectMethodHandle$Holder.invokeSpecialIFC(java.lang.Object, java.lang.Object, java.lang.Object, java.lang.Object)'> (0x00000000a9971f60) 
thrown [t:\workspace\open\src\hotspot\share\interpreter\linkResolver.cpp, line 766]
Event: 3.432 Thread 0x00000117faa43a30 Exception <a 'java/lang/NoSuchMethodError'{0x00000000a9065ec0}: 'void java.lang.invoke.DirectMethodHandle$Holder.invokeSpecial(java.lang.Object, java.lang.Object, java.lang.Object, java.lang.Object, java.lang.Object, java.lang.Object)'> (0x00000000a9065ec0) 
thrown [t:\workspace\open\src\hotspot\share\interpreter\linkResolver.cpp, line 766]
Event: 3.498 Thread 0x00000117fb6d9a50 Exception <a 'java/lang/NoSuchMethodError'{0x00000000a8b18390}: 'java.lang.Object java.lang.invoke.DirectMethodHandle$Holder.newInvokeSpecial(java.lang.Object, java.lang.Object, java.lang.Object, java.lang.Object, java.lang.Object, java.lang.Object, java.lang.Object, java.lang.Object, java.lang.Object, java.lang.Object, java.lang.Object, java.lang.Object)'> (0x00000000a8b18390) 
thrown [t:\workspace\open\src\hotspot\share\interpreter\linkResolver.cpp, line 766]
Event: 3.499 Thread 0x00000117fb6d9a50 Exception <a 'java/lang/NoSuchMethodError'{0x00000000a8b1d718}: 'java.lang.Object java.lang.invoke.DirectMethodHandle$Holder.invokeSpecial(java.lang.Object, java.lang.Object, java.lang.Object, java.lang.Object, java.lang.Object, java.lang.Object, java.lang.Object, java.lang.Object, java.lang.Object, java.lang.Object, java.lang.Object, java.lang.Object, java.lang.Object)'> (0x00000000a8b1d718) 
thrown [t:\workspace\open\src\hotspot\share\interpreter\linkResolver.cpp, line 766]
Event: 3.499 Thread 0x00000117fb6d9a50 Exception <a 'java/lang/NoSuchMethodError'{0x00000000a8b221f0}: 'java.lang.Object java.lang.invoke.Invokers$Holder.linkToTargetMethod(java.lang.Object, java.lang.Object, java.lang.Object, java.lang.Object, java.lang.Object, java.lang.Object, java.lang.Object, java.lang.Object, java.lang.Object, java.lang.Object, java.lang.Object, java.lang.Object)'> (0x00000000a8b221f0) 
thrown [t:\workspace\open\src\hotspot\share\interpreter\linkResolver.cpp, line 766]
Event: 3.501 Thread 0x00000117fb6d9a50 Exception <a 'java/lang/NoSuchMethodError'{0x00000000a8b482e8}: 'java.lang.Object java.lang.invoke.DirectMethodHandle$Holder.newInvokeSpecial(java.lang.Object, java.lang.Object, java.lang.Object, java.lang.Object, java.lang.Object, java.lang.Object, java.lang.Object, java.lang.Object, java.lang.Object, java.lang.Object, java.lang.Object)'> (0x00000000a8b482e8) 
thrown [t:\workspace\open\src\hotspot\share\interpreter\linkResolver.cpp, line 766]
Event: 3.502 Thread 0x00000117fb6d9a50 Exception <a 'java/lang/NoSuchMethodError'{0x00000000a8b4cbb0}: 'java.lang.Object java.lang.invoke.DirectMethodHandle$Holder.invokeSpecial(java.lang.Object, java.lang.Object, java.lang.Object, java.lang.Object, java.lang.Object, java.lang.Object, java.lang.Object, java.lang.Object, java.lang.Object, java.lang.Object, java.lang.Object, java.lang.Object)'> (0x00000000a8b4cbb0) 
thrown [t:\workspace\open\src\hotspot\share\interpreter\linkResolver.cpp, line 766]
Event: 3.502 Thread 0x00000117fb6d9a50 Exception <a 'java/lang/NoSuchMethodError'{0x00000000a8b51150}: 'java.lang.Object java.lang.invoke.Invokers$Holder.linkToTargetMethod(java.lang.Object, java.lang.Object, java.lang.Object, java.lang.Object, java.lang.Object, java.lang.Object, java.lang.Object, java.lang.Object, java.lang.Object, java.lang.Object, java.lang.Object)'> (0x00000000a8b51150) 
thrown [t:\workspace\open\src\hotspot\share\interpreter\linkResolver.cpp, line 766]
Event: 3.505 Thread 0x00000117fb6d9a50 Exception <a 'java/lang/IncompatibleClassChangeError'{0x00000000a8bc19d0}: Found class java.lang.Object, but interface was expected> (0x00000000a8bc19d0) 
thrown [t:\workspace\open\src\hotspot\share\interpreter\linkResolver.cpp, line 833]
Event: 3.660 Thread 0x00000117faa3f6d0 Exception <a 'java/lang/NoSuchMethodError'{0x00000000a78af8c8}: 'java.lang.Object java.lang.invoke.DirectMethodHandle$Holder.invokeStaticInit(java.lang.Object, java.lang.Object, java.lang.Object, java.lang.Object)'> (0x00000000a78af8c8) 
thrown [t:\workspace\open\src\hotspot\share\interpreter\linkResolver.cpp, line 766]

VM Operations (20 events):
Event: 3.258 Executing VM operation: ICBufferFull done
Event: 3.296 Executing VM operation: HandshakeAllThreads
Event: 3.296 Executing VM operation: HandshakeAllThreads done
Event: 3.311 Executing VM operation: HandshakeAllThreads
Event: 3.311 Executing VM operation: HandshakeAllThreads done
Event: 3.530 Executing VM operation: HandshakeAllThreads
Event: 3.531 Executing VM operation: HandshakeAllThreads done
Event: 3.554 Executing VM operation: HandshakeAllThreads
Event: 3.554 Executing VM operation: HandshakeAllThreads done
Event: 3.563 Executing VM operation: ICBufferFull
Event: 3.565 Executing VM operation: ICBufferFull done
Event: 3.566 Executing VM operation: ICBufferFull
Event: 3.569 Executing VM operation: ICBufferFull done
Event: 3.665 Executing VM operation: ICBufferFull
Event: 3.666 Executing VM operation: ICBufferFull done
Event: 3.740 Executing VM operation: HandshakeAllThreads
Event: 3.740 Executing VM operation: HandshakeAllThreads done
Event: 3.757 Executing VM operation: HandshakeAllThreads
Event: 3.757 Executing VM operation: HandshakeAllThreads done
Event: 3.763 Executing VM operation: G1CollectForAllocation

Events (20 events):
Event: 3.755 loading class java/security/spec/ECPoint
Event: 3.756 loading class java/security/spec/ECPoint done
Event: 3.756 loading class sun/security/util/NamedCurve
Event: 3.756 loading class java/security/spec/ECParameterSpec
Event: 3.756 loading class java/security/spec/AlgorithmParameterSpec
Event: 3.756 loading class java/security/spec/AlgorithmParameterSpec done
Event: 3.756 loading class java/security/spec/ECParameterSpec done
Event: 3.756 loading class sun/security/util/NamedCurve done
Event: 3.756 loading class sun/security/util/DerOutputStream
Event: 3.756 loading class sun/security/util/DerEncoder
Event: 3.756 loading class sun/security/util/DerEncoder done
Event: 3.756 loading class sun/security/util/DerOutputStream done
Event: 3.757 loading class sun/security/util/ByteArrayLexOrder
Event: 3.757 loading class sun/security/util/ByteArrayLexOrder done
Event: 3.757 loading class sun/security/util/ByteArrayTagOrder
Event: 3.757 loading class sun/security/util/ByteArrayTagOrder done
Event: 3.757 loading class sun/security/util/ObjectIdentifier
Event: 3.757 loading class sun/security/util/ObjectIdentifier done
Event: 3.760 loading class java/security/spec/ECFieldF2m
Event: 3.760 loading class java/security/spec/ECFieldF2m done


Dynamic libraries:
0x00007ff756420000 - 0x00007ff756430000 	C:\Program Files\Java\jdk-17.0.2\bin\java.EXE
0x00007fffc9990000 - 0x00007fffc9b85000 	C:\Windows\SYSTEM32\ntdll.dll
0x00007fffc8e10000 - 0x00007fffc8ece000 	C:\Windows\System32\KERNEL32.DLL
0x00007fffc7720000 - 0x00007fffc79e8000 	C:\Windows\System32\KERNELBASE.dll
0x00007fffc7350000 - 0x00007fffc7450000 	C:\Windows\System32\ucrtbase.dll
0x00007fffa8c70000 - 0x00007fffa8c8a000 	C:\Program Files\Java\jdk-17.0.2\bin\VCRUNTIME140.dll
0x00007fffa8dd0000 - 0x00007fffa8de8000 	C:\Program Files\Java\jdk-17.0.2\bin\jli.dll
0x00007fffc97e0000 - 0x00007fffc988e000 	C:\Windows\System32\ADVAPI32.dll
0x00007fffc9450000 - 0x00007fffc94ee000 	C:\Windows\System32\msvcrt.dll
0x00007fffc95a0000 - 0x00007fffc963c000 	C:\Windows\System32\sechost.dll
0x00007fffc8220000 - 0x00007fffc8345000 	C:\Windows\System32\RPCRT4.dll
0x00007fffc8350000 - 0x00007fffc84f0000 	C:\Windows\System32\USER32.dll
0x00007fffb43b0000 - 0x00007fffb464a000 	C:\Windows\WinSxS\amd64_microsoft.windows.common-controls_6595b64144ccf1df_6.0.19041.1110_none_60b5254171f9507e\COMCTL32.dll
0x00007fffc7240000 - 0x00007fffc7262000 	C:\Windows\System32\win32u.dll
0x00007fffc8190000 - 0x00007fffc81bb000 	C:\Windows\System32\GDI32.dll
0x00007fffc7500000 - 0x00007fffc760b000 	C:\Windows\System32\gdi32full.dll
0x00007fffc7610000 - 0x00007fffc76ad000 	C:\Windows\System32\msvcp_win.dll
0x00007fffbd1f0000 - 0x00007fffbd1fa000 	C:\Windows\SYSTEM32\VERSION.dll
0x00007fffc8de0000 - 0x00007fffc8e10000 	C:\Windows\System32\IMM32.DLL
0x00007fffb51a0000 - 0x00007fffb51ac000 	C:\Program Files\Java\jdk-17.0.2\bin\vcruntime140_1.dll
0x00007fff92e60000 - 0x00007fff92eed000 	C:\Program Files\Java\jdk-17.0.2\bin\msvcp140.dll
0x00007fff87a90000 - 0x00007fff88651000 	C:\Program Files\Java\jdk-17.0.2\bin\server\jvm.dll
0x00007fffc84f0000 - 0x00007fffc84f8000 	C:\Windows\System32\PSAPI.DLL
0x00007fffbcf90000 - 0x00007fffbcfb7000 	C:\Windows\SYSTEM32\WINMM.dll
0x00007fffa78c0000 - 0x00007fffa78c9000 	C:\Windows\SYSTEM32\WSOCK32.dll
0x00007fffc93e0000 - 0x00007fffc944b000 	C:\Windows\System32\WS2_32.dll
0x00007fffc4f80000 - 0x00007fffc4f92000 	C:\Windows\SYSTEM32\kernel.appcore.dll
0x00007fffb4890000 - 0x00007fffb489a000 	C:\Program Files\Java\jdk-17.0.2\bin\jimage.dll
0x00007fffb0d50000 - 0x00007fffb0f34000 	C:\Windows\SYSTEM32\DBGHELP.DLL
0x00007fffb0cf0000 - 0x00007fffb0d1c000 	C:\Windows\SYSTEM32\dbgcore.DLL
0x00007fffc7270000 - 0x00007fffc72f2000 	C:\Windows\System32\bcryptPrimitives.dll
0x00007fffc2d50000 - 0x00007fffc2d5e000 	C:\Program Files\Java\jdk-17.0.2\bin\instrument.dll
0x00007fffa5660000 - 0x00007fffa5685000 	C:\Program Files\Java\jdk-17.0.2\bin\java.dll
0x00007fffb6e70000 - 0x00007fffb6eab000 	C:\Program Files\Java\jdk-17.0.2\bin\jdwp.dll
0x00007fff92790000 - 0x00007fff92866000 	C:\Program Files\Java\jdk-17.0.2\bin\jsvml.dll
0x00007fffc85c0000 - 0x00007fffc8d04000 	C:\Windows\System32\SHELL32.dll
0x00007fffc5180000 - 0x00007fffc5914000 	C:\Windows\SYSTEM32\windows.storage.dll
0x00007fffc9080000 - 0x00007fffc93d4000 	C:\Windows\System32\combase.dll
0x00007fffc6b10000 - 0x00007fffc6b3c000 	C:\Windows\SYSTEM32\Wldp.dll
0x00007fffc8500000 - 0x00007fffc85ad000 	C:\Windows\System32\SHCORE.dll
0x00007fffc9890000 - 0x00007fffc98e5000 	C:\Windows\System32\shlwapi.dll
0x00007fffc6ff0000 - 0x00007fffc700f000 	C:\Windows\SYSTEM32\profapi.dll
0x00007fffa4b20000 - 0x00007fffa4b38000 	C:\Program Files\Java\jdk-17.0.2\bin\zip.dll
0x00007fffa8830000 - 0x00007fffa8849000 	C:\Program Files\Java\jdk-17.0.2\bin\net.dll
0x00007fffbd540000 - 0x00007fffbd649000 	C:\Windows\SYSTEM32\WINHTTP.dll
0x00007fffc6820000 - 0x00007fffc688a000 	C:\Windows\system32\mswsock.dll
0x00007fffa7930000 - 0x00007fffa7946000 	C:\Program Files\Java\jdk-17.0.2\bin\nio.dll
0x00007fffc1230000 - 0x00007fffc123c000 	C:\Program Files\Java\jdk-17.0.2\bin\dt_socket.dll
0x00007fffc64d0000 - 0x00007fffc650b000 	C:\Windows\SYSTEM32\IPHLPAPI.DLL
0x00007fffc6520000 - 0x00007fffc65ea000 	C:\Windows\SYSTEM32\DNSAPI.dll
0x00007fffc85b0000 - 0x00007fffc85b8000 	C:\Windows\System32\NSI.dll
0x00007fffb5460000 - 0x00007fffb546a000 	C:\Windows\System32\rasadhlp.dll
0x00007fffb5a40000 - 0x00007fffb5abf000 	C:\Windows\System32\fwpuclnt.dll
0x00007fffc7210000 - 0x00007fffc7237000 	C:\Windows\System32\bcrypt.dll
0x00007fffb3c30000 - 0x00007fffb3c40000 	C:\Program Files\Java\jdk-17.0.2\bin\verify.dll
0x00007fffbe740000 - 0x00007fffbe749000 	C:\Program Files\Java\jdk-17.0.2\bin\management.dll
0x00007fffbbf70000 - 0x00007fffbbf7b000 	C:\Program Files\Java\jdk-17.0.2\bin\management_ext.dll
0x00007fffc69d0000 - 0x00007fffc69e8000 	C:\Windows\SYSTEM32\CRYPTSP.dll
0x00007fffc6140000 - 0x00007fffc6174000 	C:\Windows\system32\rsaenh.dll
0x00007fffc6fb0000 - 0x00007fffc6fde000 	C:\Windows\SYSTEM32\USERENV.dll
0x00007fffc69f0000 - 0x00007fffc69fc000 	C:\Windows\SYSTEM32\CRYPTBASE.dll
0x00007fffbcee0000 - 0x00007fffbcef7000 	C:\Windows\SYSTEM32\dhcpcsvc6.DLL
0x00007fffbcec0000 - 0x00007fffbcedd000 	C:\Windows\SYSTEM32\dhcpcsvc.DLL

dbghelp: loaded successfully - version: 4.0.5 - missing functions: none
symbol engine: initialized successfully - sym options: 0x614 - pdb path: .;C:\Program Files\Java\jdk-17.0.2\bin;C:\Windows\SYSTEM32;C:\Windows\WinSxS\amd64_microsoft.windows.common-controls_6595b64144ccf1df_6.0.19041.1110_none_60b5254171f9507e;C:\Program Files\Java\jdk-17.0.2\bin\server

VM Arguments:
jvm_args: -Dquarkus-internal.serialized-app-model.path=C:\Users\ANNA\IdeaProjects\quarkus-hibernate-orm-panache-entity\target\quarkus\bootstrap\dev-app-model.dat -javaagent:C:\Users\ANNA\.m2\repository\io\quarkus\quarkus-class-change-agent\2.7.5.Final\quarkus-class-change-agent-2.7.5.Final.jar -XX:TieredStopAtLevel=1 -agentlib:jdwp=transport=dt_socket,address=localhost:5005,server=y,suspend=n -Djava.util.logging.manager=org.jboss.logmanager.LogManager 
java_command: C:\Users\ANNA\IdeaProjects\quarkus-hibernate-orm-panache-entity\target\quarkus-hibernate-orm-panache-entity-dev.jar
java_class_path (initial): C:\Users\ANNA\IdeaProjects\quarkus-hibernate-orm-panache-entity\target\quarkus-hibernate-orm-panache-entity-dev.jar
Launcher Type: SUN_STANDARD

[Global flags]
     intx CICompilerCount                          = 3                                         {product} {ergonomic}
     uint ConcGCThreads                            = 1                                         {product} {ergonomic}
     uint G1ConcRefinementThreads                  = 4                                         {product} {ergonomic}
   size_t G1HeapRegionSize                         = 1048576                                   {product} {ergonomic}
    uintx GCDrainStackTargetSize                   = 64                                        {product} {ergonomic}
   size_t InitialHeapSize                          = 100663296                                 {product} {ergonomic}
   size_t MarkStackSize                            = 4194304                                   {product} {ergonomic}
   size_t MaxHeapSize                              = 1598029824                                {product} {ergonomic}
   size_t MaxNewSize                               = 958398464                                 {product} {ergonomic}
   size_t MinHeapDeltaBytes                        = 1048576                                   {product} {ergonomic}
   size_t MinHeapSize                              = 8388608                                   {product} {ergonomic}
    uintx NonProfiledCodeHeapSize                  = 0                                      {pd product} {ergonomic}
     bool ProfileInterpreter                       = false                                  {pd product} {command line}
    uintx ProfiledCodeHeapSize                     = 0                                      {pd product} {ergonomic}
   size_t SoftMaxHeapSize                          = 1598029824                             {manageable} {ergonomic}
     intx TieredStopAtLevel                        = 1                                         {product} {command line}
     bool UseCompressedClassPointers               = true                           {product lp64_product} {ergonomic}
     bool UseCompressedOops                        = true                           {product lp64_product} {ergonomic}
     bool UseG1GC                                  = true                                      {product} {ergonomic}
     bool UseLargePagesIndividualAllocation        = false                                  {pd product} {ergonomic}

Logging:
Log output configuration:
 #0: stdout all=warning uptime,level,tags
 #1: stderr all=off uptime,level,tags

Environment Variables:
JAVA_HOME=C:\Program Files\Java\jdk-17.0.2
PATH=C:\ProgramData\Oracle\Java\javapath;D:\VMware\bin\;C:\Program Files\Common Files\Oracle\Java\javapath;C:\Windows\system32;C:\Windows;C:\Windows\System32\Wbem;C:\Windows\System32\WindowsPowerShell\v1.0\;C:\Windows\System32\OpenSSH\;D:\nodejs\;C:\Program Files\apache-maven-3.8.4\bin\;C:\Program Files\Java\jdk-17.0.2\bin;C:\Program Files\Apache Software Foundation\apache-maven-3.8.4\bin;D:\Git\cmd;C:\Program Files\Docker\Docker\resources\bin;C:\ProgramData\DockerDesktop\version-bin;C:\Users\ANNA\.jbang\bin;C:\Users\ANNA\AppData\Local\Microsoft\WindowsApps;D:\IntelliJ IDEA Community Edition 2021.2.2\bin;D:\PyCharm Community Edition 2021.2\bin;C:\Program Files\Java\jdk-17.0.2\bin;D:\Microsoft VS Code\bin;C:\Users\ANNA\AppData\Roaming\npm;C:\Program Files\Apache Software Foundation\apache-maven-3.8.4\bin;;D:\IntelliJ IDEA Community Edition 2021.3.2\bin;
USERNAME=ANNA
OS=Windows_NT
PROCESSOR_IDENTIFIER=AMD64 Family 23 Model 24 Stepping 1, AuthenticAMD



---------------  S Y S T E M  ---------------

OS:
 Windows 10 , 64 bit Build 19041 (10.0.19041.1566)
OS uptime: 0 days 4:32 hours
Hyper-V role detected

CPU: total 4 (initial active 4) (4 cores per cpu, 2 threads per core) family 23 model 24 stepping 1 microcode 0x0, cx8, cmov, fxsr, ht, mmx, 3dnowpref, sse, sse2, sse3, ssse3, sse4a, sse4.1, sse4.2, popcnt, lzcnt, tsc, tscinvbit, avx, avx2, aes, clmul, bmi1, bmi2, adx, sha, fma, vzeroupper, clflush, clflushopt, hv

Memory: 4k page, system-wide physical 6094M (417M free)
TotalPageFile size 10094M (AvailPageFile size 75M)
current process WorkingSet (physical memory assigned to process): 273M, peak: 273M
current process commit charge ("private bytes"): 329M, peak: 525M

vm_info: Java HotSpot(TM) 64-Bit Server VM (17.0.2+8-LTS-86) for windows-amd64 JRE (17.0.2+8-LTS-86), built on Dec  7 2021 21:51:03 by "mach5one" with MS VC++ 16.8 / 16.9 (VS2019)

END.
