#
# There is insufficient memory for the Java Runtime Environment to continue.
# Native memory allocation (mmap) failed to map 117440512 bytes for G1 virtual space
# Possible reasons:
#   The system is out of physical RAM or swap space
#   The process is running with CompressedOops enabled, and the Java Heap may be blocking the growth of the native heap
# Possible solutions:
#   Reduce memory load on the system
#   Increase physical memory or swap space
#   Check if swap backing store is full
#   Decrease Java heap size (-Xmx/-Xms)
#   Decrease number of Java threads
#   Decrease Java thread stack sizes (-Xss)
#   Set larger code cache with -XX:ReservedCodeCacheSize=
#   JVM is running with Unscaled Compressed Oops mode in which the Java heap is
#     placed in the first 4GB address space. The Java Heap base address is the
#     maximum limit for the native heap growth. Please use -XX:HeapBaseMinAddress
#     to set the Java Heap base and to place the Java Heap above 4GB virtual address.
# This output file may be truncated or incomplete.
#
#  Out of Memory Error (os_windows.cpp:3532), pid=10580, tid=8304
#
# JRE version: Java(TM) SE Runtime Environment (17.0.2+8) (build 17.0.2+8-LTS-86)
# Java VM: Java HotSpot(TM) 64-Bit Server VM (17.0.2+8-LTS-86, mixed mode, emulated-client, sharing, tiered, compressed oops, compressed class ptrs, g1 gc, windows-amd64)
# No core dump will be written. Minidumps are not enabled by default on client versions of Windows
#

---------------  S U M M A R Y ------------

Command Line: -Dquarkus-internal.serialized-app-model.path=C:\Users\ANNA\IdeaProjects\quarkus-hibernate-orm-panache-entity\target\quarkus\bootstrap\dev-app-model.dat -javaagent:C:\Users\ANNA\.m2\repository\io\quarkus\quarkus-class-change-agent\2.7.5.Final\quarkus-class-change-agent-2.7.5.Final.jar -XX:TieredStopAtLevel=1 -agentlib:jdwp=transport=dt_socket,address=localhost:5005,server=y,suspend=n -Djava.util.logging.manager=org.jboss.logmanager.LogManager C:\Users\ANNA\IdeaProjects\quarkus-hibernate-orm-panache-entity\target\quarkus-hibernate-orm-panache-entity-dev.jar

Host: AMD Ryzen 3 3200U with Radeon Vega Mobile Gfx  , 4 cores, 5G,  Windows 10 , 64 bit Build 19041 (10.0.19041.1566)
Time: Sun Mar 27 19:27:20 2022 RTZ 4 (s 10 , 64 bit Build 19041 (10.0.19041.1566) elapsed time: 3.084593 seconds (0d 0h 0m 3s)

---------------  T H R E A D  ---------------

Current thread (0x00000153a24c1180):  VMThread "VM Thread" [stack: 0x000000457d000000,0x000000457d100000] [id=8304]

Stack: [0x000000457d000000,0x000000457d100000]
Native frames: (J=compiled Java code, j=interpreted, Vv=VM code, C=native code)
V  [jvm.dll+0x670baa]
V  [jvm.dll+0x7cfcb4]
V  [jvm.dll+0x7d145e]
V  [jvm.dll+0x7d1ac3]
V  [jvm.dll+0x242bc5]
V  [jvm.dll+0x66dac9]
V  [jvm.dll+0x662412]
V  [jvm.dll+0x300c0b]
V  [jvm.dll+0x3081a6]
V  [jvm.dll+0x357d0e]
V  [jvm.dll+0x357f3f]
V  [jvm.dll+0x2d7ec8]
V  [jvm.dll+0x2d6194]
V  [jvm.dll+0x2d579c]
V  [jvm.dll+0x328bac]
V  [jvm.dll+0x7d5f9b]
V  [jvm.dll+0x7d6cd4]
V  [jvm.dll+0x7d71ec]
V  [jvm.dll+0x7d75c4]
V  [jvm.dll+0x7d7690]
V  [jvm.dll+0x77ff7a]
V  [jvm.dll+0x66fa35]
C  [ucrtbase.dll+0x21bb2]
C  [KERNEL32.DLL+0x17034]
C  [ntdll.dll+0x52651]

VM_Operation (0x00000045039f8cf0): CollectForMetadataAllocation, mode: safepoint, requested by thread 0x00000153b807c470


---------------  P R O C E S S  ---------------

Threads class SMR info:
_java_thread_list=0x00000153b85233a0, length=124, elements={
0x00000153a23ee660, 0x00000153a24c5d80, 0x00000153a24c6bf0, 0x00000153b470a4b0,
0x00000153b470d230, 0x00000153b470ebf0, 0x00000153b470f5a0, 0x00000153b4710000,
0x00000153b4746a90, 0x00000153a24ae530, 0x00000153b47de2a0, 0x00000153b55dbfe0,
0x00000153b55de270, 0x00000153b55e0a70, 0x00000153b581cce0, 0x00000153b67fa100,
0x00000153b6870c30, 0x00000153b6d2a1c0, 0x00000153b7c125e0, 0x00000153b6da4ea0,
0x00000153b6da5370, 0x00000153b67f9310, 0x00000153b67f7fd0, 0x00000153b67f5e20,
0x00000153b67f67c0, 0x00000153b67f84a0, 0x00000153b67f8e40, 0x00000153b67f8970,
0x00000153b67f6c90, 0x00000153b67f97e0, 0x00000153b67f62f0, 0x00000153b67f7160,
0x00000153b67f7630, 0x00000153b70170a0, 0x00000153b7011060, 0x00000153b7014080,
0x00000153b7016700, 0x00000153b7016bd0, 0x00000153b7017a40, 0x00000153b7014550,
0x00000153b7012d40, 0x00000153b7017570, 0x00000153b7017f10, 0x00000153b7015d60,
0x00000153b7014a20, 0x00000153b70183e0, 0x00000153b70188b0, 0x00000153b7012870,
0x00000153b7014ef0, 0x00000153b7016230, 0x00000153b7011530, 0x00000153b70153c0,
0x00000153b7013210, 0x00000153b70136e0, 0x00000153b7015890, 0x00000153b7011a00,
0x00000153b7013bb0, 0x00000153b7011ed0, 0x00000153b70123a0, 0x00000153b7f99a40,
0x00000153b7f98230, 0x00000153b7f9a3e0, 0x00000153b7f98bd0, 0x00000153b7f9d8d0,
0x00000153b7f973c0, 0x00000153b7f97d60, 0x00000153b7f9a8b0, 0x00000153b7f9ad80,
0x00000153b7f99f10, 0x00000153b7f9b250, 0x00000153b7f98700, 0x00000153b7f990a0,
0x00000153b7f99570, 0x00000153b7f9d400, 0x00000153b7f9dda0, 0x00000153b7f9b720,
0x00000153b7f9bbf0, 0x00000153b7f9c0c0, 0x00000153b7f9e740, 0x00000153b7f97890,
0x00000153b7f9c590, 0x00000153b7f9cf30, 0x00000153b7f96ef0, 0x00000153b7f9e270,
0x00000153b8081b10, 0x00000153b8081170, 0x00000153b8081fe0, 0x00000153b807dc80,
0x00000153b807ce10, 0x00000153b807e150, 0x00000153b807f490, 0x00000153b8081640,
0x00000153b80837f0, 0x00000153b80824b0, 0x00000153b8082980, 0x00000153b807d2e0,
0x00000153b8080ca0, 0x00000153b8082e50, 0x00000153b807c470, 0x00000153b8083320,
0x00000153b807d7b0, 0x00000153b807bfa0, 0x00000153b807c940, 0x00000153b807e620,
0x00000153b807eaf0, 0x00000153b807fe30, 0x00000153b807efc0, 0x00000153b807f960,
0x00000153b8080300, 0x00000153b80807d0, 0x00000153b80c21a0, 0x00000153b80c5690,
0x00000153b80c69d0, 0x00000153b80c1800, 0x00000153b80c5b60, 0x00000153b80c3010,
0x00000153b80c1cd0, 0x00000153b80c34e0, 0x00000153b80c1330, 0x00000153b80c3e80,
0x00000153b80c2b40, 0x00000153b80c4350, 0x00000153b80c51c0, 0x00000153b80c7370
}

Java Threads: ( => current thread )
  0x00000153a23ee660 JavaThread "main" [_thread_blocked, id=7040, stack(0x000000457ca00000,0x000000457cb00000)]
  0x00000153a24c5d80 JavaThread "Reference Handler" daemon [_thread_blocked, id=1032, stack(0x000000457d100000,0x000000457d200000)]
  0x00000153a24c6bf0 JavaThread "Finalizer" daemon [_thread_blocked, id=2196, stack(0x000000457d200000,0x000000457d300000)]
  0x00000153b470a4b0 JavaThread "Signal Dispatcher" daemon [_thread_blocked, id=12668, stack(0x000000457d300000,0x000000457d400000)]
  0x00000153b470d230 JavaThread "Attach Listener" daemon [_thread_blocked, id=6968, stack(0x000000457d400000,0x000000457d500000)]
  0x00000153b470ebf0 JavaThread "Service Thread" daemon [_thread_blocked, id=8560, stack(0x000000457d500000,0x000000457d600000)]
  0x00000153b470f5a0 JavaThread "Monitor Deflation Thread" daemon [_thread_blocked, id=5096, stack(0x000000457d600000,0x000000457d700000)]
  0x00000153b4710000 JavaThread "C1 CompilerThread0" daemon [_thread_blocked, id=13120, stack(0x000000457d700000,0x000000457d800000)]
  0x00000153b4746a90 JavaThread "Sweeper thread" daemon [_thread_blocked, id=7532, stack(0x000000457d800000,0x000000457d900000)]
  0x00000153a24ae530 JavaThread "Common-Cleaner" daemon [_thread_blocked, id=11876, stack(0x000000457d900000,0x000000457da00000)]
  0x00000153b47de2a0 JavaThread "C1 CompilerThread1" daemon [_thread_blocked, id=4824, stack(0x000000457da00000,0x000000457db00000)]
  0x00000153b55dbfe0 JavaThread "JDWP Transport Listener: dt_socket" daemon [_thread_in_native, id=11008, stack(0x000000457db00000,0x000000457dc00000)]
  0x00000153b55de270 JavaThread "JDWP Event Helper Thread" daemon [_thread_blocked, id=2380, stack(0x000000457dc00000,0x000000457dd00000)]
  0x00000153b55e0a70 JavaThread "Notification Thread" daemon [_thread_blocked, id=1664, stack(0x000000457dd00000,0x000000457de00000)]
  0x00000153b581cce0 JavaThread "C1 CompilerThread2" daemon [_thread_blocked, id=10664, stack(0x000000457df00000,0x000000457e000000)]
  0x00000153b67fa100 JavaThread "Quarkus Devmode keep alive thread" [_thread_blocked, id=10164, stack(0x000000457e600000,0x000000457e700000)]
  0x00000153b6870c30 JavaThread "ForkJoinPool.commonPool-worker-1" daemon [_thread_blocked, id=10208, stack(0x000000457e700000,0x000000457e800000)]
  0x00000153b6d2a1c0 JavaThread "build-1" [_thread_blocked, id=2412, stack(0x000000457e800000,0x000000457e900000)]
  0x00000153b7c125e0 JavaThread "build-2" [_thread_blocked, id=12272, stack(0x000000457e900000,0x000000457ea00000)]
  0x00000153b6da4ea0 JavaThread "build-3" [_thread_blocked, id=11256, stack(0x000000457ea00000,0x000000457eb00000)]
  0x00000153b6da5370 JavaThread "build-4" [_thread_blocked, id=2276, stack(0x000000457eb00000,0x000000457ec00000)]
  0x00000153b67f9310 JavaThread "build-5" [_thread_blocked, id=12388, stack(0x000000457ec00000,0x000000457ed00000)]
  0x00000153b67f7fd0 JavaThread "build-6" [_thread_blocked, id=3092, stack(0x000000457ed00000,0x000000457ee00000)]
  0x00000153b67f5e20 JavaThread "build-7" [_thread_blocked, id=4672, stack(0x000000457ee00000,0x000000457ef00000)]
  0x00000153b67f67c0 JavaThread "build-8" [_thread_blocked, id=10216, stack(0x000000457ef00000,0x000000457f000000)]
  0x00000153b67f84a0 JavaThread "build-9" [_thread_blocked, id=4404, stack(0x000000457f000000,0x000000457f100000)]
  0x00000153b67f8e40 JavaThread "build-10" [_thread_blocked, id=9100, stack(0x000000457f100000,0x000000457f200000)]
  0x00000153b67f8970 JavaThread "build-11" [_thread_blocked, id=1832, stack(0x000000457f200000,0x000000457f300000)]
  0x00000153b67f6c90 JavaThread "build-12" [_thread_blocked, id=3384, stack(0x000000457f300000,0x000000457f400000)]
  0x00000153b67f97e0 JavaThread "build-13" [_thread_blocked, id=12184, stack(0x000000457f400000,0x000000457f500000)]
  0x00000153b67f62f0 JavaThread "build-14" [_thread_blocked, id=728, stack(0x000000457f500000,0x000000457f600000)]
  0x00000153b67f7160 JavaThread "build-15" [_thread_blocked, id=1484, stack(0x000000457f600000,0x000000457f700000)]
  0x00000153b67f7630 JavaThread "build-16" [_thread_blocked, id=9252, stack(0x000000457f700000,0x000000457f800000)]
  0x00000153b70170a0 JavaThread "build-17" [_thread_blocked, id=3968, stack(0x000000457f800000,0x000000457f900000)]
  0x00000153b7011060 JavaThread "build-18" [_thread_blocked, id=4884, stack(0x000000457f900000,0x000000457fa00000)]
  0x00000153b7014080 JavaThread "build-19" [_thread_blocked, id=2396, stack(0x000000457fa00000,0x000000457fb00000)]
  0x00000153b7016700 JavaThread "build-20" [_thread_blocked, id=8616, stack(0x000000457fb00000,0x000000457fc00000)]
  0x00000153b7016bd0 JavaThread "build-21" [_thread_blocked, id=12312, stack(0x000000457fc00000,0x000000457fd00000)]
  0x00000153b7017a40 JavaThread "build-22" [_thread_blocked, id=10828, stack(0x000000457fd00000,0x000000457fe00000)]
  0x00000153b7014550 JavaThread "build-23" [_thread_blocked, id=10604, stack(0x000000457fe00000,0x000000457ff00000)]
  0x00000153b7012d40 JavaThread "build-24" [_thread_blocked, id=13052, stack(0x000000457ff00000,0x0000004580000000)]
  0x00000153b7017570 JavaThread "build-25" [_thread_blocked, id=8596, stack(0x0000004500000000,0x0000004500100000)]
  0x00000153b7017f10 JavaThread "build-26" [_thread_blocked, id=8432, stack(0x0000004500100000,0x0000004500200000)]
  0x00000153b7015d60 JavaThread "build-27" [_thread_blocked, id=10468, stack(0x0000004500200000,0x0000004500300000)]
  0x00000153b7014a20 JavaThread "build-28" [_thread_blocked, id=4056, stack(0x0000004500300000,0x0000004500400000)]
  0x00000153b70183e0 JavaThread "build-29" [_thread_blocked, id=10176, stack(0x0000004500400000,0x0000004500500000)]
  0x00000153b70188b0 JavaThread "build-30" [_thread_blocked, id=6360, stack(0x0000004500500000,0x0000004500600000)]
  0x00000153b7012870 JavaThread "build-31" [_thread_blocked, id=9948, stack(0x0000004500600000,0x0000004500700000)]
  0x00000153b7014ef0 JavaThread "build-32" [_thread_blocked, id=7884, stack(0x0000004500700000,0x0000004500800000)]
  0x00000153b7016230 JavaThread "build-33" [_thread_blocked, id=9724, stack(0x0000004500800000,0x0000004500900000)]
  0x00000153b7011530 JavaThread "build-34" [_thread_blocked, id=6852, stack(0x0000004500900000,0x0000004500a00000)]
  0x00000153b70153c0 JavaThread "build-35" [_thread_blocked, id=2728, stack(0x0000004500a00000,0x0000004500b00000)]
  0x00000153b7013210 JavaThread "build-36" [_thread_blocked, id=3108, stack(0x0000004500b00000,0x0000004500c00000)]
  0x00000153b70136e0 JavaThread "build-37" [_thread_blocked, id=10244, stack(0x0000004500c00000,0x0000004500d00000)]
  0x00000153b7015890 JavaThread "build-38" [_thread_blocked, id=9564, stack(0x0000004500d00000,0x0000004500e00000)]
  0x00000153b7011a00 JavaThread "build-39" [_thread_blocked, id=12032, stack(0x0000004500e00000,0x0000004500f00000)]
  0x00000153b7013bb0 JavaThread "build-40" [_thread_blocked, id=13036, stack(0x0000004500f00000,0x0000004501000000)]
  0x00000153b7011ed0 JavaThread "build-41" [_thread_blocked, id=2552, stack(0x0000004501000000,0x0000004501100000)]
  0x00000153b70123a0 JavaThread "build-42" [_thread_blocked, id=6744, stack(0x0000004501100000,0x0000004501200000)]
  0x00000153b7f99a40 JavaThread "build-43" [_thread_blocked, id=4484, stack(0x0000004501200000,0x0000004501300000)]
  0x00000153b7f98230 JavaThread "build-44" [_thread_blocked, id=12300, stack(0x0000004501300000,0x0000004501400000)]
  0x00000153b7f9a3e0 JavaThread "build-45" [_thread_blocked, id=8888, stack(0x0000004501400000,0x0000004501500000)]
  0x00000153b7f98bd0 JavaThread "build-46" [_thread_blocked, id=12536, stack(0x0000004501500000,0x0000004501600000)]
  0x00000153b7f9d8d0 JavaThread "build-47" [_thread_blocked, id=13100, stack(0x0000004501600000,0x0000004501700000)]
  0x00000153b7f973c0 JavaThread "build-48" [_thread_blocked, id=3896, stack(0x0000004501700000,0x0000004501800000)]
  0x00000153b7f97d60 JavaThread "build-49" [_thread_blocked, id=2848, stack(0x0000004501800000,0x0000004501900000)]
  0x00000153b7f9a8b0 JavaThread "build-50" [_thread_blocked, id=4288, stack(0x0000004501900000,0x0000004501a00000)]
  0x00000153b7f9ad80 JavaThread "build-51" [_thread_blocked, id=13272, stack(0x0000004501a00000,0x0000004501b00000)]
  0x00000153b7f99f10 JavaThread "build-52" [_thread_blocked, id=2308, stack(0x0000004501b00000,0x0000004501c00000)]
  0x00000153b7f9b250 JavaThread "build-53" [_thread_blocked, id=6012, stack(0x0000004501c00000,0x0000004501d00000)]
  0x00000153b7f98700 JavaThread "build-54" [_thread_blocked, id=1388, stack(0x0000004501d00000,0x0000004501e00000)]
  0x00000153b7f990a0 JavaThread "build-55" [_thread_blocked, id=2212, stack(0x0000004501e00000,0x0000004501f00000)]
  0x00000153b7f99570 JavaThread "build-56" [_thread_blocked, id=11928, stack(0x0000004501f00000,0x0000004502000000)]
  0x00000153b7f9d400 JavaThread "build-57" [_thread_blocked, id=12172, stack(0x0000004502000000,0x0000004502100000)]
  0x00000153b7f9dda0 JavaThread "build-58" [_thread_blocked, id=8820, stack(0x0000004502100000,0x0000004502200000)]
  0x00000153b7f9b720 JavaThread "build-59" [_thread_blocked, id=4020, stack(0x0000004502200000,0x0000004502300000)]
  0x00000153b7f9bbf0 JavaThread "build-60" [_thread_blocked, id=8132, stack(0x0000004502300000,0x0000004502400000)]
  0x00000153b7f9c0c0 JavaThread "build-61" [_thread_blocked, id=8496, stack(0x0000004502400000,0x0000004502500000)]
  0x00000153b7f9e740 JavaThread "build-62" [_thread_blocked, id=8908, stack(0x0000004502500000,0x0000004502600000)]
  0x00000153b7f97890 JavaThread "build-63" [_thread_blocked, id=5020, stack(0x0000004502600000,0x0000004502700000)]
  0x00000153b7f9c590 JavaThread "build-64" [_thread_blocked, id=9248, stack(0x0000004502700000,0x0000004502800000)]
  0x00000153b7f9cf30 JavaThread "build-65" [_thread_blocked, id=6448, stack(0x0000004502800000,0x0000004502900000)]
  0x00000153b7f96ef0 JavaThread "build-66" [_thread_blocked, id=12456, stack(0x0000004502900000,0x0000004502a00000)]
  0x00000153b7f9e270 JavaThread "build-67" [_thread_blocked, id=6044, stack(0x0000004502a00000,0x0000004502b00000)]
  0x00000153b8081b10 JavaThread "build-68" [_thread_blocked, id=9940, stack(0x0000004502b00000,0x0000004502c00000)]
  0x00000153b8081170 JavaThread "build-69" [_thread_blocked, id=8400, stack(0x0000004502c00000,0x0000004502d00000)]
  0x00000153b8081fe0 JavaThread "build-70" [_thread_blocked, id=1308, stack(0x0000004502d00000,0x0000004502e00000)]
  0x00000153b807dc80 JavaThread "build-71" [_thread_blocked, id=3728, stack(0x0000004502e00000,0x0000004502f00000)]
  0x00000153b807ce10 JavaThread "build-72" [_thread_blocked, id=9440, stack(0x0000004502f00000,0x0000004503000000)]
  0x00000153b807e150 JavaThread "build-73" [_thread_blocked, id=13180, stack(0x0000004503000000,0x0000004503100000)]
  0x00000153b807f490 JavaThread "build-74" [_thread_blocked, id=6420, stack(0x0000004503100000,0x0000004503200000)]
  0x00000153b8081640 JavaThread "build-75" [_thread_blocked, id=11820, stack(0x0000004503200000,0x0000004503300000)]
  0x00000153b80837f0 JavaThread "build-76" [_thread_blocked, id=4488, stack(0x0000004503300000,0x0000004503400000)]
  0x00000153b80824b0 JavaThread "build-77" [_thread_blocked, id=2296, stack(0x0000004503400000,0x0000004503500000)]
  0x00000153b8082980 JavaThread "build-78" [_thread_blocked, id=6256, stack(0x0000004503500000,0x0000004503600000)]
  0x00000153b807d2e0 JavaThread "build-79" [_thread_blocked, id=8528, stack(0x0000004503600000,0x0000004503700000)]
  0x00000153b8080ca0 JavaThread "build-80" [_thread_blocked, id=2544, stack(0x0000004503700000,0x0000004503800000)]
  0x00000153b8082e50 JavaThread "build-81" [_thread_blocked, id=8720, stack(0x0000004503800000,0x0000004503900000)]
  0x00000153b807c470 JavaThread "build-82" [_thread_blocked, id=12028, stack(0x0000004503900000,0x0000004503a00000)]
  0x00000153b8083320 JavaThread "build-83" [_thread_blocked, id=7784, stack(0x0000004503a00000,0x0000004503b00000)]
  0x00000153b807d7b0 JavaThread "build-84" [_thread_blocked, id=3980, stack(0x0000004503b00000,0x0000004503c00000)]
  0x00000153b807bfa0 JavaThread "build-85" [_thread_blocked, id=13172, stack(0x0000004503c00000,0x0000004503d00000)]
  0x00000153b807c940 JavaThread "build-86" [_thread_blocked, id=3644, stack(0x0000004503d00000,0x0000004503e00000)]
  0x00000153b807e620 JavaThread "build-87" [_thread_blocked, id=4872, stack(0x0000004503e00000,0x0000004503f00000)]
  0x00000153b807eaf0 JavaThread "build-88" [_thread_blocked, id=12676, stack(0x0000004503f00000,0x0000004504000000)]
  0x00000153b807fe30 JavaThread "build-89" [_thread_blocked, id=11480, stack(0x0000004504000000,0x0000004504100000)]
  0x00000153b807efc0 JavaThread "build-90" [_thread_blocked, id=11780, stack(0x0000004504100000,0x0000004504200000)]
  0x00000153b807f960 JavaThread "build-91" [_thread_blocked, id=13220, stack(0x0000004504200000,0x0000004504300000)]
  0x00000153b8080300 JavaThread "build-92" [_thread_blocked, id=7516, stack(0x0000004504300000,0x0000004504400000)]
  0x00000153b80807d0 JavaThread "build-93" [_thread_blocked, id=8092, stack(0x0000004504400000,0x0000004504500000)]
  0x00000153b80c21a0 JavaThread "build-94" [_thread_blocked, id=7584, stack(0x0000004504500000,0x0000004504600000)]
  0x00000153b80c5690 JavaThread "build-95" [_thread_blocked, id=3008, stack(0x0000004504600000,0x0000004504700000)]
  0x00000153b80c69d0 JavaThread "build-96" [_thread_blocked, id=5296, stack(0x0000004504700000,0x0000004504800000)]
  0x00000153b80c1800 JavaThread "build-97" [_thread_blocked, id=1604, stack(0x0000004504800000,0x0000004504900000)]
  0x00000153b80c5b60 JavaThread "build-98" [_thread_blocked, id=7760, stack(0x0000004504900000,0x0000004504a00000)]
  0x00000153b80c3010 JavaThread "build-99" [_thread_blocked, id=11496, stack(0x0000004504a00000,0x0000004504b00000)]
  0x00000153b80c1cd0 JavaThread "build-100" [_thread_blocked, id=5456, stack(0x0000004504b00000,0x0000004504c00000)]
  0x00000153b80c34e0 JavaThread "build-101" [_thread_blocked, id=7988, stack(0x0000004504c00000,0x0000004504d00000)]
  0x00000153b80c1330 JavaThread "build-102" [_thread_blocked, id=1520, stack(0x0000004504d00000,0x0000004504e00000)]
  0x00000153b80c3e80 JavaThread "build-103" [_thread_blocked, id=2232, stack(0x0000004504e00000,0x0000004504f00000)]
  0x00000153b80c2b40 JavaThread "build-104" [_thread_blocked, id=13212, stack(0x0000004504f00000,0x0000004505000000)]
  0x00000153b80c4350 JavaThread "org.aesh.readline.terminal.impl.WinExternalTerminal@38a6f3b0 input pump thread" daemon [_thread_in_native, id=12376, stack(0x0000004505000000,0x0000004505100000)]
  0x00000153b80c51c0 JavaThread "Aesh InputStream Reader" daemon [_thread_blocked, id=8600, stack(0x0000004505100000,0x0000004505200000)]
  0x00000153b80c7370 JavaThread "Quarkus Terminal Reader" daemon [_thread_blocked, id=9952, stack(0x0000004505200000,0x0000004505300000)]

Other Threads:
=>0x00000153a24c1180 VMThread "VM Thread" [stack: 0x000000457d000000,0x000000457d100000] [id=8304]
  0x00000153a23ef800 WatcherThread [stack: 0x000000457de00000,0x000000457df00000] [id=8332]
  0x00000153a2423d30 GCTaskThread "GC Thread#0" [stack: 0x000000457cb00000,0x000000457cc00000] [id=12360]
  0x00000153b583a350 GCTaskThread "GC Thread#1" [stack: 0x000000457e000000,0x000000457e100000] [id=2704]
  0x00000153b5865ad0 GCTaskThread "GC Thread#2" [stack: 0x000000457e100000,0x000000457e200000] [id=5276]
  0x00000153b5865d80 GCTaskThread "GC Thread#3" [stack: 0x000000457e200000,0x000000457e300000] [id=1688]
  0x00000153a2430af0 ConcurrentGCThread "G1 Main Marker" [stack: 0x000000457cc00000,0x000000457cd00000] [id=10004]
  0x00000153a2431500 ConcurrentGCThread "G1 Conc#0" [stack: 0x000000457cd00000,0x000000457ce00000] [id=12740]
  0x00000153a249b980 ConcurrentGCThread "G1 Refine#0" [stack: 0x000000457ce00000,0x000000457cf00000] [id=3804]
  0x00000153b583a600 ConcurrentGCThread "G1 Refine#1" [stack: 0x000000457e300000,0x000000457e400000] [id=8516]
  0x00000153b5d06480 ConcurrentGCThread "G1 Refine#2" [stack: 0x000000457e400000,0x000000457e500000] [id=9464]
  0x00000153b5d0eb70 ConcurrentGCThread "G1 Refine#3" [stack: 0x000000457e500000,0x000000457e600000] [id=7696]
  0x00000153a249c3a0 ConcurrentGCThread "G1 Service" [stack: 0x000000457cf00000,0x000000457d000000] [id=13164]

Threads with active compile tasks:

VM state: at safepoint (normal execution)

VM Mutex/Monitor currently owned by a thread:  ([mutex/lock_event])
[0x00000153a23ebc50] Threads_lock - owner thread: 0x00000153a24c1180
[0x00000153a23ea540] Heap_lock - owner thread: 0x00000153b807c470

Heap address: 0x00000000a0c00000, size: 1524 MB, Compressed Oops mode: 32-bit

CDS archive(s) mapped at: [0x0000000800000000-0x0000000800bc0000-0x0000000800bc0000), size 12320768, SharedBaseAddress: 0x0000000800000000, ArchiveRelocationMode: 0.
Compressed class space mapped at: 0x0000000800c00000-0x0000000840c00000, reserved size: 1073741824
Narrow klass base: 0x0000000800000000, Narrow klass shift: 0, Narrow klass range: 0x100000000

GC Precious Log:
 CPUs: 4 total, 4 available
 Memory: 6094M
 Large Page Support: Disabled
 NUMA Support: Disabled
 Compressed Oops: Enabled (32-bit)
 Heap Region Size: 1M
 Heap Min Capacity: 8M
 Heap Initial Capacity: 96M
 Heap Max Capacity: 1524M
 Pre-touch: Disabled
 Parallel Workers: 4
 Concurrent Workers: 1
 Concurrent Refinement Workers: 4
 Periodic GC: Disabled

Heap:
 garbage-first heap   total 165888K, used 62257K [0x00000000a0c00000, 0x0000000100000000)
  region size 1024K, 1 young (1024K), 1 survivors (1024K)
 Metaspace       used 21130K, committed 21504K, reserved 1073152K
  class space    used 2822K, committed 3008K, reserved 1048576K

Heap Regions: E=young(eden), S=young(survivor), O=old, HS=humongous(starts), HC=humongous(continues), CS=collection set, F=free, OA=open archive, CA=closed archive, TAMS=top-at-mark-start (previous, next)
|   0|0x00000000a0c00000, 0x00000000a0d00000, 0x00000000a0d00000|100%| O|  |TAMS 0x00000000a0c00000, 0x00000000a0d00000| Untracked 
|   1|0x00000000a0d00000, 0x00000000a0e00000, 0x00000000a0e00000|100%| O|  |TAMS 0x00000000a0d00000, 0x00000000a0e00000| Untracked 
|   2|0x00000000a0e00000, 0x00000000a0f00000, 0x00000000a0f00000|100%| O|  |TAMS 0x00000000a0e00000, 0x00000000a0f00000| Untracked 
|   3|0x00000000a0f00000, 0x00000000a1000000, 0x00000000a1000000|100%|HS|  |TAMS 0x00000000a0f00000, 0x00000000a1000000| Complete 
|   4|0x00000000a1000000, 0x00000000a1100000, 0x00000000a1100000|100%| O|  |TAMS 0x00000000a1000000, 0x00000000a1100000| Untracked 
|   5|0x00000000a1100000, 0x00000000a1200000, 0x00000000a1200000|100%| O|  |TAMS 0x00000000a1100000, 0x00000000a1200000| Untracked 
|   6|0x00000000a1200000, 0x00000000a1300000, 0x00000000a1300000|100%| O|  |TAMS 0x00000000a1200000, 0x00000000a1300000| Untracked 
|   7|0x00000000a1300000, 0x00000000a1400000, 0x00000000a1400000|100%| O|  |TAMS 0x00000000a1300000, 0x00000000a1400000| Untracked 
|   8|0x00000000a1400000, 0x00000000a1500000, 0x00000000a1500000|100%| O|  |TAMS 0x00000000a1400000, 0x00000000a1500000| Untracked 
|   9|0x00000000a1500000, 0x00000000a1600000, 0x00000000a1600000|100%| O|  |TAMS 0x00000000a1500000, 0x00000000a1600000| Untracked 
|  10|0x00000000a1600000, 0x00000000a1700000, 0x00000000a1700000|100%| O|  |TAMS 0x00000000a1600000, 0x00000000a1700000| Untracked 
|  11|0x00000000a1700000, 0x00000000a1800000, 0x00000000a1800000|100%| O|  |TAMS 0x00000000a1700000, 0x00000000a1800000| Untracked 
|  12|0x00000000a1800000, 0x00000000a1900000, 0x00000000a1900000|100%| O|  |TAMS 0x00000000a1800000, 0x00000000a1900000| Untracked 
|  13|0x00000000a1900000, 0x00000000a1a00000, 0x00000000a1a00000|100%|HS|  |TAMS 0x00000000a1900000, 0x00000000a1a00000| Complete 
|  14|0x00000000a1a00000, 0x00000000a1b00000, 0x00000000a1b00000|100%|HC|  |TAMS 0x00000000a1a00000, 0x00000000a1b00000| Complete 
|  15|0x00000000a1b00000, 0x00000000a1c00000, 0x00000000a1c00000|100%| O|  |TAMS 0x00000000a1b00000, 0x00000000a1c00000| Untracked 
|  16|0x00000000a1c00000, 0x00000000a1d00000, 0x00000000a1d00000|100%| O|  |TAMS 0x00000000a1c00000, 0x00000000a1d00000| Untracked 
|  17|0x00000000a1d00000, 0x00000000a1e00000, 0x00000000a1e00000|100%| O|  |TAMS 0x00000000a1d00000, 0x00000000a1e00000| Untracked 
|  18|0x00000000a1e00000, 0x00000000a1f00000, 0x00000000a1f00000|100%| O|  |TAMS 0x00000000a1e00000, 0x00000000a1f00000| Untracked 
|  19|0x00000000a1f00000, 0x00000000a2000000, 0x00000000a2000000|100%| O|  |TAMS 0x00000000a1f00000, 0x00000000a2000000| Untracked 
|  20|0x00000000a2000000, 0x00000000a2100000, 0x00000000a2100000|100%| O|  |TAMS 0x00000000a2000000, 0x00000000a2100000| Untracked 
|  21|0x00000000a2100000, 0x00000000a2200000, 0x00000000a2200000|100%| O|  |TAMS 0x00000000a2100000, 0x00000000a2200000| Untracked 
|  22|0x00000000a2200000, 0x00000000a2300000, 0x00000000a2300000|100%| O|  |TAMS 0x00000000a2200000, 0x00000000a2300000| Untracked 
|  23|0x00000000a2300000, 0x00000000a2400000, 0x00000000a2400000|100%| O|  |TAMS 0x00000000a2300000, 0x00000000a2400000| Untracked 
|  24|0x00000000a2400000, 0x00000000a2500000, 0x00000000a2500000|100%| O|  |TAMS 0x00000000a2400000, 0x00000000a2500000| Untracked 
|  25|0x00000000a2500000, 0x00000000a2600000, 0x00000000a2600000|100%| O|  |TAMS 0x00000000a2500000, 0x00000000a2600000| Untracked 
|  26|0x00000000a2600000, 0x00000000a2700000, 0x00000000a2700000|100%| O|  |TAMS 0x00000000a2600000, 0x00000000a2700000| Untracked 
|  27|0x00000000a2700000, 0x00000000a2800000, 0x00000000a2800000|100%| O|  |TAMS 0x00000000a2700000, 0x00000000a2800000| Untracked 
|  28|0x00000000a2800000, 0x00000000a2900000, 0x00000000a2900000|100%| O|  |TAMS 0x00000000a2800000, 0x00000000a2900000| Untracked 
|  29|0x00000000a2900000, 0x00000000a2a00000, 0x00000000a2a00000|100%| O|  |TAMS 0x00000000a2900000, 0x00000000a2a00000| Untracked 
|  30|0x00000000a2a00000, 0x00000000a2b00000, 0x00000000a2b00000|100%| O|  |TAMS 0x00000000a2a00000, 0x00000000a2b00000| Untracked 
|  31|0x00000000a2b00000, 0x00000000a2c00000, 0x00000000a2c00000|100%| O|  |TAMS 0x00000000a2b00000, 0x00000000a2c00000| Untracked 
|  32|0x00000000a2c00000, 0x00000000a2d00000, 0x00000000a2d00000|100%| O|  |TAMS 0x00000000a2c00000, 0x00000000a2d00000| Untracked 
|  33|0x00000000a2d00000, 0x00000000a2e00000, 0x00000000a2e00000|100%| O|  |TAMS 0x00000000a2d00000, 0x00000000a2e00000| Untracked 
|  34|0x00000000a2e00000, 0x00000000a2f00000, 0x00000000a2f00000|100%|HS|  |TAMS 0x00000000a2e00000, 0x00000000a2f00000| Complete 
|  35|0x00000000a2f00000, 0x00000000a3000000, 0x00000000a3000000|100%|HS|  |TAMS 0x00000000a2f00000, 0x00000000a3000000| Complete 
|  36|0x00000000a3000000, 0x00000000a3100000, 0x00000000a3100000|100%| O|  |TAMS 0x00000000a3000000, 0x00000000a3100000| Untracked 
|  37|0x00000000a3100000, 0x00000000a3200000, 0x00000000a3200000|100%| O|  |TAMS 0x00000000a3100000, 0x00000000a3200000| Untracked 
|  38|0x00000000a3200000, 0x00000000a3300000, 0x00000000a3300000|100%| O|  |TAMS 0x00000000a3200000, 0x00000000a3300000| Untracked 
|  39|0x00000000a3300000, 0x00000000a3400000, 0x00000000a3400000|100%| O|  |TAMS 0x00000000a3300000, 0x00000000a3400000| Untracked 
|  40|0x00000000a3400000, 0x00000000a3500000, 0x00000000a3500000|100%| O|  |TAMS 0x00000000a3400000, 0x00000000a3500000| Untracked 
|  41|0x00000000a3500000, 0x00000000a3600000, 0x00000000a3600000|100%| O|  |TAMS 0x00000000a3500000, 0x00000000a3600000| Untracked 
|  42|0x00000000a3600000, 0x00000000a3700000, 0x00000000a3700000|100%| O|  |TAMS 0x00000000a3600000, 0x00000000a3700000| Untracked 
|  43|0x00000000a3700000, 0x00000000a3800000, 0x00000000a3800000|100%| O|  |TAMS 0x00000000a3700000, 0x00000000a3800000| Untracked 
|  44|0x00000000a3800000, 0x00000000a3900000, 0x00000000a3900000|100%| O|  |TAMS 0x00000000a3800000, 0x00000000a3900000| Untracked 
|  45|0x00000000a3900000, 0x00000000a3a00000, 0x00000000a3a00000|100%| O|  |TAMS 0x00000000a3900000, 0x00000000a3a00000| Untracked 
|  46|0x00000000a3a00000, 0x00000000a3b00000, 0x00000000a3b00000|100%| O|  |TAMS 0x00000000a3a00000, 0x00000000a3b00000| Untracked 
|  47|0x00000000a3b00000, 0x00000000a3c00000, 0x00000000a3c00000|100%| O|  |TAMS 0x00000000a3b00000, 0x00000000a3c00000| Untracked 
|  48|0x00000000a3c00000, 0x00000000a3d00000, 0x00000000a3d00000|100%| O|  |TAMS 0x00000000a3c00000, 0x00000000a3d00000| Untracked 
|  49|0x00000000a3d00000, 0x00000000a3e00000, 0x00000000a3e00000|100%| O|  |TAMS 0x00000000a3d00000, 0x00000000a3e00000| Untracked 
|  50|0x00000000a3e00000, 0x00000000a3f00000, 0x00000000a3f00000|100%| O|  |TAMS 0x00000000a3e00000, 0x00000000a3e4e200| Untracked 
|  51|0x00000000a3f00000, 0x00000000a4000000, 0x00000000a4000000|100%|HS|  |TAMS 0x00000000a3f00000, 0x00000000a4000000| Complete 
|  52|0x00000000a4000000, 0x00000000a4100000, 0x00000000a4100000|100%|HC|  |TAMS 0x00000000a4000000, 0x00000000a4100000| Complete 
|  53|0x00000000a4100000, 0x00000000a4200000, 0x00000000a4200000|100%| O|  |TAMS 0x00000000a4100000, 0x00000000a4100000| Untracked 
|  54|0x00000000a4200000, 0x00000000a4300000, 0x00000000a4300000|100%| O|  |TAMS 0x00000000a4200000, 0x00000000a4200000| Untracked 
|  55|0x00000000a4300000, 0x00000000a4400000, 0x00000000a4400000|100%| O|  |TAMS 0x00000000a4300000, 0x00000000a4300000| Untracked 
|  56|0x00000000a4400000, 0x00000000a4500000, 0x00000000a4500000|100%| O|  |TAMS 0x00000000a4400000, 0x00000000a4400000| Untracked 
|  57|0x00000000a4500000, 0x00000000a4600000, 0x00000000a4600000|100%| O|  |TAMS 0x00000000a4500000, 0x00000000a4500000| Untracked 
|  58|0x00000000a4600000, 0x00000000a4700000, 0x00000000a4700000|100%| O|  |TAMS 0x00000000a4600000, 0x00000000a4600000| Untracked 
|  59|0x00000000a4700000, 0x00000000a47cc600, 0x00000000a4800000| 79%| O|  |TAMS 0x00000000a4700000, 0x00000000a4700000| Untracked 
|  60|0x00000000a4800000, 0x00000000a4800000, 0x00000000a4900000|  0%| F|  |TAMS 0x00000000a4800000, 0x00000000a4800000| Untracked 
|  61|0x00000000a4900000, 0x00000000a4900000, 0x00000000a4a00000|  0%| F|  |TAMS 0x00000000a4900000, 0x00000000a4900000| Untracked 
|  62|0x00000000a4a00000, 0x00000000a4a00000, 0x00000000a4b00000|  0%| F|  |TAMS 0x00000000a4a00000, 0x00000000a4a00000| Untracked 
|  63|0x00000000a4b00000, 0x00000000a4b00000, 0x00000000a4c00000|  0%| F|  |TAMS 0x00000000a4b00000, 0x00000000a4b00000| Untracked 
|  64|0x00000000a4c00000, 0x00000000a4c00000, 0x00000000a4d00000|  0%| F|  |TAMS 0x00000000a4c00000, 0x00000000a4c00000| Untracked 
|  65|0x00000000a4d00000, 0x00000000a4d00000, 0x00000000a4e00000|  0%| F|  |TAMS 0x00000000a4d00000, 0x00000000a4d00000| Untracked 
|  66|0x00000000a4e00000, 0x00000000a4e00000, 0x00000000a4f00000|  0%| F|  |TAMS 0x00000000a4e00000, 0x00000000a4e00000| Untracked 
|  67|0x00000000a4f00000, 0x00000000a4f00000, 0x00000000a5000000|  0%| F|  |TAMS 0x00000000a4f00000, 0x00000000a4f00000| Untracked 
|  68|0x00000000a5000000, 0x00000000a5000000, 0x00000000a5100000|  0%| F|  |TAMS 0x00000000a5000000, 0x00000000a5000000| Untracked 
|  69|0x00000000a5100000, 0x00000000a5100000, 0x00000000a5200000|  0%| F|  |TAMS 0x00000000a5100000, 0x00000000a5100000| Untracked 
|  70|0x00000000a5200000, 0x00000000a5200000, 0x00000000a5300000|  0%| F|  |TAMS 0x00000000a5200000, 0x00000000a5200000| Untracked 
|  71|0x00000000a5300000, 0x00000000a5300000, 0x00000000a5400000|  0%| F|  |TAMS 0x00000000a5300000, 0x00000000a5300000| Untracked 
|  72|0x00000000a5400000, 0x00000000a5400000, 0x00000000a5500000|  0%| F|  |TAMS 0x00000000a5400000, 0x00000000a5400000| Untracked 
|  73|0x00000000a5500000, 0x00000000a5500000, 0x00000000a5600000|  0%| F|  |TAMS 0x00000000a5500000, 0x00000000a5500000| Untracked 
|  74|0x00000000a5600000, 0x00000000a5600000, 0x00000000a5700000|  0%| F|  |TAMS 0x00000000a5600000, 0x00000000a5600000| Untracked 
|  75|0x00000000a5700000, 0x00000000a5700000, 0x00000000a5800000|  0%| F|  |TAMS 0x00000000a5700000, 0x00000000a5700000| Untracked 
|  76|0x00000000a5800000, 0x00000000a5800000, 0x00000000a5900000|  0%| F|  |TAMS 0x00000000a5800000, 0x00000000a5800000| Untracked 
|  77|0x00000000a5900000, 0x00000000a5900000, 0x00000000a5a00000|  0%| F|  |TAMS 0x00000000a5900000, 0x00000000a5900000| Untracked 
|  78|0x00000000a5a00000, 0x00000000a5a00000, 0x00000000a5b00000|  0%| F|  |TAMS 0x00000000a5a00000, 0x00000000a5a00000| Untracked 
|  79|0x00000000a5b00000, 0x00000000a5b00000, 0x00000000a5c00000|  0%| F|  |TAMS 0x00000000a5b00000, 0x00000000a5b00000| Untracked 
|  80|0x00000000a5c00000, 0x00000000a5c00000, 0x00000000a5d00000|  0%| F|  |TAMS 0x00000000a5c00000, 0x00000000a5c00000| Untracked 
|  81|0x00000000a5d00000, 0x00000000a5d00000, 0x00000000a5e00000|  0%| F|  |TAMS 0x00000000a5d00000, 0x00000000a5d00000| Untracked 
|  82|0x00000000a5e00000, 0x00000000a5e00000, 0x00000000a5f00000|  0%| F|  |TAMS 0x00000000a5e00000, 0x00000000a5e00000| Untracked 
|  83|0x00000000a5f00000, 0x00000000a5f00000, 0x00000000a6000000|  0%| F|  |TAMS 0x00000000a5f00000, 0x00000000a5f00000| Untracked 
|  84|0x00000000a6000000, 0x00000000a6000000, 0x00000000a6100000|  0%| F|  |TAMS 0x00000000a6000000, 0x00000000a6000000| Untracked 
|  85|0x00000000a6100000, 0x00000000a6100000, 0x00000000a6200000|  0%| F|  |TAMS 0x00000000a6100000, 0x00000000a6100000| Untracked 
|  86|0x00000000a6200000, 0x00000000a6200000, 0x00000000a6300000|  0%| F|  |TAMS 0x00000000a6200000, 0x00000000a6200000| Untracked 
|  87|0x00000000a6300000, 0x00000000a6300000, 0x00000000a6400000|  0%| F|  |TAMS 0x00000000a6300000, 0x00000000a6300000| Untracked 
|  88|0x00000000a6400000, 0x00000000a6400000, 0x00000000a6500000|  0%| F|  |TAMS 0x00000000a6400000, 0x00000000a6400000| Untracked 
|  89|0x00000000a6500000, 0x00000000a6500000, 0x00000000a6600000|  0%| F|  |TAMS 0x00000000a6500000, 0x00000000a6500000| Untracked 
|  90|0x00000000a6600000, 0x00000000a6600000, 0x00000000a6700000|  0%| F|  |TAMS 0x00000000a6600000, 0x00000000a6600000| Untracked 
|  91|0x00000000a6700000, 0x00000000a6700000, 0x00000000a6800000|  0%| F|  |TAMS 0x00000000a6700000, 0x00000000a6700000| Untracked 
|  92|0x00000000a6800000, 0x00000000a6800000, 0x00000000a6900000|  0%| F|  |TAMS 0x00000000a6800000, 0x00000000a6800000| Untracked 
|  93|0x00000000a6900000, 0x00000000a6900000, 0x00000000a6a00000|  0%| F|  |TAMS 0x00000000a6900000, 0x00000000a6900000| Untracked 
|  94|0x00000000a6a00000, 0x00000000a6a00000, 0x00000000a6b00000|  0%| F|  |TAMS 0x00000000a6a00000, 0x00000000a6a00000| Untracked 
|  95|0x00000000a6b00000, 0x00000000a6b00000, 0x00000000a6c00000|  0%| F|  |TAMS 0x00000000a6b00000, 0x00000000a6b00000| Untracked 
|  96|0x00000000a6c00000, 0x00000000a6c00000, 0x00000000a6d00000|  0%| F|  |TAMS 0x00000000a6c00000, 0x00000000a6c00000| Untracked 
|  97|0x00000000a6d00000, 0x00000000a6d00000, 0x00000000a6e00000|  0%| F|  |TAMS 0x00000000a6d00000, 0x00000000a6d00000| Untracked 
|  98|0x00000000a6e00000, 0x00000000a6e00000, 0x00000000a6f00000|  0%| F|  |TAMS 0x00000000a6e00000, 0x00000000a6e00000| Untracked 
|  99|0x00000000a6f00000, 0x00000000a6f00000, 0x00000000a7000000|  0%| F|  |TAMS 0x00000000a6f00000, 0x00000000a6f00000| Untracked 
| 100|0x00000000a7000000, 0x00000000a7000000, 0x00000000a7100000|  0%| F|  |TAMS 0x00000000a7000000, 0x00000000a7000000| Untracked 
| 101|0x00000000a7100000, 0x00000000a7100000, 0x00000000a7200000|  0%| F|  |TAMS 0x00000000a7100000, 0x00000000a7100000| Untracked 
| 102|0x00000000a7200000, 0x00000000a7200000, 0x00000000a7300000|  0%| F|  |TAMS 0x00000000a7200000, 0x00000000a7200000| Untracked 
| 103|0x00000000a7300000, 0x00000000a7300000, 0x00000000a7400000|  0%| F|  |TAMS 0x00000000a7300000, 0x00000000a7300000| Untracked 
| 104|0x00000000a7400000, 0x00000000a7400000, 0x00000000a7500000|  0%| F|  |TAMS 0x00000000a7400000, 0x00000000a7400000| Untracked 
| 105|0x00000000a7500000, 0x00000000a7500000, 0x00000000a7600000|  0%| F|  |TAMS 0x00000000a7500000, 0x00000000a7500000| Untracked 
| 106|0x00000000a7600000, 0x00000000a7600000, 0x00000000a7700000|  0%| F|  |TAMS 0x00000000a7600000, 0x00000000a7600000| Untracked 
| 107|0x00000000a7700000, 0x00000000a7700000, 0x00000000a7800000|  0%| F|  |TAMS 0x00000000a7700000, 0x00000000a7700000| Untracked 
| 108|0x00000000a7800000, 0x00000000a7800000, 0x00000000a7900000|  0%| F|  |TAMS 0x00000000a7800000, 0x00000000a7800000| Untracked 
| 109|0x00000000a7900000, 0x00000000a7900000, 0x00000000a7a00000|  0%| F|  |TAMS 0x00000000a7900000, 0x00000000a7900000| Untracked 
| 110|0x00000000a7a00000, 0x00000000a7a00000, 0x00000000a7b00000|  0%| F|  |TAMS 0x00000000a7a00000, 0x00000000a7a00000| Untracked 
| 111|0x00000000a7b00000, 0x00000000a7b00000, 0x00000000a7c00000|  0%| F|  |TAMS 0x00000000a7b00000, 0x00000000a7b00000| Untracked 
| 112|0x00000000a7c00000, 0x00000000a7c00000, 0x00000000a7d00000|  0%| F|  |TAMS 0x00000000a7c00000, 0x00000000a7c00000| Untracked 
| 113|0x00000000a7d00000, 0x00000000a7d00000, 0x00000000a7e00000|  0%| F|  |TAMS 0x00000000a7d00000, 0x00000000a7d00000| Untracked 
| 114|0x00000000a7e00000, 0x00000000a7e00000, 0x00000000a7f00000|  0%| F|  |TAMS 0x00000000a7e00000, 0x00000000a7e00000| Untracked 
| 115|0x00000000a7f00000, 0x00000000a7f00000, 0x00000000a8000000|  0%| F|  |TAMS 0x00000000a7f00000, 0x00000000a7f00000| Untracked 
| 116|0x00000000a8000000, 0x00000000a8000000, 0x00000000a8100000|  0%| F|  |TAMS 0x00000000a8000000, 0x00000000a8000000| Untracked 
| 117|0x00000000a8100000, 0x00000000a8100000, 0x00000000a8200000|  0%| F|  |TAMS 0x00000000a8100000, 0x00000000a8100000| Untracked 
| 118|0x00000000a8200000, 0x00000000a8200000, 0x00000000a8300000|  0%| F|  |TAMS 0x00000000a8200000, 0x00000000a8200000| Untracked 
| 119|0x00000000a8300000, 0x00000000a8300000, 0x00000000a8400000|  0%| F|  |TAMS 0x00000000a8300000, 0x00000000a8300000| Untracked 
| 120|0x00000000a8400000, 0x00000000a8400000, 0x00000000a8500000|  0%| F|  |TAMS 0x00000000a8400000, 0x00000000a8400000| Untracked 
| 121|0x00000000a8500000, 0x00000000a8500000, 0x00000000a8600000|  0%| F|  |TAMS 0x00000000a8500000, 0x00000000a8500000| Untracked 
| 122|0x00000000a8600000, 0x00000000a8600000, 0x00000000a8700000|  0%| F|  |TAMS 0x00000000a8600000, 0x00000000a8600000| Untracked 
| 123|0x00000000a8700000, 0x00000000a8700000, 0x00000000a8800000|  0%| F|  |TAMS 0x00000000a8700000, 0x00000000a8700000| Untracked 
| 124|0x00000000a8800000, 0x00000000a8800000, 0x00000000a8900000|  0%| F|  |TAMS 0x00000000a8800000, 0x00000000a8800000| Untracked 
| 125|0x00000000a8900000, 0x00000000a8900000, 0x00000000a8a00000|  0%| F|  |TAMS 0x00000000a8900000, 0x00000000a8900000| Untracked 
| 126|0x00000000a8a00000, 0x00000000a8a00000, 0x00000000a8b00000|  0%| F|  |TAMS 0x00000000a8a00000, 0x00000000a8a00000| Untracked 
| 127|0x00000000a8b00000, 0x00000000a8b00000, 0x00000000a8c00000|  0%| F|  |TAMS 0x00000000a8b00000, 0x00000000a8b00000| Untracked 
| 128|0x00000000a8c00000, 0x00000000a8c00000, 0x00000000a8d00000|  0%| F|  |TAMS 0x00000000a8c00000, 0x00000000a8c00000| Untracked 
| 129|0x00000000a8d00000, 0x00000000a8d00000, 0x00000000a8e00000|  0%| F|  |TAMS 0x00000000a8d00000, 0x00000000a8d00000| Untracked 
| 130|0x00000000a8e00000, 0x00000000a8e00000, 0x00000000a8f00000|  0%| F|  |TAMS 0x00000000a8e00000, 0x00000000a8e00000| Untracked 
| 131|0x00000000a8f00000, 0x00000000a8f00000, 0x00000000a9000000|  0%| F|  |TAMS 0x00000000a8f00000, 0x00000000a8f00000| Untracked 
| 132|0x00000000a9000000, 0x00000000a9000000, 0x00000000a9100000|  0%| F|  |TAMS 0x00000000a9000000, 0x00000000a9000000| Untracked 
| 133|0x00000000a9100000, 0x00000000a9100000, 0x00000000a9200000|  0%| F|  |TAMS 0x00000000a9100000, 0x00000000a9100000| Untracked 
| 134|0x00000000a9200000, 0x00000000a9200000, 0x00000000a9300000|  0%| F|  |TAMS 0x00000000a9200000, 0x00000000a9200000| Untracked 
| 135|0x00000000a9300000, 0x00000000a9300000, 0x00000000a9400000|  0%| F|  |TAMS 0x00000000a9300000, 0x00000000a9300000| Untracked 
| 136|0x00000000a9400000, 0x00000000a9400000, 0x00000000a9500000|  0%| F|  |TAMS 0x00000000a9400000, 0x00000000a9400000| Untracked 
| 137|0x00000000a9500000, 0x00000000a9500000, 0x00000000a9600000|  0%| F|  |TAMS 0x00000000a9500000, 0x00000000a9500000| Untracked 
| 138|0x00000000a9600000, 0x00000000a9600000, 0x00000000a9700000|  0%| F|  |TAMS 0x00000000a9600000, 0x00000000a9600000| Untracked 
| 139|0x00000000a9700000, 0x00000000a9700000, 0x00000000a9800000|  0%| F|  |TAMS 0x00000000a9700000, 0x00000000a9700000| Untracked 
| 140|0x00000000a9800000, 0x00000000a9800000, 0x00000000a9900000|  0%| F|  |TAMS 0x00000000a9800000, 0x00000000a9800000| Untracked 
| 141|0x00000000a9900000, 0x00000000a9900000, 0x00000000a9a00000|  0%| F|  |TAMS 0x00000000a9900000, 0x00000000a9900000| Untracked 
| 142|0x00000000a9a00000, 0x00000000a9a00000, 0x00000000a9b00000|  0%| F|  |TAMS 0x00000000a9a00000, 0x00000000a9a00000| Untracked 
| 143|0x00000000a9b00000, 0x00000000a9b00000, 0x00000000a9c00000|  0%| F|  |TAMS 0x00000000a9b00000, 0x00000000a9b00000| Untracked 
| 144|0x00000000a9c00000, 0x00000000a9d00000, 0x00000000a9d00000|100%| S|CS|TAMS 0x00000000a9c00000, 0x00000000a9c00000| Complete 
| 145|0x00000000a9d00000, 0x00000000a9d00000, 0x00000000a9e00000|  0%| F|  |TAMS 0x00000000a9d00000, 0x00000000a9d00000| Untracked 
| 146|0x00000000a9e00000, 0x00000000a9e00000, 0x00000000a9f00000|  0%| F|  |TAMS 0x00000000a9e00000, 0x00000000a9e00000| Untracked 
| 147|0x00000000a9f00000, 0x00000000a9f00000, 0x00000000aa000000|  0%| F|  |TAMS 0x00000000a9f00000, 0x00000000a9f00000| Untracked 
| 148|0x00000000aa000000, 0x00000000aa000000, 0x00000000aa100000|  0%| F|  |TAMS 0x00000000aa000000, 0x00000000aa000000| Untracked 
| 149|0x00000000aa100000, 0x00000000aa100000, 0x00000000aa200000|  0%| F|  |TAMS 0x00000000aa100000, 0x00000000aa100000| Untracked 
| 150|0x00000000aa200000, 0x00000000aa200000, 0x00000000aa300000|  0%| F|  |TAMS 0x00000000aa200000, 0x00000000aa200000| Untracked 
| 151|0x00000000aa300000, 0x00000000aa300000, 0x00000000aa400000|  0%| F|  |TAMS 0x00000000aa300000, 0x00000000aa300000| Untracked 
| 152|0x00000000aa400000, 0x00000000aa400000, 0x00000000aa500000|  0%| F|  |TAMS 0x00000000aa400000, 0x00000000aa400000| Untracked 
| 153|0x00000000aa500000, 0x00000000aa500000, 0x00000000aa600000|  0%| F|  |TAMS 0x00000000aa500000, 0x00000000aa500000| Untracked 
| 154|0x00000000aa600000, 0x00000000aa600000, 0x00000000aa700000|  0%| F|  |TAMS 0x00000000aa600000, 0x00000000aa600000| Untracked 
| 155|0x00000000aa700000, 0x00000000aa700000, 0x00000000aa800000|  0%| F|  |TAMS 0x00000000aa700000, 0x00000000aa700000| Untracked 
| 156|0x00000000aa800000, 0x00000000aa800000, 0x00000000aa900000|  0%| F|  |TAMS 0x00000000aa800000, 0x00000000aa800000| Untracked 
| 157|0x00000000aa900000, 0x00000000aa900000, 0x00000000aaa00000|  0%| F|  |TAMS 0x00000000aa900000, 0x00000000aa900000| Untracked 
| 158|0x00000000aaa00000, 0x00000000aaa00000, 0x00000000aab00000|  0%| F|  |TAMS 0x00000000aaa00000, 0x00000000aaa00000| Untracked 
| 159|0x00000000aab00000, 0x00000000aab00000, 0x00000000aac00000|  0%| F|  |TAMS 0x00000000aab00000, 0x00000000aab00000| Untracked 
| 160|0x00000000aac00000, 0x00000000aac00000, 0x00000000aad00000|  0%| F|  |TAMS 0x00000000aac00000, 0x00000000aac00000| Untracked 
| 161|0x00000000aad00000, 0x00000000aad00000, 0x00000000aae00000|  0%| F|  |TAMS 0x00000000aad00000, 0x00000000aad00000| Untracked 

Card table byte_map: [0x00000153aec00000,0x00000153aef00000] _byte_map_base: 0x00000153ae6fa000

Marking Bits (Prev, Next): (CMBitMap*) 0x00000153a2424340, (CMBitMap*) 0x00000153a2424380
 Prev Bits: [0x00000153af200000, 0x00000153b09d0000)
 Next Bits: [0x00000153b09d0000, 0x00000153b21a0000)

Polling page: 0x00000153a22c0000

Metaspace:

Usage:
  Non-class:     17.88 MB used.
      Class:      2.76 MB used.
       Both:     20.64 MB used.

Virtual space:
  Non-class space:       24.00 MB reserved,      18.06 MB ( 75%) committed,  3 nodes.
      Class space:        1.00 GB reserved,       2.94 MB ( <1%) committed,  1 nodes.
             Both:        1.02 GB reserved,      21.00 MB (  2%) committed. 

Chunk freelists:
   Non-Class:  1.19 MB
       Class:  912.00 KB
        Both:  2.08 MB

MaxMetaspaceSize: unlimited
CompressedClassSpaceSize: 1.00 GB
Initial GC threshold: 21.00 MB
Current GC threshold: 21.00 MB
CDS: on
MetaspaceReclaimPolicy: balanced
 - commit_granule_bytes: 65536.
 - commit_granule_words: 8192.
 - virtual_space_node_default_size: 1048576.
 - enlarge_chunks_in_place: 1.
 - new_chunks_are_fully_committed: 0.
 - uncommit_free_chunks: 1.
 - use_allocation_guard: 0.
 - handle_deallocations: 1.


Internal statistics:

num_allocs_failed_limit: 3.
num_arena_births: 470.
num_arena_deaths: 0.
num_vsnodes_births: 4.
num_vsnodes_deaths: 0.
num_space_committed: 336.
num_space_uncommitted: 0.
num_chunks_returned_to_freelist: 3.
num_chunks_taken_from_freelist: 1389.
num_chunk_merges: 3.
num_chunk_splits: 847.
num_chunks_enlarged: 499.
num_purges: 0.
num_inconsistent_stats: 0.

CodeCache: size=49152Kb used=8637Kb max_used=8637Kb free=40514Kb
 bounds [0x00000153ab460000, 0x00000153abcd0000, 0x00000153ae460000]
 total_blobs=4201 nmethods=3704 adapters=422
 compilation: enabled
              stopped_count=0, restarted_count=0
 full_count=0

Compilation events (20 events):
Event: 3.054 Thread 0x00000153b4710000 3697       1       org.objectweb.asm.ByteVector::enlarge (51 bytes)
Event: 3.054 Thread 0x00000153b4710000 nmethod 3697 0x00000153abcca190 code [0x00000153abcca340, 0x00000153abcca5c8]
Event: 3.055 Thread 0x00000153b581cce0 3698       1       io.quarkus.arc.processor.BuiltinScope::getInfo (5 bytes)
Event: 3.055 Thread 0x00000153b581cce0 nmethod 3698 0x00000153abcca710 code [0x00000153abcca8a0, 0x00000153abcca978]
Event: 3.055 Thread 0x00000153b4710000 3699       1       java.util.regex.Pattern::append (43 bytes)
Event: 3.056 Thread 0x00000153b4710000 nmethod 3699 0x00000153abccaa10 code [0x00000153abccabc0, 0x00000153abccaf18]
Event: 3.058 Thread 0x00000153b4710000 3700       1       sun.nio.fs.Globs::isRegexMeta (16 bytes)
Event: 3.059 Thread 0x00000153b4710000 nmethod 3700 0x00000153abccb710 code [0x00000153abccb8a0, 0x00000153abccb9a8]
Event: 3.060 Thread 0x00000153b4710000 3701       1       sun.net.www.ParseUtil::encodePath (41 bytes)
Event: 3.060 Thread 0x00000153b4710000 nmethod 3701 0x00000153abccba90 code [0x00000153abccbc40, 0x00000153abccbdc8]
Event: 3.062 Thread 0x00000153b581cce0 3702   !   1       jdk.internal.loader.URLClassPath$JarLoader::checkResource (78 bytes)
Event: 3.063 Thread 0x00000153b581cce0 nmethod 3702 0x00000153abccbe90 code [0x00000153abccc0a0, 0x00000153abccc688]
Event: 3.063 Thread 0x00000153b4710000 3703       1       sun.net.www.protocol.jar.Handler::parseContextSpec (150 bytes)
Event: 3.063 Thread 0x00000153b47de2a0 3704       1       sun.net.www.protocol.jar.Handler::canonicalizeString (72 bytes)
Event: 3.064 Thread 0x00000153b47de2a0 nmethod 3704 0x00000153abccca10 code [0x00000153abcccc40, 0x00000153abccd208]
Event: 3.064 Thread 0x00000153b47de2a0 3705       1       java.util.regex.Pattern::unread (11 bytes)
Event: 3.064 Thread 0x00000153b47de2a0 nmethod 3705 0x00000153abccd690 code [0x00000153abccd820, 0x00000153abccd8f8]
Event: 3.064 Thread 0x00000153b4710000 nmethod 3703 0x00000153abccd990 code [0x00000153abccdcc0, 0x00000153abcce8d8]
Event: 3.065 Thread 0x00000153b581cce0 3706       1       jdk.internal.loader.URLClassPath$JarLoader$2::<init> (31 bytes)
Event: 3.065 Thread 0x00000153b581cce0 nmethod 3706 0x00000153abccf110 code [0x00000153abccf2a0, 0x00000153abccf4f8]

GC Heap History (17 events):
Event: 0.582 GC heap before
{Heap before GC invocations=0 (full 0):
 garbage-first heap   total 98304K, used 13312K [0x00000000a0c00000, 0x0000000100000000)
  region size 1024K, 13 young (13312K), 0 survivors (0K)
 Metaspace       used 3042K, committed 3264K, reserved 1056768K
  class space    used 345K, committed 448K, reserved 1048576K
}
Event: 0.588 GC heap after
{Heap after GC invocations=1 (full 0):
 garbage-first heap   total 98304K, used 5117K [0x00000000a0c00000, 0x0000000100000000)
  region size 1024K, 2 young (2048K), 2 survivors (2048K)
 Metaspace       used 3042K, committed 3264K, reserved 1056768K
  class space    used 345K, committed 448K, reserved 1048576K
}
Event: 0.906 GC heap before
{Heap before GC invocations=1 (full 0):
 garbage-first heap   total 98304K, used 16381K [0x00000000a0c00000, 0x0000000100000000)
  region size 1024K, 13 young (13312K), 2 survivors (2048K)
 Metaspace       used 3472K, committed 3648K, reserved 1056768K
  class space    used 400K, committed 512K, reserved 1048576K
}
Event: 0.918 GC heap after
{Heap after GC invocations=2 (full 0):
 garbage-first heap   total 98304K, used 14970K [0x00000000a0c00000, 0x0000000100000000)
  region size 1024K, 2 young (2048K), 2 survivors (2048K)
 Metaspace       used 3472K, committed 3648K, reserved 1056768K
  class space    used 400K, committed 512K, reserved 1048576K
}
Event: 1.096 GC heap before
{Heap before GC invocations=2 (full 0):
 garbage-first heap   total 98304K, used 32378K [0x00000000a0c00000, 0x0000000100000000)
  region size 1024K, 18 young (18432K), 2 survivors (2048K)
 Metaspace       used 3695K, committed 3904K, reserved 1056768K
  class space    used 444K, committed 576K, reserved 1048576K
}
Event: 1.111 GC heap after
{Heap after GC invocations=3 (full 0):
 garbage-first heap   total 98304K, used 26550K [0x00000000a0c00000, 0x0000000100000000)
  region size 1024K, 3 young (3072K), 3 survivors (3072K)
 Metaspace       used 3695K, committed 3904K, reserved 1056768K
  class space    used 444K, committed 576K, reserved 1048576K
}
Event: 1.209 GC heap before
{Heap before GC invocations=3 (full 0):
 garbage-first heap   total 98304K, used 48054K [0x00000000a0c00000, 0x0000000100000000)
  region size 1024K, 24 young (24576K), 3 survivors (3072K)
 Metaspace       used 3696K, committed 3904K, reserved 1056768K
  class space    used 444K, committed 576K, reserved 1048576K
}
Event: 1.224 GC heap after
{Heap after GC invocations=4 (full 0):
 garbage-first heap   total 98304K, used 31744K [0x00000000a0c00000, 0x0000000100000000)
  region size 1024K, 3 young (3072K), 3 survivors (3072K)
 Metaspace       used 3696K, committed 3904K, reserved 1056768K
  class space    used 444K, committed 576K, reserved 1048576K
}
Event: 1.310 GC heap before
{Heap before GC invocations=4 (full 0):
 garbage-first heap   total 98304K, used 56320K [0x00000000a0c00000, 0x0000000100000000)
  region size 1024K, 27 young (27648K), 3 survivors (3072K)
 Metaspace       used 3696K, committed 3904K, reserved 1056768K
  class space    used 444K, committed 576K, reserved 1048576K
}
Event: 1.331 GC heap after
{Heap after GC invocations=5 (full 0):
 garbage-first heap   total 165888K, used 38900K [0x00000000a0c00000, 0x0000000100000000)
  region size 1024K, 4 young (4096K), 4 survivors (4096K)
 Metaspace       used 3696K, committed 3904K, reserved 1056768K
  class space    used 444K, committed 576K, reserved 1048576K
}
Event: 2.017 GC heap before
{Heap before GC invocations=5 (full 0):
 garbage-first heap   total 165888K, used 83956K [0x00000000a0c00000, 0x0000000100000000)
  region size 1024K, 46 young (47104K), 4 survivors (4096K)
 Metaspace       used 8106K, committed 8384K, reserved 1064960K
  class space    used 1074K, committed 1216K, reserved 1048576K
}
Event: 2.032 GC heap after
{Heap after GC invocations=6 (full 0):
 garbage-first heap   total 165888K, used 50496K [0x00000000a0c00000, 0x0000000100000000)
  region size 1024K, 6 young (6144K), 6 survivors (6144K)
 Metaspace       used 8106K, committed 8384K, reserved 1064960K
  class space    used 1074K, committed 1216K, reserved 1048576K
}
Event: 2.461 GC heap before
{Heap before GC invocations=6 (full 0):
 garbage-first heap   total 165888K, used 98624K [0x00000000a0c00000, 0x0000000100000000)
  region size 1024K, 53 young (54272K), 6 survivors (6144K)
 Metaspace       used 12586K, committed 12928K, reserved 1064960K
  class space    used 1680K, committed 1856K, reserved 1048576K
}
Event: 2.474 GC heap after
{Heap after GC invocations=7 (full 0):
 garbage-first heap   total 165888K, used 55056K [0x00000000a0c00000, 0x0000000100000000)
  region size 1024K, 4 young (4096K), 4 survivors (4096K)
 Metaspace       used 12586K, committed 12928K, reserved 1064960K
  class space    used 1680K, committed 1856K, reserved 1048576K
}
Event: 2.914 GC heap before
{Heap before GC invocations=7 (full 0):
 garbage-first heap   total 165888K, used 108304K [0x00000000a0c00000, 0x0000000100000000)
  region size 1024K, 57 young (58368K), 4 survivors (4096K)
 Metaspace       used 19439K, committed 19904K, reserved 1073152K
  class space    used 2581K, committed 2816K, reserved 1048576K
}
Event: 2.929 GC heap after
{Heap after GC invocations=8 (full 0):
 garbage-first heap   total 165888K, used 59704K [0x00000000a0c00000, 0x0000000100000000)
  region size 1024K, 8 young (8192K), 8 survivors (8192K)
 Metaspace       used 19439K, committed 19904K, reserved 1073152K
  class space    used 2581K, committed 2816K, reserved 1048576K
}
Event: 3.066 GC heap before
{Heap before GC invocations=8 (full 0):
 garbage-first heap   total 165888K, used 77112K [0x00000000a0c00000, 0x0000000100000000)
  region size 1024K, 25 young (25600K), 8 survivors (8192K)
 Metaspace       used 21130K, committed 21504K, reserved 1073152K
  class space    used 2822K, committed 3008K, reserved 1048576K
}

Deoptimization events (20 events):
Event: 3.042 Thread 0x00000153b8081fe0 DEOPT PACKING pc=0x00000153ab99ce54 sp=0x0000004502dfd090
Event: 3.042 Thread 0x00000153b8081fe0 DEOPT UNPACKING pc=0x00000153ab4b2b43 sp=0x0000004502dfc580 mode 1
Event: 3.043 Thread 0x00000153b8081fe0 DEOPT PACKING pc=0x00000153ab80806c sp=0x0000004502dfc330
Event: 3.043 Thread 0x00000153b8081fe0 DEOPT UNPACKING pc=0x00000153ab4b2b43 sp=0x0000004502dfb7c8 mode 1
Event: 3.043 Thread 0x00000153b8081fe0 DEOPT PACKING pc=0x00000153ab8072fc sp=0x0000004502dfc400
Event: 3.043 Thread 0x00000153b8081fe0 DEOPT UNPACKING pc=0x00000153ab4b2b43 sp=0x0000004502dfb8a8 mode 1
Event: 3.043 Thread 0x00000153b8081fe0 DEOPT PACKING pc=0x00000153abb1dfec sp=0x0000004502dfc450
Event: 3.043 Thread 0x00000153b8081fe0 DEOPT UNPACKING pc=0x00000153ab4b2b43 sp=0x0000004502dfba70 mode 1
Event: 3.043 Thread 0x00000153b8081fe0 DEOPT PACKING pc=0x00000153ab968a34 sp=0x0000004502dfc6a0
Event: 3.043 Thread 0x00000153b8081fe0 DEOPT UNPACKING pc=0x00000153ab4b2b43 sp=0x0000004502dfbb58 mode 1
Event: 3.043 Thread 0x00000153b8081fe0 DEOPT PACKING pc=0x00000153ab99ce54 sp=0x0000004502dfd090
Event: 3.043 Thread 0x00000153b8081fe0 DEOPT UNPACKING pc=0x00000153ab4b2b43 sp=0x0000004502dfc580 mode 1
Event: 3.049 Thread 0x00000153b8081fe0 DEOPT PACKING pc=0x00000153ab8412c4 sp=0x0000004502dfd850
Event: 3.049 Thread 0x00000153b8081fe0 DEOPT UNPACKING pc=0x00000153ab4b2b43 sp=0x0000004502dfcd10 mode 1
Event: 3.049 Thread 0x00000153b8081fe0 DEOPT PACKING pc=0x00000153ab8427cc sp=0x0000004502dfd900
Event: 3.049 Thread 0x00000153b8081fe0 DEOPT UNPACKING pc=0x00000153ab4b2b43 sp=0x0000004502dfcde8 mode 1
Event: 3.049 Thread 0x00000153b8081fe0 DEOPT PACKING pc=0x00000153ab83f74c sp=0x0000004502dfd9f0
Event: 3.049 Thread 0x00000153b8081fe0 DEOPT UNPACKING pc=0x00000153ab4b2b43 sp=0x0000004502dfcf38 mode 1
Event: 3.049 Thread 0x00000153b8081fe0 DEOPT PACKING pc=0x00000153ab911dac sp=0x0000004502dfdc40
Event: 3.049 Thread 0x00000153b8081fe0 DEOPT UNPACKING pc=0x00000153ab4b2b43 sp=0x0000004502dfd0e0 mode 1

Classes unloaded (0 events):
No events

Classes redefined (0 events):
No events

Internal exceptions (20 events):
Event: 2.841 Thread 0x00000153b807f960 Exception <a 'java/lang/IncompatibleClassChangeError'{0x00000000a8076aa0}: Found class java.lang.Object, but interface was expected> (0x00000000a8076aa0) 
thrown [t:\workspace\open\src\hotspot\share\interpreter\linkResolver.cpp, line 833]
Event: 2.855 Thread 0x00000153b807f960 Exception <a 'java/lang/NoSuchMethodError'{0x00000000a7f447c0}: 'void java.lang.invoke.DirectMethodHandle$Holder.invokeStaticInit(java.lang.Object)'> (0x00000000a7f447c0) 
thrown [t:\workspace\open\src\hotspot\share\interpreter\linkResolver.cpp, line 766]
Event: 2.890 Thread 0x00000153b7016bd0 Exception <a 'java/lang/NoSuchMethodError'{0x00000000a7b569d0}: 'java.lang.Object java.lang.invoke.DirectMethodHandle$Holder.invokeStaticInit(java.lang.Object, java.lang.Object, int, int, int, int)'> (0x00000000a7b569d0) 
thrown [t:\workspace\open\src\hotspot\share\interpreter\linkResolver.cpp, line 766]
Event: 2.898 Thread 0x00000153b7016bd0 Exception <a 'sun/nio/fs/WindowsException'{0x00000000a7a09420}> (0x00000000a7a09420) 
thrown [t:\workspace\open\src\hotspot\share\prims\jni.cpp, line 516]
Event: 2.898 Thread 0x00000153b7016bd0 Exception <a 'sun/nio/fs/WindowsException'{0x00000000a7a09930}> (0x00000000a7a09930) 
thrown [t:\workspace\open\src\hotspot\share\prims\jni.cpp, line 516]
Event: 2.898 Thread 0x00000153b7016bd0 Exception <a 'sun/nio/fs/WindowsException'{0x00000000a7a09d40}> (0x00000000a7a09d40) 
thrown [t:\workspace\open\src\hotspot\share\prims\jni.cpp, line 516]
Event: 2.898 Thread 0x00000153b7016bd0 Exception <a 'sun/nio/fs/WindowsException'{0x00000000a7a0a498}> (0x00000000a7a0a498) 
thrown [t:\workspace\open\src\hotspot\share\prims\jni.cpp, line 516]
Event: 2.899 Thread 0x00000153b7016bd0 Exception <a 'sun/nio/fs/WindowsException'{0x00000000a7a0a798}> (0x00000000a7a0a798) 
thrown [t:\workspace\open\src\hotspot\share\prims\jni.cpp, line 516]
Event: 2.899 Thread 0x00000153b7016bd0 Exception <a 'sun/nio/fs/WindowsException'{0x00000000a7a0aed8}> (0x00000000a7a0aed8) 
thrown [t:\workspace\open\src\hotspot\share\prims\jni.cpp, line 516]
Event: 2.931 Thread 0x00000153b7f9dda0 Exception <a 'sun/nio/fs/WindowsException'{0x00000000aad1af70}> (0x00000000aad1af70) 
thrown [t:\workspace\open\src\hotspot\share\prims\jni.cpp, line 516]
Event: 2.931 Thread 0x00000153b7016230 Exception <a 'sun/nio/fs/WindowsException'{0x00000000aad01650}> (0x00000000aad01650) 
thrown [t:\workspace\open\src\hotspot\share\prims\jni.cpp, line 516]
Event: 2.932 Thread 0x00000153b7f9dda0 Exception <a 'sun/nio/fs/WindowsException'{0x00000000aad1b438}> (0x00000000aad1b438) 
thrown [t:\workspace\open\src\hotspot\share\prims\jni.cpp, line 516]
Event: 2.932 Thread 0x00000153b7016230 Exception <a 'sun/nio/fs/WindowsException'{0x00000000aad01b38}> (0x00000000aad01b38) 
thrown [t:\workspace\open\src\hotspot\share\prims\jni.cpp, line 516]
Event: 2.933 Thread 0x00000153b67f97e0 Exception <a 'sun/nio/fs/WindowsException'{0x00000000aac1d318}> (0x00000000aac1d318) 
thrown [t:\workspace\open\src\hotspot\share\prims\jni.cpp, line 516]
Event: 2.946 Thread 0x00000153b7016bd0 Exception <a 'sun/nio/fs/WindowsException'{0x00000000aac67a20}> (0x00000000aac67a20) 
thrown [t:\workspace\open\src\hotspot\share\prims\jni.cpp, line 516]
Event: 2.951 Thread 0x00000153b80837f0 Exception <a 'java/lang/NoSuchMethodError'{0x00000000aac1b468}: 'int java.lang.invoke.DirectMethodHandle$Holder.invokeSpecialIFC(java.lang.Object, java.lang.Object, java.lang.Object)'> (0x00000000aac1b468) 
thrown [t:\workspace\open\src\hotspot\share\interpreter\linkResolver.cpp, line 766]
Event: 2.960 Thread 0x00000153b7f9dda0 Exception <a 'sun/nio/fs/WindowsException'{0x00000000aad2f4e0}> (0x00000000aad2f4e0) 
thrown [t:\workspace\open\src\hotspot\share\prims\jni.cpp, line 516]
Event: 3.048 Thread 0x00000153b8081fe0 Exception <a 'java/lang/NoSuchMethodError'{0x00000000a9f9f5d0}: 'void java.lang.invoke.DirectMethodHandle$Holder.invokeStatic(java.lang.Object, java.lang.Object, int)'> (0x00000000a9f9f5d0) 
thrown [t:\workspace\open\src\hotspot\share\interpreter\linkResolver.cpp, line 766]
Event: 3.049 Thread 0x00000153b8081fe0 Exception <a 'sun/nio/fs/WindowsException'{0x00000000a9fcbb08}> (0x00000000a9fcbb08) 
thrown [t:\workspace\open\src\hotspot\share\prims\jni.cpp, line 516]
Event: 3.049 Thread 0x00000153b8081fe0 Exception <a 'sun/nio/fs/WindowsException'{0x00000000a9fcbe78}> (0x00000000a9fcbe78) 
thrown [t:\workspace\open\src\hotspot\share\prims\jni.cpp, line 516]

VM Operations (20 events):
Event: 2.477 Executing VM operation: G1CollectForAllocation done
Event: 2.515 Executing VM operation: HandshakeAllThreads
Event: 2.523 Executing VM operation: HandshakeAllThreads done
Event: 2.614 Executing VM operation: HandshakeAllThreads
Event: 2.618 Executing VM operation: HandshakeAllThreads done
Event: 2.733 Executing VM operation: HandshakeAllThreads
Event: 2.736 Executing VM operation: HandshakeAllThreads done
Event: 2.763 Executing VM operation: ICBufferFull
Event: 2.766 Executing VM operation: ICBufferFull done
Event: 2.778 Executing VM operation: HandshakeAllThreads
Event: 2.779 Executing VM operation: HandshakeAllThreads done
Event: 2.862 Executing VM operation: ICBufferFull
Event: 2.862 Executing VM operation: ICBufferFull done
Event: 2.914 Executing VM operation: G1CollectForAllocation
Event: 2.930 Executing VM operation: G1CollectForAllocation done
Event: 2.996 Executing VM operation: HandshakeAllThreads
Event: 2.996 Executing VM operation: HandshakeAllThreads done
Event: 3.001 Executing VM operation: HandshakeAllThreads
Event: 3.001 Executing VM operation: HandshakeAllThreads done
Event: 3.066 Executing VM operation: CollectForMetadataAllocation

Events (20 events):
Event: 2.998 loading class java/io/PrintWriter
Event: 2.999 loading class java/io/PrintWriter done
Event: 3.018 loading class javax/xml/stream/XMLEventReader
Event: 3.018 loading class javax/xml/stream/XMLEventReader done
Event: 3.026 loading class javax/xml/stream/XMLEventFactory
Event: 3.028 loading class javax/xml/stream/XMLEventFactory done
Event: 3.029 loading class com/sun/xml/internal/stream/events/XMLEventFactoryImpl
Event: 3.030 loading class com/sun/xml/internal/stream/events/XMLEventFactoryImpl done
Event: 3.039 loading class java/util/UUID$Holder
Event: 3.041 loading class java/util/UUID$Holder done
Event: 3.041 loading class java/util/HashMap$EntrySpliterator
Event: 3.043 loading class java/util/HashMap$EntrySpliterator done
Event: 3.054 loading class sun/nio/fs/Globs
Event: 3.055 loading class sun/nio/fs/Globs done
Event: 3.055 loading class java/util/regex/Pattern$SliceU
Event: 3.056 loading class java/util/regex/Pattern$SliceU done
Event: 3.056 loading class sun/nio/fs/WindowsFileSystem$2
Event: 3.056 loading class java/nio/file/PathMatcher
Event: 3.056 loading class java/nio/file/PathMatcher done
Event: 3.056 loading class sun/nio/fs/WindowsFileSystem$2 done


Dynamic libraries:
0x00007ff6b7090000 - 0x00007ff6b70a0000 	C:\Program Files\Java\jdk-17.0.2\bin\java.EXE
0x00007ffdec130000 - 0x00007ffdec325000 	C:\Windows\SYSTEM32\ntdll.dll
0x00007ffdeb150000 - 0x00007ffdeb20e000 	C:\Windows\System32\KERNEL32.DLL
0x00007ffde9ad0000 - 0x00007ffde9d98000 	C:\Windows\System32\KERNELBASE.dll
0x00007ffde98c0000 - 0x00007ffde99c0000 	C:\Windows\System32\ucrtbase.dll
0x00007ffde3960000 - 0x00007ffde397a000 	C:\Program Files\Java\jdk-17.0.2\bin\VCRUNTIME140.dll
0x00007ffde5350000 - 0x00007ffde5368000 	C:\Program Files\Java\jdk-17.0.2\bin\jli.dll
0x00007ffdea3d0000 - 0x00007ffdea47e000 	C:\Windows\System32\ADVAPI32.dll
0x00007ffdeb4f0000 - 0x00007ffdeb58e000 	C:\Windows\System32\msvcrt.dll
0x00007ffdeb6c0000 - 0x00007ffdeb75c000 	C:\Windows\System32\sechost.dll
0x00007ffdea490000 - 0x00007ffdea5b5000 	C:\Windows\System32\RPCRT4.dll
0x00007ffdea990000 - 0x00007ffdeab30000 	C:\Windows\System32\USER32.dll
0x00007ffdea090000 - 0x00007ffdea0b2000 	C:\Windows\System32\win32u.dll
0x00007ffdd7ce0000 - 0x00007ffdd7f7a000 	C:\Windows\WinSxS\amd64_microsoft.windows.common-controls_6595b64144ccf1df_6.0.19041.1110_none_60b5254171f9507e\COMCTL32.dll
0x00007ffdeb4a0000 - 0x00007ffdeb4cb000 	C:\Windows\System32\GDI32.dll
0x00007ffde99c0000 - 0x00007ffde9acb000 	C:\Windows\System32\gdi32full.dll
0x00007ffdea0c0000 - 0x00007ffdea15d000 	C:\Windows\System32\msvcp_win.dll
0x00007ffde01b0000 - 0x00007ffde01ba000 	C:\Windows\SYSTEM32\VERSION.dll
0x00007ffdeb120000 - 0x00007ffdeb150000 	C:\Windows\System32\IMM32.DLL
0x00007ffde5340000 - 0x00007ffde534c000 	C:\Program Files\Java\jdk-17.0.2\bin\vcruntime140_1.dll
0x00007ffdc8b40000 - 0x00007ffdc8bcd000 	C:\Program Files\Java\jdk-17.0.2\bin\msvcp140.dll
0x00007ffdb8390000 - 0x00007ffdb8f51000 	C:\Program Files\Java\jdk-17.0.2\bin\server\jvm.dll
0x00007ffdea980000 - 0x00007ffdea988000 	C:\Windows\System32\PSAPI.DLL
0x00007ffdc8e40000 - 0x00007ffdc8e49000 	C:\Windows\SYSTEM32\WSOCK32.dll
0x00007ffddfaf0000 - 0x00007ffddfb17000 	C:\Windows\SYSTEM32\WINMM.dll
0x00007ffdeb2f0000 - 0x00007ffdeb35b000 	C:\Windows\System32\WS2_32.dll
0x00007ffde7720000 - 0x00007ffde7732000 	C:\Windows\SYSTEM32\kernel.appcore.dll
0x00007ffde3950000 - 0x00007ffde395a000 	C:\Program Files\Java\jdk-17.0.2\bin\jimage.dll
0x00007ffdd1ab0000 - 0x00007ffdd1c94000 	C:\Windows\SYSTEM32\DBGHELP.DLL
0x00007ffdd3e30000 - 0x00007ffdd3e5c000 	C:\Windows\SYSTEM32\dbgcore.DLL
0x00007ffdea000000 - 0x00007ffdea082000 	C:\Windows\System32\bcryptPrimitives.dll
0x00007ffde5290000 - 0x00007ffde529e000 	C:\Program Files\Java\jdk-17.0.2\bin\instrument.dll
0x00007ffde0f90000 - 0x00007ffde0fb5000 	C:\Program Files\Java\jdk-17.0.2\bin\java.dll
0x00007ffde0600000 - 0x00007ffde063b000 	C:\Program Files\Java\jdk-17.0.2\bin\jdwp.dll
0x00007ffdbf8a0000 - 0x00007ffdbf976000 	C:\Program Files\Java\jdk-17.0.2\bin\jsvml.dll
0x00007ffdeb760000 - 0x00007ffdebea4000 	C:\Windows\System32\SHELL32.dll
0x00007ffde7920000 - 0x00007ffde80b4000 	C:\Windows\SYSTEM32\windows.storage.dll
0x00007ffdea620000 - 0x00007ffdea974000 	C:\Windows\System32\combase.dll
0x00007ffde92b0000 - 0x00007ffde92dc000 	C:\Windows\SYSTEM32\Wldp.dll
0x00007ffdebfc0000 - 0x00007ffdec06d000 	C:\Windows\System32\SHCORE.dll
0x00007ffdebf60000 - 0x00007ffdebfb5000 	C:\Windows\System32\shlwapi.dll
0x00007ffde9790000 - 0x00007ffde97af000 	C:\Windows\SYSTEM32\profapi.dll
0x00007ffde1200000 - 0x00007ffde1218000 	C:\Program Files\Java\jdk-17.0.2\bin\zip.dll
0x00007ffde35e0000 - 0x00007ffde35f9000 	C:\Program Files\Java\jdk-17.0.2\bin\net.dll
0x00007ffde01c0000 - 0x00007ffde02c9000 	C:\Windows\SYSTEM32\WINHTTP.dll
0x00007ffde8fc0000 - 0x00007ffde902a000 	C:\Windows\system32\mswsock.dll
0x00007ffde2d40000 - 0x00007ffde2d56000 	C:\Program Files\Java\jdk-17.0.2\bin\nio.dll
0x00007ffde3570000 - 0x00007ffde357c000 	C:\Program Files\Java\jdk-17.0.2\bin\dt_socket.dll
0x00007ffde8c70000 - 0x00007ffde8cab000 	C:\Windows\SYSTEM32\IPHLPAPI.DLL
0x00007ffde8cc0000 - 0x00007ffde8d8a000 	C:\Windows\SYSTEM32\DNSAPI.dll
0x00007ffdeb2e0000 - 0x00007ffdeb2e8000 	C:\Windows\System32\NSI.dll
0x00007ffdddc20000 - 0x00007ffdddc2a000 	C:\Windows\System32\rasadhlp.dll
0x00007ffddd920000 - 0x00007ffddd99f000 	C:\Windows\System32\fwpuclnt.dll
0x00007ffdea160000 - 0x00007ffdea187000 	C:\Windows\System32\bcrypt.dll
0x00007ffde1140000 - 0x00007ffde1150000 	C:\Program Files\Java\jdk-17.0.2\bin\verify.dll
0x00007ffde3000000 - 0x00007ffde3009000 	C:\Program Files\Java\jdk-17.0.2\bin\management.dll
0x00007ffde11f0000 - 0x00007ffde11fb000 	C:\Program Files\Java\jdk-17.0.2\bin\management_ext.dll
0x00007ffde9180000 - 0x00007ffde9198000 	C:\Windows\SYSTEM32\CRYPTSP.dll
0x00007ffde88e0000 - 0x00007ffde8914000 	C:\Windows\system32\rsaenh.dll
0x00007ffde9750000 - 0x00007ffde977e000 	C:\Windows\SYSTEM32\USERENV.dll
0x00007ffde9170000 - 0x00007ffde917c000 	C:\Windows\SYSTEM32\CRYPTBASE.dll
0x00007ffde05b0000 - 0x00007ffde05c7000 	C:\Windows\SYSTEM32\dhcpcsvc6.DLL
0x00007ffde02d0000 - 0x00007ffde02ed000 	C:\Windows\SYSTEM32\dhcpcsvc.DLL

dbghelp: loaded successfully - version: 4.0.5 - missing functions: none
symbol engine: initialized successfully - sym options: 0x614 - pdb path: .;C:\Program Files\Java\jdk-17.0.2\bin;C:\Windows\SYSTEM32;C:\Windows\WinSxS\amd64_microsoft.windows.common-controls_6595b64144ccf1df_6.0.19041.1110_none_60b5254171f9507e;C:\Program Files\Java\jdk-17.0.2\bin\server

VM Arguments:
jvm_args: -Dquarkus-internal.serialized-app-model.path=C:\Users\ANNA\IdeaProjects\quarkus-hibernate-orm-panache-entity\target\quarkus\bootstrap\dev-app-model.dat -javaagent:C:\Users\ANNA\.m2\repository\io\quarkus\quarkus-class-change-agent\2.7.5.Final\quarkus-class-change-agent-2.7.5.Final.jar -XX:TieredStopAtLevel=1 -agentlib:jdwp=transport=dt_socket,address=localhost:5005,server=y,suspend=n -Djava.util.logging.manager=org.jboss.logmanager.LogManager 
java_command: C:\Users\ANNA\IdeaProjects\quarkus-hibernate-orm-panache-entity\target\quarkus-hibernate-orm-panache-entity-dev.jar
java_class_path (initial): C:\Users\ANNA\IdeaProjects\quarkus-hibernate-orm-panache-entity\target\quarkus-hibernate-orm-panache-entity-dev.jar
Launcher Type: SUN_STANDARD

[Global flags]
     intx CICompilerCount                          = 3                                         {product} {ergonomic}
     uint ConcGCThreads                            = 1                                         {product} {ergonomic}
     uint G1ConcRefinementThreads                  = 4                                         {product} {ergonomic}
   size_t G1HeapRegionSize                         = 1048576                                   {product} {ergonomic}
    uintx GCDrainStackTargetSize                   = 64                                        {product} {ergonomic}
   size_t InitialHeapSize                          = 100663296                                 {product} {ergonomic}
   size_t MarkStackSize                            = 4194304                                   {product} {ergonomic}
   size_t MaxHeapSize                              = 1598029824                                {product} {ergonomic}
   size_t MaxNewSize                               = 958398464                                 {product} {ergonomic}
   size_t MinHeapDeltaBytes                        = 1048576                                   {product} {ergonomic}
   size_t MinHeapSize                              = 8388608                                   {product} {ergonomic}
    uintx NonProfiledCodeHeapSize                  = 0                                      {pd product} {ergonomic}
     bool ProfileInterpreter                       = false                                  {pd product} {command line}
    uintx ProfiledCodeHeapSize                     = 0                                      {pd product} {ergonomic}
   size_t SoftMaxHeapSize                          = 1598029824                             {manageable} {ergonomic}
     intx TieredStopAtLevel                        = 1                                         {product} {command line}
     bool UseCompressedClassPointers               = true                           {product lp64_product} {ergonomic}
     bool UseCompressedOops                        = true                           {product lp64_product} {ergonomic}
     bool UseG1GC                                  = true                                      {product} {ergonomic}
     bool UseLargePagesIndividualAllocation        = false                                  {pd product} {ergonomic}

Logging:
Log output configuration:
 #0: stdout all=warning uptime,level,tags
 #1: stderr all=off uptime,level,tags

Environment Variables:
JAVA_HOME=C:\Program Files\Java\jdk-17.0.2
PATH=D:\VMware\bin\;C:\Program Files\Common Files\Oracle\Java\javapath;C:\Windows\system32;C:\Windows;C:\Windows\System32\Wbem;C:\Windows\System32\WindowsPowerShell\v1.0\;C:\Windows\System32\OpenSSH\;D:\nodejs\;C:\Program Files\apache-maven-3.8.4\bin\;C:\Program Files\Java\jdk-17.0.2\bin;C:\Program Files\Apache Software Foundation\apache-maven-3.8.4\bin;D:\Git\cmd;C:\Program Files\Docker\Docker\resources\bin;C:\ProgramData\DockerDesktop\version-bin;C:\Users\ANNA\.jbang\bin;C:\Users\ANNA\AppData\Local\Microsoft\WindowsApps;D:\IntelliJ IDEA Community Edition 2021.2.2\bin;D:\PyCharm Community Edition 2021.2\bin;C:\Program Files\Java\jdk-17.0.2\bin;D:\Microsoft VS Code\bin;C:\Users\ANNA\AppData\Roaming\npm;C:\Program Files\Apache Software Foundation\apache-maven-3.8.4\bin;;D:\IntelliJ IDEA Community Edition 2021.3.2\bin;
USERNAME=ANNA
OS=Windows_NT
PROCESSOR_IDENTIFIER=AMD64 Family 23 Model 24 Stepping 1, AuthenticAMD



---------------  S Y S T E M  ---------------

OS:
 Windows 10 , 64 bit Build 19041 (10.0.19041.1566)
OS uptime: 0 days 0:39 hours
Hyper-V role detected

CPU: total 4 (initial active 4) (4 cores per cpu, 2 threads per core) family 23 model 24 stepping 1 microcode 0x0, cx8, cmov, fxsr, ht, mmx, 3dnowpref, sse, sse2, sse3, ssse3, sse4a, sse4.1, sse4.2, popcnt, lzcnt, tsc, tscinvbit, avx, avx2, aes, clmul, bmi1, bmi2, adx, sha, fma, vzeroupper, clflush, clflushopt, hv

Memory: 4k page, system-wide physical 6094M (263M free)
TotalPageFile size 10062M (AvailPageFile size 47M)
current process WorkingSet (physical memory assigned to process): 247M, peak: 247M
current process commit charge ("private bytes"): 307M, peak: 419M

vm_info: Java HotSpot(TM) 64-Bit Server VM (17.0.2+8-LTS-86) for windows-amd64 JRE (17.0.2+8-LTS-86), built on Dec  7 2021 21:51:03 by "mach5one" with MS VC++ 16.8 / 16.9 (VS2019)

END.
